{
    "timestamp": "2025-10-03 17:37:51",
    "jurd_id": 1,
    "insti_id": 1,
    "post_data": {
        "corgf_hashkey": "6f9e10989c6ccf2e88b23c5679b2fe5e",
        "avaliacoes": {
            "101": "5",
            "102": "5",
            "103": "5",
            "104": "5"
        },
        "avaliacoes_json": "{\"101\":\"5\",\"102\":\"5\",\"103\":\"5\",\"104\":\"5\"}"
    },
    "raw_post": {
        "corgf_hashkey": "6f9e10989c6ccf2e88b23c5679b2fe5e",
        "avaliacoes": {
            "101": "5",
            "102": "5",
            "103": "5",
            "104": "5"
        },
        "avaliacoes_json": "{\"101\":\"5\",\"102\":\"5\",\"103\":\"5\",\"104\":\"5\"}"
    },
    "method": "post",
    "url": "jurados\/ajaxform\/FINALIZAR-COREOGRAFIA"
}
--------------------------------------------------------------------------------
TENTANDO SALVAR AVALIACAO:
{
    "insti_id": 1,
    "jurd_id": 1,
    "corgf_id": 2,
    "notas": {
        "tecnica": 5,
        "coreografia": 5,
        "consistencia": 5,
        "adequacao": 5,
        "fidelidade": null
    },
    "total": 20,
    "status_avaliacao": "enviado",
    "data_hora": "2025-10-03 17:37:51"
}
AVALIACAO SALVA COM SUCESSO!
{
    "timestamp": "2025-10-03 17:40:01",
    "jurd_id": 1,
    "insti_id": 1,
    "post_data": {
        "corgf_hashkey": "6f9e10989c6ccf2e88b23c5679b2fe5e",
        "avaliacoes": {
            "101": "5",
            "102": "5",
            "103": "5",
            "104": "5"
        },
        "avaliacoes_json": "{\"101\":\"5\",\"102\":\"5\",\"103\":\"5\",\"104\":\"5\"}"
    },
    "raw_post": {
        "corgf_hashkey": "6f9e10989c6ccf2e88b23c5679b2fe5e",
        "avaliacoes": {
            "101": "5",
            "102": "5",
            "103": "5",
            "104": "5"
        },
        "avaliacoes_json": "{\"101\":\"5\",\"102\":\"5\",\"103\":\"5\",\"104\":\"5\"}"
    },
    "method": "post",
    "url": "jurados\/ajaxform\/FINALIZAR-COREOGRAFIA"
}
--------------------------------------------------------------------------------
TENTANDO SALVAR AVALIACAO:
{
    "insti_id": 1,
    "jurd_id": 1,
    "corgf_id": 2,
    "notas": {
        "tecnica": 5,
        "coreografia": 5,
        "consistencia": 5,
        "adequacao": 5,
        "fidelidade": null
    },
    "total": 20,
    "status_avaliacao": "enviado",
    "data_hora": "2025-10-03 17:40:01"
}
AVALIACAO SALVA COM SUCESSO!
RESPOSTA JSON: {"error_num":"0","error_msg":"Avalia\u00e7\u00e3o salva com sucesso","redirect_url":"http:\/\/localhost\/FestOn\/public\/index.php\/jurados\/index\/6f9e10989c6ccf2e88b23c5679b2fe5e"}
{
    "timestamp": "2025-10-03 17:48:45",
    "jurd_id": 1,
    "insti_id": 1,
    "post_data": {
        "corgf_hashkey": "917b1e70940fdbd6f1c769ca2fbfcb89",
        "avaliacoes": {
            "101": "5",
            "102": "5",
            "103": "5",
            "104": "5"
        },
        "avaliacoes_json": "{\"101\":\"5\",\"102\":\"5\",\"103\":\"5\",\"104\":\"5\"}"
    },
    "raw_post": {
        "corgf_hashkey": "917b1e70940fdbd6f1c769ca2fbfcb89",
        "avaliacoes": {
            "101": "5",
            "102": "5",
            "103": "5",
            "104": "5"
        },
        "avaliacoes_json": "{\"101\":\"5\",\"102\":\"5\",\"103\":\"5\",\"104\":\"5\"}"
    },
    "method": "post",
    "url": "jurados\/ajaxform\/FINALIZAR-COREOGRAFIA"
}
--------------------------------------------------------------------------------
TENTANDO SALVAR AVALIACAO:
{
    "insti_id": 1,
    "jurd_id": 1,
    "corgf_id": 3,
    "notas": {
        "tecnica": 5,
        "coreografia": 5,
        "consistencia": 5,
        "adequacao": 5,
        "fidelidade": null
    },
    "total": 20,
    "status_avaliacao": "enviado",
    "data_hora": "2025-10-03 17:48:45"
}
AVALIACAO SALVA COM SUCESSO!
RESPOSTA JSON: {"error_num":"0","error_msg":"Avalia\u00e7\u00e3o salva com sucesso","redirect_url":"http:\/\/localhost\/FestOn\/public\/index.php\/jurados\/index\/66ed5981323a2593af261f7a63cdda42"}
{
    "timestamp": "2025-10-03 17:49:24",
    "jurd_id": 1,
    "insti_id": 1,
    "post_data": {
        "corgf_hashkey": "6f9e10989c6ccf2e88b23c5679b2fe5e",
        "avaliacoes": {
            "101": "5",
            "102": "5",
            "103": "5",
            "104": "5"
        },
        "avaliacoes_json": "{\"101\":\"5\",\"102\":\"5\",\"103\":\"5\",\"104\":\"5\"}"
    },
    "raw_post": {
        "corgf_hashkey": "6f9e10989c6ccf2e88b23c5679b2fe5e",
        "avaliacoes": {
            "101": "5",
            "102": "5",
            "103": "5",
            "104": "5"
        },
        "avaliacoes_json": "{\"101\":\"5\",\"102\":\"5\",\"103\":\"5\",\"104\":\"5\"}"
    },
    "method": "post",
    "url": "jurados\/ajaxform\/FINALIZAR-COREOGRAFIA"
}
--------------------------------------------------------------------------------
TENTANDO SALVAR AVALIACAO:
{
    "insti_id": 1,
    "jurd_id": 1,
    "corgf_id": 2,
    "notas": {
        "tecnica": 5,
        "coreografia": 5,
        "consistencia": 5,
        "adequacao": 5,
        "fidelidade": null
    },
    "total": 20,
    "status_avaliacao": "enviado",
    "data_hora": "2025-10-03 17:49:24"
}
AVALIACAO SALVA COM SUCESSO!
RESPOSTA JSON: {"error_num":"0","error_msg":"Avalia\u00e7\u00e3o salva com sucesso","redirect_url":"http:\/\/localhost\/FestOn\/public\/index.php\/jurados\/index\/917b1e70940fdbd6f1c769ca2fbfcb89"}
{
    "timestamp": "2025-10-03 17:49:32",
    "jurd_id": 1,
    "insti_id": 1,
    "post_data": {
        "corgf_hashkey": "917b1e70940fdbd6f1c769ca2fbfcb89",
        "avaliacoes": {
            "101": "5",
            "102": "5",
            "103": "5",
            "104": "5"
        },
        "avaliacoes_json": "{\"101\":\"5\",\"102\":\"5\",\"103\":\"5\",\"104\":\"5\"}"
    },
    "raw_post": {
        "corgf_hashkey": "917b1e70940fdbd6f1c769ca2fbfcb89",
        "avaliacoes": {
            "101": "5",
            "102": "5",
            "103": "5",
            "104": "5"
        },
        "avaliacoes_json": "{\"101\":\"5\",\"102\":\"5\",\"103\":\"5\",\"104\":\"5\"}"
    },
    "method": "post",
    "url": "jurados\/ajaxform\/FINALIZAR-COREOGRAFIA"
}
--------------------------------------------------------------------------------
TENTANDO SALVAR AVALIACAO:
{
    "insti_id": 1,
    "jurd_id": 1,
    "corgf_id": 3,
    "notas": {
        "tecnica": 5,
        "coreografia": 5,
        "consistencia": 5,
        "adequacao": 5,
        "fidelidade": null
    },
    "total": 20,
    "status_avaliacao": "enviado",
    "data_hora": "2025-10-03 17:49:32"
}
AVALIACAO SALVA COM SUCESSO!
RESPOSTA JSON: {"error_num":"0","error_msg":"Avalia\u00e7\u00e3o salva com sucesso","redirect_url":"http:\/\/localhost\/FestOn\/public\/index.php\/jurados\/index\/66ed5981323a2593af261f7a63cdda42"}
{
    "timestamp": "2025-10-03 17:56:05",
    "jurd_id": 1,
    "insti_id": 1,
    "post_data": {
        "corgf_hashkey": "524d44c7b71e3c43bfa7fa867e972956",
        "avaliacoes": {
            "101": "9.9",
            "102": "9.5",
            "103": "1.3",
            "104": "1"
        },
        "avaliacoes_json": "{\"101\":\"9.9\",\"102\":\"9.5\",\"103\":\"1.3\",\"104\":\"1\"}"
    },
    "raw_post": {
        "corgf_hashkey": "524d44c7b71e3c43bfa7fa867e972956",
        "avaliacoes": {
            "101": "9.9",
            "102": "9.5",
            "103": "1.3",
            "104": "1"
        },
        "avaliacoes_json": "{\"101\":\"9.9\",\"102\":\"9.5\",\"103\":\"1.3\",\"104\":\"1\"}"
    },
    "method": "post",
    "url": "jurados\/ajaxform\/FINALIZAR-COREOGRAFIA"
}
--------------------------------------------------------------------------------
TENTANDO SALVAR AVALIACAO:
{
    "insti_id": 1,
    "jurd_id": 1,
    "corgf_id": 5,
    "notas": {
        "tecnica": 9.9,
        "coreografia": 9.5,
        "consistencia": 1.3,
        "adequacao": 1,
        "fidelidade": null
    },
    "total": 21.7,
    "status_avaliacao": "enviado",
    "data_hora": "2025-10-03 17:56:05"
}
AVALIACAO SALVA COM SUCESSO!
RESPOSTA JSON: {"error_num":"0","error_msg":"Avalia\u00e7\u00e3o salva com sucesso","redirect_url":"http:\/\/localhost\/FestOn\/public\/index.php\/jurados\/index\/66ed5981323a2593af261f7a63cdda42"}
{
    "timestamp": "2025-10-03 18:00:07",
    "jurd_id": 1,
    "insti_id": 1,
    "post_data": {
        "corgf_hashkey": "66ed5981323a2593af261f7a63cdda42",
        "grupo_completo": "true",
        "todas_avaliacoes": "{\"66ed5981323a2593af261f7a63cdda42\":{\"101\":\"5\",\"102\":\"10\",\"103\":\"9.9\",\"104\":\"10\"},\"524d44c7b71e3c43bfa7fa867e972956\":{\"101\":\"9.9\",\"102\":\"9.5\",\"103\":\"1.3\",\"104\":\"1\"}}",
        "avaliacoes": {
            "101": "5",
            "102": "10",
            "103": "9.9",
            "104": "10"
        },
        "avaliacoes_json": "{\"101\":\"5\",\"102\":\"10\",\"103\":\"9.9\",\"104\":\"10\"}"
    },
    "raw_post": {
        "corgf_hashkey": "66ed5981323a2593af261f7a63cdda42",
        "grupo_completo": "true",
        "todas_avaliacoes": "{\"66ed5981323a2593af261f7a63cdda42\":{\"101\":\"5\",\"102\":\"10\",\"103\":\"9.9\",\"104\":\"10\"},\"524d44c7b71e3c43bfa7fa867e972956\":{\"101\":\"9.9\",\"102\":\"9.5\",\"103\":\"1.3\",\"104\":\"1\"}}",
        "avaliacoes": {
            "101": "5",
            "102": "10",
            "103": "9.9",
            "104": "10"
        },
        "avaliacoes_json": "{\"101\":\"5\",\"102\":\"10\",\"103\":\"9.9\",\"104\":\"10\"}"
    },
    "method": "post",
    "url": "jurados\/ajaxform\/FINALIZAR-COREOGRAFIA"
}
--------------------------------------------------------------------------------
PROCESSANDO GRUPO COMPLETO - 2 coreografias
SALVA: LUA DE CRISTAL (ID: 4)
SALVA: MEU AMOR NA SOTREQ (ID: 5)
GRUPO COMPLETO SALVO: 2 coreografias
RESPOSTA JSON: {"error_num":"0","error_msg":"Grupo completo salvo com sucesso! (2 coreografias)","redirect_url":"http:\/\/localhost\/FestOn\/public\/index.php\/jurados\/index\/6f9e10989c6ccf2e88b23c5679b2fe5e"}
{
    "timestamp": "2025-10-03 18:00:20",
    "jurd_id": 1,
    "insti_id": 1,
    "post_data": {
        "corgf_hashkey": "b4cff9d9e53163377b5f5d1ee1ef03df",
        "grupo_completo": "true",
        "todas_avaliacoes": "{\"6f9e10989c6ccf2e88b23c5679b2fe5e\":{\"101\":\"5\",\"102\":\"5\",\"103\":\"5\",\"104\":\"5\"},\"917b1e70940fdbd6f1c769ca2fbfcb89\":{\"101\":\"5\",\"102\":\"5\",\"103\":\"5\",\"104\":\"5\"},\"b4cff9d9e53163377b5f5d1ee1ef03df\":{\"101\":\"5\",\"102\":\"5\",\"103\":\"5\",\"104\":\"5\"}}",
        "avaliacoes": {
            "101": "5",
            "102": "5",
            "103": "5",
            "104": "5"
        },
        "avaliacoes_json": "{\"101\":\"5\",\"102\":\"5\",\"103\":\"5\",\"104\":\"5\"}"
    },
    "raw_post": {
        "corgf_hashkey": "b4cff9d9e53163377b5f5d1ee1ef03df",
        "grupo_completo": "true",
        "todas_avaliacoes": "{\"6f9e10989c6ccf2e88b23c5679b2fe5e\":{\"101\":\"5\",\"102\":\"5\",\"103\":\"5\",\"104\":\"5\"},\"917b1e70940fdbd6f1c769ca2fbfcb89\":{\"101\":\"5\",\"102\":\"5\",\"103\":\"5\",\"104\":\"5\"},\"b4cff9d9e53163377b5f5d1ee1ef03df\":{\"101\":\"5\",\"102\":\"5\",\"103\":\"5\",\"104\":\"5\"}}",
        "avaliacoes": {
            "101": "5",
            "102": "5",
            "103": "5",
            "104": "5"
        },
        "avaliacoes_json": "{\"101\":\"5\",\"102\":\"5\",\"103\":\"5\",\"104\":\"5\"}"
    },
    "method": "post",
    "url": "jurados\/ajaxform\/FINALIZAR-COREOGRAFIA"
}
--------------------------------------------------------------------------------
PROCESSANDO GRUPO COMPLETO - 3 coreografias
SALVA: LUA DE CRISTAL (ID: 2)
SALVA: TESTE 2025 (ID: 3)
SALVA: Ahsgfa (ID: 16)
GRUPO COMPLETO SALVO: 3 coreografias
RESPOSTA JSON: {"error_num":"0","error_msg":"Grupo completo salvo com sucesso! (3 coreografias)","redirect_url":"http:\/\/localhost\/FestOn\/public\/index.php\/jurados\/index\/728be09add8dca55929d3bb317673d8c"}
