CRITICAL - 2025-10-02 09:11:35 --> file_get_contents(D:\xampp\htdocs\bxteste\writable\uploads/instituicoes/nome-da-instituicao/eventos/danca-carajas-festival/grupos/maycongroup/logomarca_1759337582_3cbc1497cc7aabfaf6f0.jpeg): Failed to open stream: No such file or directory
in APPPATH\Controllers\Renderimage.php on line 144.
 1 [internal function]: CodeIgniter\Debug\Exceptions->errorHandler(2, 'file_get_contents(D:\\xampp\\htdocs\\bxteste\\writable\\uploads/instituicoes/nome-da-instituicao/eventos/danca-carajas-festival/grupos/maycongroup/logomarca_1759337582_3cbc1497cc7aabfaf6f0.jpeg): Failed to open stream: No such file or directory', 'D:\\xampp\\htdocs\\bxteste\\app\\Controllers\\Renderimage.php', 144)
 2 APPPATH\Controllers\Renderimage.php(144): file_get_contents('D:\\xampp\\htdocs\\bxteste\\writable\\uploads/instituicoes/nome-da-instituicao/eventos/danca-carajas-festival/grupos/maycongroup/logomarca_1759337582_3cbc1497cc7aabfaf6f0.jpeg')
 3 SYSTEMPATH\CodeIgniter.php(934): App\Controllers\Renderimage->view_grupos('07a3f95dda0766b6b8eedfc5235da35b', 'logomarca_1759337582_3cbc1497cc7aabfaf6f0.jpeg')
 4 SYSTEMPATH\CodeIgniter.php(499): CodeIgniter\CodeIgniter->runController(Object(App\Controllers\Renderimage))
 5 SYSTEMPATH\CodeIgniter.php(368): CodeIgniter\CodeIgniter->handleRequest(null, Object(Config\Cache), false)
 6 FCPATH\index.php(67): CodeIgniter\CodeIgniter->run()
CRITICAL - 2025-10-02 09:11:35 --> file_get_contents(D:\xampp\htdocs\bxteste\writable\uploads/instituicoes/nome-da-instituicao/eventos/danca-carajas-festival/grupos/teste-final-valanedo/logomarca_1759090794_a6aed01c8b62fc4838c8.png): Failed to open stream: No such file or directory
in APPPATH\Controllers\Renderimage.php on line 144.
 1 [internal function]: CodeIgniter\Debug\Exceptions->errorHandler(2, 'file_get_contents(D:\\xampp\\htdocs\\bxteste\\writable\\uploads/instituicoes/nome-da-instituicao/eventos/danca-carajas-festival/grupos/teste-final-valanedo/logomarca_1759090794_a6aed01c8b62fc4838c8.png): Failed to open stream: No such file or directory', 'D:\\xampp\\htdocs\\bxteste\\app\\Controllers\\Renderimage.php', 144)
 2 APPPATH\Controllers\Renderimage.php(144): file_get_contents('D:\\xampp\\htdocs\\bxteste\\writable\\uploads/instituicoes/nome-da-instituicao/eventos/danca-carajas-festival/grupos/teste-final-valanedo/logomarca_1759090794_a6aed01c8b62fc4838c8.png')
 3 SYSTEMPATH\CodeIgniter.php(934): App\Controllers\Renderimage->view_grupos('2361de0c96e15d2bb251880297a40790', 'logomarca_1759090794_a6aed01c8b62fc4838c8.png')
 4 SYSTEMPATH\CodeIgniter.php(499): CodeIgniter\CodeIgniter->runController(Object(App\Controllers\Renderimage))
 5 SYSTEMPATH\CodeIgniter.php(368): CodeIgniter\CodeIgniter->handleRequest(null, Object(Config\Cache), false)
 6 FCPATH\index.php(67): CodeIgniter\CodeIgniter->run()
CRITICAL - 2025-10-02 09:11:35 --> file_get_contents(D:\xampp\htdocs\bxteste\writable\uploads/instituicoes/nome-da-instituicao/eventos/danca-carajas-festival/grupos/explicacao-asnor/logomarca_1759270538_f90b73e503de3cc89a38.jpeg): Failed to open stream: No such file or directory
in APPPATH\Controllers\Renderimage.php on line 144.
 1 [internal function]: CodeIgniter\Debug\Exceptions->errorHandler(2, 'file_get_contents(D:\\xampp\\htdocs\\bxteste\\writable\\uploads/instituicoes/nome-da-instituicao/eventos/danca-carajas-festival/grupos/explicacao-asnor/logomarca_1759270538_f90b73e503de3cc89a38.jpeg): Failed to open stream: No such file or directory', 'D:\\xampp\\htdocs\\bxteste\\app\\Controllers\\Renderimage.php', 144)
 2 APPPATH\Controllers\Renderimage.php(144): file_get_contents('D:\\xampp\\htdocs\\bxteste\\writable\\uploads/instituicoes/nome-da-instituicao/eventos/danca-carajas-festival/grupos/explicacao-asnor/logomarca_1759270538_f90b73e503de3cc89a38.jpeg')
 3 SYSTEMPATH\CodeIgniter.php(934): App\Controllers\Renderimage->view_grupos('71512331d32edb09a0eaae9f819c0931', 'logomarca_1759270538_f90b73e503de3cc89a38.jpeg')
 4 SYSTEMPATH\CodeIgniter.php(499): CodeIgniter\CodeIgniter->runController(Object(App\Controllers\Renderimage))
 5 SYSTEMPATH\CodeIgniter.php(368): CodeIgniter\CodeIgniter->handleRequest(null, Object(Config\Cache), false)
 6 FCPATH\index.php(67): CodeIgniter\CodeIgniter->run()
CRITICAL - 2025-10-02 09:11:35 --> file_get_contents(D:\xampp\htdocs\bxteste\writable\uploads/instituicoes/nome-da-instituicao/eventos/danca-carajas-festival/grupos/teste-email/logomarca_1759365394_0f1128d5a96722afb120.jpeg): Failed to open stream: No such file or directory
in APPPATH\Controllers\Renderimage.php on line 144.
 1 [internal function]: CodeIgniter\Debug\Exceptions->errorHandler(2, 'file_get_contents(D:\\xampp\\htdocs\\bxteste\\writable\\uploads/instituicoes/nome-da-instituicao/eventos/danca-carajas-festival/grupos/teste-email/logomarca_1759365394_0f1128d5a96722afb120.jpeg): Failed to open stream: No such file or directory', 'D:\\xampp\\htdocs\\bxteste\\app\\Controllers\\Renderimage.php', 144)
 2 APPPATH\Controllers\Renderimage.php(144): file_get_contents('D:\\xampp\\htdocs\\bxteste\\writable\\uploads/instituicoes/nome-da-instituicao/eventos/danca-carajas-festival/grupos/teste-email/logomarca_1759365394_0f1128d5a96722afb120.jpeg')
 3 SYSTEMPATH\CodeIgniter.php(934): App\Controllers\Renderimage->view_grupos('414fb2854e7168d4182d9f9d2f8b24f5', 'logomarca_1759365394_0f1128d5a96722afb120.jpeg')
 4 SYSTEMPATH\CodeIgniter.php(499): CodeIgniter\CodeIgniter->runController(Object(App\Controllers\Renderimage))
 5 SYSTEMPATH\CodeIgniter.php(368): CodeIgniter\CodeIgniter->handleRequest(null, Object(Config\Cache), false)
 6 FCPATH\index.php(67): CodeIgniter\CodeIgniter->run()
CRITICAL - 2025-10-02 09:50:09 --> Undefined variable $participantes_all
in APPPATH\Controllers\Inscricoes.php on line 5964.
 1 APPPATH\Controllers\Inscricoes.php(5964): CodeIgniter\Debug\Exceptions->errorHandler(2, 'Undefined variable $participantes_all', 'D:\\xampp\\htdocs\\bxteste\\app\\Controllers\\Inscricoes.php', 5964)
 2 SYSTEMPATH\CodeIgniter.php(934): App\Controllers\Inscricoes->ajaxform('LIST-PARTICIPANTE-POR-CATEG')
 3 SYSTEMPATH\CodeIgniter.php(499): CodeIgniter\CodeIgniter->runController(Object(App\Controllers\Inscricoes))
 4 SYSTEMPATH\CodeIgniter.php(368): CodeIgniter\CodeIgniter->handleRequest(null, Object(Config\Cache), false)
 5 FCPATH\index.php(67): CodeIgniter\CodeIgniter->run()
CRITICAL - 2025-10-02 09:50:43 --> Undefined variable $participantes_all
in APPPATH\Controllers\Inscricoes.php on line 5964.
 1 APPPATH\Controllers\Inscricoes.php(5964): CodeIgniter\Debug\Exceptions->errorHandler(2, 'Undefined variable $participantes_all', 'D:\\xampp\\htdocs\\bxteste\\app\\Controllers\\Inscricoes.php', 5964)
 2 SYSTEMPATH\CodeIgniter.php(934): App\Controllers\Inscricoes->ajaxform('LIST-PARTICIPANTE-POR-CATEG')
 3 SYSTEMPATH\CodeIgniter.php(499): CodeIgniter\CodeIgniter->runController(Object(App\Controllers\Inscricoes))
 4 SYSTEMPATH\CodeIgniter.php(368): CodeIgniter\CodeIgniter->handleRequest(null, Object(Config\Cache), false)
 5 FCPATH\index.php(67): CodeIgniter\CodeIgniter->run()
CRITICAL - 2025-10-02 09:51:31 --> file_get_contents(D:\xampp\htdocs\bxteste\writable\uploads/instituicoes/nome-da-instituicao/eventos/danca-carajas-festival/grupos/teste-final-valanedo/logomarca_1759090794_a6aed01c8b62fc4838c8.png): Failed to open stream: No such file or directory
in APPPATH\Controllers\Renderimage.php on line 144.
 1 [internal function]: CodeIgniter\Debug\Exceptions->errorHandler(2, 'file_get_contents(D:\\xampp\\htdocs\\bxteste\\writable\\uploads/instituicoes/nome-da-instituicao/eventos/danca-carajas-festival/grupos/teste-final-valanedo/logomarca_1759090794_a6aed01c8b62fc4838c8.png): Failed to open stream: No such file or directory', 'D:\\xampp\\htdocs\\bxteste\\app\\Controllers\\Renderimage.php', 144)
 2 APPPATH\Controllers\Renderimage.php(144): file_get_contents('D:\\xampp\\htdocs\\bxteste\\writable\\uploads/instituicoes/nome-da-instituicao/eventos/danca-carajas-festival/grupos/teste-final-valanedo/logomarca_1759090794_a6aed01c8b62fc4838c8.png')
 3 SYSTEMPATH\CodeIgniter.php(934): App\Controllers\Renderimage->view_grupos('2361de0c96e15d2bb251880297a40790', 'logomarca_1759090794_a6aed01c8b62fc4838c8.png')
 4 SYSTEMPATH\CodeIgniter.php(499): CodeIgniter\CodeIgniter->runController(Object(App\Controllers\Renderimage))
 5 SYSTEMPATH\CodeIgniter.php(368): CodeIgniter\CodeIgniter->handleRequest(null, Object(Config\Cache), false)
 6 FCPATH\index.php(67): CodeIgniter\CodeIgniter->run()
CRITICAL - 2025-10-02 09:51:31 --> file_get_contents(D:\xampp\htdocs\bxteste\writable\uploads/instituicoes/nome-da-instituicao/eventos/danca-carajas-festival/grupos/explicacao-asnor/logomarca_1759270538_f90b73e503de3cc89a38.jpeg): Failed to open stream: No such file or directory
in APPPATH\Controllers\Renderimage.php on line 144.
 1 [internal function]: CodeIgniter\Debug\Exceptions->errorHandler(2, 'file_get_contents(D:\\xampp\\htdocs\\bxteste\\writable\\uploads/instituicoes/nome-da-instituicao/eventos/danca-carajas-festival/grupos/explicacao-asnor/logomarca_1759270538_f90b73e503de3cc89a38.jpeg): Failed to open stream: No such file or directory', 'D:\\xampp\\htdocs\\bxteste\\app\\Controllers\\Renderimage.php', 144)
 2 APPPATH\Controllers\Renderimage.php(144): file_get_contents('D:\\xampp\\htdocs\\bxteste\\writable\\uploads/instituicoes/nome-da-instituicao/eventos/danca-carajas-festival/grupos/explicacao-asnor/logomarca_1759270538_f90b73e503de3cc89a38.jpeg')
 3 SYSTEMPATH\CodeIgniter.php(934): App\Controllers\Renderimage->view_grupos('71512331d32edb09a0eaae9f819c0931', 'logomarca_1759270538_f90b73e503de3cc89a38.jpeg')
 4 SYSTEMPATH\CodeIgniter.php(499): CodeIgniter\CodeIgniter->runController(Object(App\Controllers\Renderimage))
 5 SYSTEMPATH\CodeIgniter.php(368): CodeIgniter\CodeIgniter->handleRequest(null, Object(Config\Cache), false)
 6 FCPATH\index.php(67): CodeIgniter\CodeIgniter->run()
CRITICAL - 2025-10-02 09:51:31 --> file_get_contents(D:\xampp\htdocs\bxteste\writable\uploads/instituicoes/nome-da-instituicao/eventos/danca-carajas-festival/grupos/maycongroup/logomarca_1759337582_3cbc1497cc7aabfaf6f0.jpeg): Failed to open stream: No such file or directory
in APPPATH\Controllers\Renderimage.php on line 144.
 1 [internal function]: CodeIgniter\Debug\Exceptions->errorHandler(2, 'file_get_contents(D:\\xampp\\htdocs\\bxteste\\writable\\uploads/instituicoes/nome-da-instituicao/eventos/danca-carajas-festival/grupos/maycongroup/logomarca_1759337582_3cbc1497cc7aabfaf6f0.jpeg): Failed to open stream: No such file or directory', 'D:\\xampp\\htdocs\\bxteste\\app\\Controllers\\Renderimage.php', 144)
 2 APPPATH\Controllers\Renderimage.php(144): file_get_contents('D:\\xampp\\htdocs\\bxteste\\writable\\uploads/instituicoes/nome-da-instituicao/eventos/danca-carajas-festival/grupos/maycongroup/logomarca_1759337582_3cbc1497cc7aabfaf6f0.jpeg')
 3 SYSTEMPATH\CodeIgniter.php(934): App\Controllers\Renderimage->view_grupos('07a3f95dda0766b6b8eedfc5235da35b', 'logomarca_1759337582_3cbc1497cc7aabfaf6f0.jpeg')
 4 SYSTEMPATH\CodeIgniter.php(499): CodeIgniter\CodeIgniter->runController(Object(App\Controllers\Renderimage))
 5 SYSTEMPATH\CodeIgniter.php(368): CodeIgniter\CodeIgniter->handleRequest(null, Object(Config\Cache), false)
 6 FCPATH\index.php(67): CodeIgniter\CodeIgniter->run()
CRITICAL - 2025-10-02 09:51:31 --> file_get_contents(D:\xampp\htdocs\bxteste\writable\uploads/instituicoes/nome-da-instituicao/eventos/danca-carajas-festival/grupos/teste-email/logomarca_1759365394_0f1128d5a96722afb120.jpeg): Failed to open stream: No such file or directory
in APPPATH\Controllers\Renderimage.php on line 144.
 1 [internal function]: CodeIgniter\Debug\Exceptions->errorHandler(2, 'file_get_contents(D:\\xampp\\htdocs\\bxteste\\writable\\uploads/instituicoes/nome-da-instituicao/eventos/danca-carajas-festival/grupos/teste-email/logomarca_1759365394_0f1128d5a96722afb120.jpeg): Failed to open stream: No such file or directory', 'D:\\xampp\\htdocs\\bxteste\\app\\Controllers\\Renderimage.php', 144)
 2 APPPATH\Controllers\Renderimage.php(144): file_get_contents('D:\\xampp\\htdocs\\bxteste\\writable\\uploads/instituicoes/nome-da-instituicao/eventos/danca-carajas-festival/grupos/teste-email/logomarca_1759365394_0f1128d5a96722afb120.jpeg')
 3 SYSTEMPATH\CodeIgniter.php(934): App\Controllers\Renderimage->view_grupos('414fb2854e7168d4182d9f9d2f8b24f5', 'logomarca_1759365394_0f1128d5a96722afb120.jpeg')
 4 SYSTEMPATH\CodeIgniter.php(499): CodeIgniter\CodeIgniter->runController(Object(App\Controllers\Renderimage))
 5 SYSTEMPATH\CodeIgniter.php(368): CodeIgniter\CodeIgniter->handleRequest(null, Object(Config\Cache), false)
 6 FCPATH\index.php(67): CodeIgniter\CodeIgniter->run()
CRITICAL - 2025-10-02 09:51:42 --> Undefined variable $participantes_all
in APPPATH\Controllers\Inscricoes.php on line 5964.
 1 APPPATH\Controllers\Inscricoes.php(5964): CodeIgniter\Debug\Exceptions->errorHandler(2, 'Undefined variable $participantes_all', 'D:\\xampp\\htdocs\\bxteste\\app\\Controllers\\Inscricoes.php', 5964)
 2 SYSTEMPATH\CodeIgniter.php(934): App\Controllers\Inscricoes->ajaxform('LIST-PARTICIPANTE-POR-CATEG')
 3 SYSTEMPATH\CodeIgniter.php(499): CodeIgniter\CodeIgniter->runController(Object(App\Controllers\Inscricoes))
 4 SYSTEMPATH\CodeIgniter.php(368): CodeIgniter\CodeIgniter->handleRequest(null, Object(Config\Cache), false)
 5 FCPATH\index.php(67): CodeIgniter\CodeIgniter->run()
CRITICAL - 2025-10-02 09:53:31 --> Undefined variable $participantes_all
in APPPATH\Controllers\Inscricoes.php on line 5964.
 1 APPPATH\Controllers\Inscricoes.php(5964): CodeIgniter\Debug\Exceptions->errorHandler(2, 'Undefined variable $participantes_all', 'D:\\xampp\\htdocs\\bxteste\\app\\Controllers\\Inscricoes.php', 5964)
 2 SYSTEMPATH\CodeIgniter.php(934): App\Controllers\Inscricoes->ajaxform('LIST-PARTICIPANTE-POR-CATEG')
 3 SYSTEMPATH\CodeIgniter.php(499): CodeIgniter\CodeIgniter->runController(Object(App\Controllers\Inscricoes))
 4 SYSTEMPATH\CodeIgniter.php(368): CodeIgniter\CodeIgniter->handleRequest(null, Object(Config\Cache), false)
 5 FCPATH\index.php(67): CodeIgniter\CodeIgniter->run()
CRITICAL - 2025-10-02 09:54:29 --> Undefined variable $participantes_all
in APPPATH\Controllers\Inscricoes.php on line 5964.
 1 APPPATH\Controllers\Inscricoes.php(5964): CodeIgniter\Debug\Exceptions->errorHandler(2, 'Undefined variable $participantes_all', 'D:\\xampp\\htdocs\\bxteste\\app\\Controllers\\Inscricoes.php', 5964)
 2 SYSTEMPATH\CodeIgniter.php(934): App\Controllers\Inscricoes->ajaxform('LIST-PARTICIPANTE-POR-CATEG')
 3 SYSTEMPATH\CodeIgniter.php(499): CodeIgniter\CodeIgniter->runController(Object(App\Controllers\Inscricoes))
 4 SYSTEMPATH\CodeIgniter.php(368): CodeIgniter\CodeIgniter->handleRequest(null, Object(Config\Cache), false)
 5 FCPATH\index.php(67): CodeIgniter\CodeIgniter->run()
CRITICAL - 2025-10-02 09:57:22 --> Undefined variable $participantes_all
in APPPATH\Controllers\Inscricoes.php on line 5964.
 1 APPPATH\Controllers\Inscricoes.php(5964): CodeIgniter\Debug\Exceptions->errorHandler(2, 'Undefined variable $participantes_all', 'D:\\xampp\\htdocs\\bxteste\\app\\Controllers\\Inscricoes.php', 5964)
 2 SYSTEMPATH\CodeIgniter.php(934): App\Controllers\Inscricoes->ajaxform('LIST-PARTICIPANTE-POR-CATEG')
 3 SYSTEMPATH\CodeIgniter.php(499): CodeIgniter\CodeIgniter->runController(Object(App\Controllers\Inscricoes))
 4 SYSTEMPATH\CodeIgniter.php(368): CodeIgniter\CodeIgniter->handleRequest(null, Object(Config\Cache), false)
 5 FCPATH\index.php(67): CodeIgniter\CodeIgniter->run()
CRITICAL - 2025-10-02 09:57:34 --> Undefined variable $participantes_all
in APPPATH\Controllers\Inscricoes.php on line 5964.
 1 APPPATH\Controllers\Inscricoes.php(5964): CodeIgniter\Debug\Exceptions->errorHandler(2, 'Undefined variable $participantes_all', 'D:\\xampp\\htdocs\\bxteste\\app\\Controllers\\Inscricoes.php', 5964)
 2 SYSTEMPATH\CodeIgniter.php(934): App\Controllers\Inscricoes->ajaxform('LIST-PARTICIPANTE-POR-CATEG')
 3 SYSTEMPATH\CodeIgniter.php(499): CodeIgniter\CodeIgniter->runController(Object(App\Controllers\Inscricoes))
 4 SYSTEMPATH\CodeIgniter.php(368): CodeIgniter\CodeIgniter->handleRequest(null, Object(Config\Cache), false)
 5 FCPATH\index.php(67): CodeIgniter\CodeIgniter->run()
CRITICAL - 2025-10-02 10:00:56 --> Undefined variable $participantes_all
in APPPATH\Controllers\Inscricoes.php on line 5964.
 1 APPPATH\Controllers\Inscricoes.php(5964): CodeIgniter\Debug\Exceptions->errorHandler(2, 'Undefined variable $participantes_all', 'D:\\xampp\\htdocs\\bxteste\\app\\Controllers\\Inscricoes.php', 5964)
 2 SYSTEMPATH\CodeIgniter.php(934): App\Controllers\Inscricoes->ajaxform('LIST-PARTICIPANTE-POR-CATEG')
 3 SYSTEMPATH\CodeIgniter.php(499): CodeIgniter\CodeIgniter->runController(Object(App\Controllers\Inscricoes))
 4 SYSTEMPATH\CodeIgniter.php(368): CodeIgniter\CodeIgniter->handleRequest(null, Object(Config\Cache), false)
 5 FCPATH\index.php(67): CodeIgniter\CodeIgniter->run()
CRITICAL - 2025-10-02 10:01:03 --> Undefined variable $participantes_all
in APPPATH\Controllers\Inscricoes.php on line 5964.
 1 APPPATH\Controllers\Inscricoes.php(5964): CodeIgniter\Debug\Exceptions->errorHandler(2, 'Undefined variable $participantes_all', 'D:\\xampp\\htdocs\\bxteste\\app\\Controllers\\Inscricoes.php', 5964)
 2 SYSTEMPATH\CodeIgniter.php(934): App\Controllers\Inscricoes->ajaxform('LIST-PARTICIPANTE-POR-CATEG')
 3 SYSTEMPATH\CodeIgniter.php(499): CodeIgniter\CodeIgniter->runController(Object(App\Controllers\Inscricoes))
 4 SYSTEMPATH\CodeIgniter.php(368): CodeIgniter\CodeIgniter->handleRequest(null, Object(Config\Cache), false)
 5 FCPATH\index.php(67): CodeIgniter\CodeIgniter->run()
CRITICAL - 2025-10-02 10:01:10 --> Undefined variable $participantes_all
in APPPATH\Controllers\Inscricoes.php on line 5964.
 1 APPPATH\Controllers\Inscricoes.php(5964): CodeIgniter\Debug\Exceptions->errorHandler(2, 'Undefined variable $participantes_all', 'D:\\xampp\\htdocs\\bxteste\\app\\Controllers\\Inscricoes.php', 5964)
 2 SYSTEMPATH\CodeIgniter.php(934): App\Controllers\Inscricoes->ajaxform('LIST-PARTICIPANTE-POR-CATEG')
 3 SYSTEMPATH\CodeIgniter.php(499): CodeIgniter\CodeIgniter->runController(Object(App\Controllers\Inscricoes))
 4 SYSTEMPATH\CodeIgniter.php(368): CodeIgniter\CodeIgniter->handleRequest(null, Object(Config\Cache), false)
 5 FCPATH\index.php(67): CodeIgniter\CodeIgniter->run()
CRITICAL - 2025-10-02 10:03:00 --> Undefined variable $participantes_all
in APPPATH\Controllers\Inscricoes.php on line 5964.
 1 APPPATH\Controllers\Inscricoes.php(5964): CodeIgniter\Debug\Exceptions->errorHandler(2, 'Undefined variable $participantes_all', 'D:\\xampp\\htdocs\\bxteste\\app\\Controllers\\Inscricoes.php', 5964)
 2 SYSTEMPATH\CodeIgniter.php(934): App\Controllers\Inscricoes->ajaxform('LIST-PARTICIPANTE-POR-CATEG')
 3 SYSTEMPATH\CodeIgniter.php(499): CodeIgniter\CodeIgniter->runController(Object(App\Controllers\Inscricoes))
 4 SYSTEMPATH\CodeIgniter.php(368): CodeIgniter\CodeIgniter->handleRequest(null, Object(Config\Cache), false)
 5 FCPATH\index.php(67): CodeIgniter\CodeIgniter->run()
CRITICAL - 2025-10-02 13:32:45 --> file_get_contents(C:\xampp\htdocs\FestOn\writable\uploads/instituicoes/nome-da-instituicao/eventos/danca-carajas-festival/grupos/grupo-de-danca/logomarca_1759249887_c40c579d553e1c2e2854.gif): Failed to open stream: No such file or directory
in APPPATH\Controllers\Renderimage.php on line 144.
 1 [internal function]: CodeIgniter\Debug\Exceptions->errorHandler(2, 'file_get_contents(C:\\xampp\\htdocs\\FestOn\\writable\\uploads/instituicoes/nome-da-instituicao/eventos/danca-carajas-festival/grupos/grupo-de-danca/logomarca_1759249887_c40c579d553e1c2e2854.gif): Failed to open stream: No such file or directory', 'C:\\xampp\\htdocs\\FestOn\\app\\Controllers\\Renderimage.php', 144)
 2 APPPATH\Controllers\Renderimage.php(144): file_get_contents('C:\\xampp\\htdocs\\FestOn\\writable\\uploads/instituicoes/nome-da-instituicao/eventos/danca-carajas-festival/grupos/grupo-de-danca/logomarca_1759249887_c40c579d553e1c2e2854.gif')
 3 SYSTEMPATH\CodeIgniter.php(934): App\Controllers\Renderimage->view_grupos('73f70ade944aa7d89866cf4d9d2daa45', 'logomarca_1759249887_c40c579d553e1c2e2854.gif')
 4 SYSTEMPATH\CodeIgniter.php(499): CodeIgniter\CodeIgniter->runController(Object(App\Controllers\Renderimage))
 5 SYSTEMPATH\CodeIgniter.php(368): CodeIgniter\CodeIgniter->handleRequest(null, Object(Config\Cache), false)
 6 FCPATH\index.php(67): CodeIgniter\CodeIgniter->run()
ERROR - 2025-10-02 15:05:38 --> mysqli_sql_exception: You have an error in your SQL syntax; check the manual that corresponds to your MariaDB server version for the right syntax to use near '`:tbl_avaliacoes`.`aval_id` IS NULL OR tbl_avaliacoes.aval_finalizada:
GROUP ...' at line 7 in C:\xampp\htdocs\FestOn\system\Database\MySQLi\Connection.php:295
Stack trace:
#0 C:\xampp\htdocs\FestOn\system\Database\MySQLi\Connection.php(295): mysqli->query('SELECT `tbl_gru...', 0)
#1 C:\xampp\htdocs\FestOn\system\Database\BaseConnection.php(692): CodeIgniter\Database\MySQLi\Connection->execute('SELECT `tbl_gru...')
#2 C:\xampp\htdocs\FestOn\system\Database\BaseConnection.php(606): CodeIgniter\Database\BaseConnection->simpleQuery('SELECT `tbl_gru...')
#3 C:\xampp\htdocs\FestOn\system\Database\BaseBuilder.php(1616): CodeIgniter\Database\BaseConnection->query('SELECT `tbl_gru...', Array, false)
#4 C:\xampp\htdocs\FestOn\app\Models\AvaliacoesModel.php(147): CodeIgniter\Database\BaseBuilder->get()
#5 C:\xampp\htdocs\FestOn\app\Controllers\Jurados.php(28): App\Models\AvaliacoesModel->get_proximo_grupo_sem_avaliacao(NULL, NULL)
#6 C:\xampp\htdocs\FestOn\system\CodeIgniter.php(934): App\Controllers\Jurados->index()
#7 C:\xampp\htdocs\FestOn\system\CodeIgniter.php(499): CodeIgniter\CodeIgniter->runController(Object(App\Controllers\Jurados))
#8 C:\xampp\htdocs\FestOn\system\CodeIgniter.php(368): CodeIgniter\CodeIgniter->handleRequest(NULL, Object(Config\Cache), false)
#9 C:\xampp\htdocs\FestOn\public\index.php(67): CodeIgniter\CodeIgniter->run()
#10 {main}
CRITICAL - 2025-10-02 15:05:38 --> You have an error in your SQL syntax; check the manual that corresponds to your MariaDB server version for the right syntax to use near '`:tbl_avaliacoes`.`aval_id` IS NULL OR tbl_avaliacoes.aval_finalizada:
GROUP ...' at line 7
in SYSTEMPATH\Database\MySQLi\Connection.php on line 295.
 1 SYSTEMPATH\Database\MySQLi\Connection.php(295): mysqli->query('SELECT `tbl_grupos`.`grp_id`, `tbl_grupos`.`grp_titulo`
FROM `tbl_coreografias`
INNER JOIN `tbl_grupos` ON `tbl_grupos`.`grp_id` = `tbl_coreografias`.`grp_id`
LEFT JOIN `tbl_avaliacoes` ON `tbl_avaliacoes`.`corgf_id` = `tbl_coreografias`.`corgf_id` AND `tbl_avaliacoes`.`jurd_id` = 0
WHERE `tbl_coreografias`.`insti_id` = 0
AND `tbl_coreografias`.`corgf_ativo` = 1
AND `tbl_avaliacoes`.`aval_id` IS NULL OR `tbl_avaliacoes`.`aval_finalizada` `:tbl_avaliacoes`.`aval_id` IS NULL OR tbl_avaliacoes.aval_finalizada:
GROUP BY `tbl_grupos`.`grp_id`
ORDER BY `tbl_grupos`.`grp_titulo` ASC
 LIMIT 1', 0)
 2 SYSTEMPATH\Database\BaseConnection.php(692): CodeIgniter\Database\MySQLi\Connection->execute('SELECT `tbl_grupos`.`grp_id`, `tbl_grupos`.`grp_titulo`
FROM `tbl_coreografias`
INNER JOIN `tbl_grupos` ON `tbl_grupos`.`grp_id` = `tbl_coreografias`.`grp_id`
LEFT JOIN `tbl_avaliacoes` ON `tbl_avaliacoes`.`corgf_id` = `tbl_coreografias`.`corgf_id` AND `tbl_avaliacoes`.`jurd_id` = 0
WHERE `tbl_coreografias`.`insti_id` = 0
AND `tbl_coreografias`.`corgf_ativo` = 1
AND `tbl_avaliacoes`.`aval_id` IS NULL OR `tbl_avaliacoes`.`aval_finalizada` `:tbl_avaliacoes`.`aval_id` IS NULL OR tbl_avaliacoes.aval_finalizada:
GROUP BY `tbl_grupos`.`grp_id`
ORDER BY `tbl_grupos`.`grp_titulo` ASC
 LIMIT 1')
 3 SYSTEMPATH\Database\BaseConnection.php(606): CodeIgniter\Database\BaseConnection->simpleQuery('SELECT `tbl_grupos`.`grp_id`, `tbl_grupos`.`grp_titulo`
FROM `tbl_coreografias`
INNER JOIN `tbl_grupos` ON `tbl_grupos`.`grp_id` = `tbl_coreografias`.`grp_id`
LEFT JOIN `tbl_avaliacoes` ON `tbl_avaliacoes`.`corgf_id` = `tbl_coreografias`.`corgf_id` AND `tbl_avaliacoes`.`jurd_id` = 0
WHERE `tbl_coreografias`.`insti_id` = 0
AND `tbl_coreografias`.`corgf_ativo` = 1
AND `tbl_avaliacoes`.`aval_id` IS NULL OR `tbl_avaliacoes`.`aval_finalizada` `:tbl_avaliacoes`.`aval_id` IS NULL OR tbl_avaliacoes.aval_finalizada:
GROUP BY `tbl_grupos`.`grp_id`
ORDER BY `tbl_grupos`.`grp_titulo` ASC
 LIMIT 1')
 4 SYSTEMPATH\Database\BaseBuilder.php(1616): CodeIgniter\Database\BaseConnection->query('SELECT `tbl_grupos`.`grp_id`, `tbl_grupos`.`grp_titulo`
FROM `tbl_coreografias`
INNER JOIN `tbl_grupos` ON `tbl_grupos`.`grp_id` = `tbl_coreografias`.`grp_id`
LEFT JOIN `tbl_avaliacoes` ON `tbl_avaliacoes`.`corgf_id` = `tbl_coreografias`.`corgf_id` AND `tbl_avaliacoes`.`jurd_id` = 0
WHERE `tbl_coreografias`.`insti_id` = :tbl_coreografias.insti_id:
AND `tbl_coreografias`.`corgf_ativo` = :tbl_coreografias.corgf_ativo:
AND `tbl_avaliacoes`.`aval_id` IS NULL OR `tbl_avaliacoes`.`aval_finalizada` `:tbl_avaliacoes`.`aval_id` IS NULL OR tbl_avaliacoes.aval_finalizada:
GROUP BY `tbl_grupos`.`grp_id`
ORDER BY `tbl_grupos`.`grp_titulo` ASC
 LIMIT 1', [...], false)
 5 APPPATH\Models\AvaliacoesModel.php(147): CodeIgniter\Database\BaseBuilder->get()
 6 APPPATH\Controllers\Jurados.php(28): App\Models\AvaliacoesModel->get_proximo_grupo_sem_avaliacao(null, null)
 7 SYSTEMPATH\CodeIgniter.php(934): App\Controllers\Jurados->index()
 8 SYSTEMPATH\CodeIgniter.php(499): CodeIgniter\CodeIgniter->runController(Object(App\Controllers\Jurados))
 9 SYSTEMPATH\CodeIgniter.php(368): CodeIgniter\CodeIgniter->handleRequest(null, Object(Config\Cache), false)
10 FCPATH\index.php(67): CodeIgniter\CodeIgniter->run()
ERROR - 2025-10-02 15:06:25 --> mysqli_sql_exception: You have an error in your SQL syntax; check the manual that corresponds to your MariaDB server version for the right syntax to use near '`:tbl_avaliacoes`.`aval_id` IS NULL OR tbl_avaliacoes.aval_finalizada:
GROUP ...' at line 7 in C:\xampp\htdocs\FestOn\system\Database\MySQLi\Connection.php:295
Stack trace:
#0 C:\xampp\htdocs\FestOn\system\Database\MySQLi\Connection.php(295): mysqli->query('SELECT `tbl_gru...', 0)
#1 C:\xampp\htdocs\FestOn\system\Database\BaseConnection.php(692): CodeIgniter\Database\MySQLi\Connection->execute('SELECT `tbl_gru...')
#2 C:\xampp\htdocs\FestOn\system\Database\BaseConnection.php(606): CodeIgniter\Database\BaseConnection->simpleQuery('SELECT `tbl_gru...')
#3 C:\xampp\htdocs\FestOn\system\Database\BaseBuilder.php(1616): CodeIgniter\Database\BaseConnection->query('SELECT `tbl_gru...', Array, false)
#4 C:\xampp\htdocs\FestOn\app\Models\AvaliacoesModel.php(147): CodeIgniter\Database\BaseBuilder->get()
#5 C:\xampp\htdocs\FestOn\app\Controllers\Jurados.php(28): App\Models\AvaliacoesModel->get_proximo_grupo_sem_avaliacao(NULL, NULL)
#6 C:\xampp\htdocs\FestOn\system\CodeIgniter.php(934): App\Controllers\Jurados->index()
#7 C:\xampp\htdocs\FestOn\system\CodeIgniter.php(499): CodeIgniter\CodeIgniter->runController(Object(App\Controllers\Jurados))
#8 C:\xampp\htdocs\FestOn\system\CodeIgniter.php(368): CodeIgniter\CodeIgniter->handleRequest(NULL, Object(Config\Cache), false)
#9 C:\xampp\htdocs\FestOn\public\index.php(67): CodeIgniter\CodeIgniter->run()
#10 {main}
CRITICAL - 2025-10-02 15:06:25 --> You have an error in your SQL syntax; check the manual that corresponds to your MariaDB server version for the right syntax to use near '`:tbl_avaliacoes`.`aval_id` IS NULL OR tbl_avaliacoes.aval_finalizada:
GROUP ...' at line 7
in SYSTEMPATH\Database\MySQLi\Connection.php on line 295.
 1 SYSTEMPATH\Database\MySQLi\Connection.php(295): mysqli->query('SELECT `tbl_grupos`.`grp_id`, `tbl_grupos`.`grp_titulo`
FROM `tbl_coreografias`
INNER JOIN `tbl_grupos` ON `tbl_grupos`.`grp_id` = `tbl_coreografias`.`grp_id`
LEFT JOIN `tbl_avaliacoes` ON `tbl_avaliacoes`.`corgf_id` = `tbl_coreografias`.`corgf_id` AND `tbl_avaliacoes`.`jurd_id` = 0
WHERE `tbl_coreografias`.`insti_id` = 0
AND `tbl_coreografias`.`corgf_ativo` = 1
AND `tbl_avaliacoes`.`aval_id` IS NULL OR `tbl_avaliacoes`.`aval_finalizada` `:tbl_avaliacoes`.`aval_id` IS NULL OR tbl_avaliacoes.aval_finalizada:
GROUP BY `tbl_grupos`.`grp_id`
ORDER BY `tbl_grupos`.`grp_titulo` ASC
 LIMIT 1', 0)
 2 SYSTEMPATH\Database\BaseConnection.php(692): CodeIgniter\Database\MySQLi\Connection->execute('SELECT `tbl_grupos`.`grp_id`, `tbl_grupos`.`grp_titulo`
FROM `tbl_coreografias`
INNER JOIN `tbl_grupos` ON `tbl_grupos`.`grp_id` = `tbl_coreografias`.`grp_id`
LEFT JOIN `tbl_avaliacoes` ON `tbl_avaliacoes`.`corgf_id` = `tbl_coreografias`.`corgf_id` AND `tbl_avaliacoes`.`jurd_id` = 0
WHERE `tbl_coreografias`.`insti_id` = 0
AND `tbl_coreografias`.`corgf_ativo` = 1
AND `tbl_avaliacoes`.`aval_id` IS NULL OR `tbl_avaliacoes`.`aval_finalizada` `:tbl_avaliacoes`.`aval_id` IS NULL OR tbl_avaliacoes.aval_finalizada:
GROUP BY `tbl_grupos`.`grp_id`
ORDER BY `tbl_grupos`.`grp_titulo` ASC
 LIMIT 1')
 3 SYSTEMPATH\Database\BaseConnection.php(606): CodeIgniter\Database\BaseConnection->simpleQuery('SELECT `tbl_grupos`.`grp_id`, `tbl_grupos`.`grp_titulo`
FROM `tbl_coreografias`
INNER JOIN `tbl_grupos` ON `tbl_grupos`.`grp_id` = `tbl_coreografias`.`grp_id`
LEFT JOIN `tbl_avaliacoes` ON `tbl_avaliacoes`.`corgf_id` = `tbl_coreografias`.`corgf_id` AND `tbl_avaliacoes`.`jurd_id` = 0
WHERE `tbl_coreografias`.`insti_id` = 0
AND `tbl_coreografias`.`corgf_ativo` = 1
AND `tbl_avaliacoes`.`aval_id` IS NULL OR `tbl_avaliacoes`.`aval_finalizada` `:tbl_avaliacoes`.`aval_id` IS NULL OR tbl_avaliacoes.aval_finalizada:
GROUP BY `tbl_grupos`.`grp_id`
ORDER BY `tbl_grupos`.`grp_titulo` ASC
 LIMIT 1')
 4 SYSTEMPATH\Database\BaseBuilder.php(1616): CodeIgniter\Database\BaseConnection->query('SELECT `tbl_grupos`.`grp_id`, `tbl_grupos`.`grp_titulo`
FROM `tbl_coreografias`
INNER JOIN `tbl_grupos` ON `tbl_grupos`.`grp_id` = `tbl_coreografias`.`grp_id`
LEFT JOIN `tbl_avaliacoes` ON `tbl_avaliacoes`.`corgf_id` = `tbl_coreografias`.`corgf_id` AND `tbl_avaliacoes`.`jurd_id` = 0
WHERE `tbl_coreografias`.`insti_id` = :tbl_coreografias.insti_id:
AND `tbl_coreografias`.`corgf_ativo` = :tbl_coreografias.corgf_ativo:
AND `tbl_avaliacoes`.`aval_id` IS NULL OR `tbl_avaliacoes`.`aval_finalizada` `:tbl_avaliacoes`.`aval_id` IS NULL OR tbl_avaliacoes.aval_finalizada:
GROUP BY `tbl_grupos`.`grp_id`
ORDER BY `tbl_grupos`.`grp_titulo` ASC
 LIMIT 1', [...], false)
 5 APPPATH\Models\AvaliacoesModel.php(147): CodeIgniter\Database\BaseBuilder->get()
 6 APPPATH\Controllers\Jurados.php(28): App\Models\AvaliacoesModel->get_proximo_grupo_sem_avaliacao(null, null)
 7 SYSTEMPATH\CodeIgniter.php(934): App\Controllers\Jurados->index()
 8 SYSTEMPATH\CodeIgniter.php(499): CodeIgniter\CodeIgniter->runController(Object(App\Controllers\Jurados))
 9 SYSTEMPATH\CodeIgniter.php(368): CodeIgniter\CodeIgniter->handleRequest(null, Object(Config\Cache), false)
10 FCPATH\index.php(67): CodeIgniter\CodeIgniter->run()
ERROR - 2025-10-02 15:06:26 --> mysqli_sql_exception: You have an error in your SQL syntax; check the manual that corresponds to your MariaDB server version for the right syntax to use near '`:tbl_avaliacoes`.`aval_id` IS NULL OR tbl_avaliacoes.aval_finalizada:
GROUP ...' at line 7 in C:\xampp\htdocs\FestOn\system\Database\MySQLi\Connection.php:295
Stack trace:
#0 C:\xampp\htdocs\FestOn\system\Database\MySQLi\Connection.php(295): mysqli->query('SELECT `tbl_gru...', 0)
#1 C:\xampp\htdocs\FestOn\system\Database\BaseConnection.php(692): CodeIgniter\Database\MySQLi\Connection->execute('SELECT `tbl_gru...')
#2 C:\xampp\htdocs\FestOn\system\Database\BaseConnection.php(606): CodeIgniter\Database\BaseConnection->simpleQuery('SELECT `tbl_gru...')
#3 C:\xampp\htdocs\FestOn\system\Database\BaseBuilder.php(1616): CodeIgniter\Database\BaseConnection->query('SELECT `tbl_gru...', Array, false)
#4 C:\xampp\htdocs\FestOn\app\Models\AvaliacoesModel.php(147): CodeIgniter\Database\BaseBuilder->get()
#5 C:\xampp\htdocs\FestOn\app\Controllers\Jurados.php(28): App\Models\AvaliacoesModel->get_proximo_grupo_sem_avaliacao(NULL, NULL)
#6 C:\xampp\htdocs\FestOn\system\CodeIgniter.php(934): App\Controllers\Jurados->index()
#7 C:\xampp\htdocs\FestOn\system\CodeIgniter.php(499): CodeIgniter\CodeIgniter->runController(Object(App\Controllers\Jurados))
#8 C:\xampp\htdocs\FestOn\system\CodeIgniter.php(368): CodeIgniter\CodeIgniter->handleRequest(NULL, Object(Config\Cache), false)
#9 C:\xampp\htdocs\FestOn\public\index.php(67): CodeIgniter\CodeIgniter->run()
#10 {main}
CRITICAL - 2025-10-02 15:06:26 --> You have an error in your SQL syntax; check the manual that corresponds to your MariaDB server version for the right syntax to use near '`:tbl_avaliacoes`.`aval_id` IS NULL OR tbl_avaliacoes.aval_finalizada:
GROUP ...' at line 7
in SYSTEMPATH\Database\MySQLi\Connection.php on line 295.
 1 SYSTEMPATH\Database\MySQLi\Connection.php(295): mysqli->query('SELECT `tbl_grupos`.`grp_id`, `tbl_grupos`.`grp_titulo`
FROM `tbl_coreografias`
INNER JOIN `tbl_grupos` ON `tbl_grupos`.`grp_id` = `tbl_coreografias`.`grp_id`
LEFT JOIN `tbl_avaliacoes` ON `tbl_avaliacoes`.`corgf_id` = `tbl_coreografias`.`corgf_id` AND `tbl_avaliacoes`.`jurd_id` = 0
WHERE `tbl_coreografias`.`insti_id` = 0
AND `tbl_coreografias`.`corgf_ativo` = 1
AND `tbl_avaliacoes`.`aval_id` IS NULL OR `tbl_avaliacoes`.`aval_finalizada` `:tbl_avaliacoes`.`aval_id` IS NULL OR tbl_avaliacoes.aval_finalizada:
GROUP BY `tbl_grupos`.`grp_id`
ORDER BY `tbl_grupos`.`grp_titulo` ASC
 LIMIT 1', 0)
 2 SYSTEMPATH\Database\BaseConnection.php(692): CodeIgniter\Database\MySQLi\Connection->execute('SELECT `tbl_grupos`.`grp_id`, `tbl_grupos`.`grp_titulo`
FROM `tbl_coreografias`
INNER JOIN `tbl_grupos` ON `tbl_grupos`.`grp_id` = `tbl_coreografias`.`grp_id`
LEFT JOIN `tbl_avaliacoes` ON `tbl_avaliacoes`.`corgf_id` = `tbl_coreografias`.`corgf_id` AND `tbl_avaliacoes`.`jurd_id` = 0
WHERE `tbl_coreografias`.`insti_id` = 0
AND `tbl_coreografias`.`corgf_ativo` = 1
AND `tbl_avaliacoes`.`aval_id` IS NULL OR `tbl_avaliacoes`.`aval_finalizada` `:tbl_avaliacoes`.`aval_id` IS NULL OR tbl_avaliacoes.aval_finalizada:
GROUP BY `tbl_grupos`.`grp_id`
ORDER BY `tbl_grupos`.`grp_titulo` ASC
 LIMIT 1')
 3 SYSTEMPATH\Database\BaseConnection.php(606): CodeIgniter\Database\BaseConnection->simpleQuery('SELECT `tbl_grupos`.`grp_id`, `tbl_grupos`.`grp_titulo`
FROM `tbl_coreografias`
INNER JOIN `tbl_grupos` ON `tbl_grupos`.`grp_id` = `tbl_coreografias`.`grp_id`
LEFT JOIN `tbl_avaliacoes` ON `tbl_avaliacoes`.`corgf_id` = `tbl_coreografias`.`corgf_id` AND `tbl_avaliacoes`.`jurd_id` = 0
WHERE `tbl_coreografias`.`insti_id` = 0
AND `tbl_coreografias`.`corgf_ativo` = 1
AND `tbl_avaliacoes`.`aval_id` IS NULL OR `tbl_avaliacoes`.`aval_finalizada` `:tbl_avaliacoes`.`aval_id` IS NULL OR tbl_avaliacoes.aval_finalizada:
GROUP BY `tbl_grupos`.`grp_id`
ORDER BY `tbl_grupos`.`grp_titulo` ASC
 LIMIT 1')
 4 SYSTEMPATH\Database\BaseBuilder.php(1616): CodeIgniter\Database\BaseConnection->query('SELECT `tbl_grupos`.`grp_id`, `tbl_grupos`.`grp_titulo`
FROM `tbl_coreografias`
INNER JOIN `tbl_grupos` ON `tbl_grupos`.`grp_id` = `tbl_coreografias`.`grp_id`
LEFT JOIN `tbl_avaliacoes` ON `tbl_avaliacoes`.`corgf_id` = `tbl_coreografias`.`corgf_id` AND `tbl_avaliacoes`.`jurd_id` = 0
WHERE `tbl_coreografias`.`insti_id` = :tbl_coreografias.insti_id:
AND `tbl_coreografias`.`corgf_ativo` = :tbl_coreografias.corgf_ativo:
AND `tbl_avaliacoes`.`aval_id` IS NULL OR `tbl_avaliacoes`.`aval_finalizada` `:tbl_avaliacoes`.`aval_id` IS NULL OR tbl_avaliacoes.aval_finalizada:
GROUP BY `tbl_grupos`.`grp_id`
ORDER BY `tbl_grupos`.`grp_titulo` ASC
 LIMIT 1', [...], false)
 5 APPPATH\Models\AvaliacoesModel.php(147): CodeIgniter\Database\BaseBuilder->get()
 6 APPPATH\Controllers\Jurados.php(28): App\Models\AvaliacoesModel->get_proximo_grupo_sem_avaliacao(null, null)
 7 SYSTEMPATH\CodeIgniter.php(934): App\Controllers\Jurados->index()
 8 SYSTEMPATH\CodeIgniter.php(499): CodeIgniter\CodeIgniter->runController(Object(App\Controllers\Jurados))
 9 SYSTEMPATH\CodeIgniter.php(368): CodeIgniter\CodeIgniter->handleRequest(null, Object(Config\Cache), false)
10 FCPATH\index.php(67): CodeIgniter\CodeIgniter->run()
ERROR - 2025-10-02 15:06:30 --> mysqli_sql_exception: You have an error in your SQL syntax; check the manual that corresponds to your MariaDB server version for the right syntax to use near '`:tbl_avaliacoes`.`aval_id` IS NULL OR tbl_avaliacoes.aval_finalizada:
GROUP ...' at line 7 in C:\xampp\htdocs\FestOn\system\Database\MySQLi\Connection.php:295
Stack trace:
#0 C:\xampp\htdocs\FestOn\system\Database\MySQLi\Connection.php(295): mysqli->query('SELECT `tbl_gru...', 0)
#1 C:\xampp\htdocs\FestOn\system\Database\BaseConnection.php(692): CodeIgniter\Database\MySQLi\Connection->execute('SELECT `tbl_gru...')
#2 C:\xampp\htdocs\FestOn\system\Database\BaseConnection.php(606): CodeIgniter\Database\BaseConnection->simpleQuery('SELECT `tbl_gru...')
#3 C:\xampp\htdocs\FestOn\system\Database\BaseBuilder.php(1616): CodeIgniter\Database\BaseConnection->query('SELECT `tbl_gru...', Array, false)
#4 C:\xampp\htdocs\FestOn\app\Models\AvaliacoesModel.php(147): CodeIgniter\Database\BaseBuilder->get()
#5 C:\xampp\htdocs\FestOn\app\Controllers\Jurados.php(28): App\Models\AvaliacoesModel->get_proximo_grupo_sem_avaliacao(NULL, NULL)
#6 C:\xampp\htdocs\FestOn\system\CodeIgniter.php(934): App\Controllers\Jurados->index()
#7 C:\xampp\htdocs\FestOn\system\CodeIgniter.php(499): CodeIgniter\CodeIgniter->runController(Object(App\Controllers\Jurados))
#8 C:\xampp\htdocs\FestOn\system\CodeIgniter.php(368): CodeIgniter\CodeIgniter->handleRequest(NULL, Object(Config\Cache), false)
#9 C:\xampp\htdocs\FestOn\public\index.php(67): CodeIgniter\CodeIgniter->run()
#10 {main}
CRITICAL - 2025-10-02 15:06:30 --> You have an error in your SQL syntax; check the manual that corresponds to your MariaDB server version for the right syntax to use near '`:tbl_avaliacoes`.`aval_id` IS NULL OR tbl_avaliacoes.aval_finalizada:
GROUP ...' at line 7
in SYSTEMPATH\Database\MySQLi\Connection.php on line 295.
 1 SYSTEMPATH\Database\MySQLi\Connection.php(295): mysqli->query('SELECT `tbl_grupos`.`grp_id`, `tbl_grupos`.`grp_titulo`
FROM `tbl_coreografias`
INNER JOIN `tbl_grupos` ON `tbl_grupos`.`grp_id` = `tbl_coreografias`.`grp_id`
LEFT JOIN `tbl_avaliacoes` ON `tbl_avaliacoes`.`corgf_id` = `tbl_coreografias`.`corgf_id` AND `tbl_avaliacoes`.`jurd_id` = 0
WHERE `tbl_coreografias`.`insti_id` = 0
AND `tbl_coreografias`.`corgf_ativo` = 1
AND `tbl_avaliacoes`.`aval_id` IS NULL OR `tbl_avaliacoes`.`aval_finalizada` `:tbl_avaliacoes`.`aval_id` IS NULL OR tbl_avaliacoes.aval_finalizada:
GROUP BY `tbl_grupos`.`grp_id`
ORDER BY `tbl_grupos`.`grp_titulo` ASC
 LIMIT 1', 0)
 2 SYSTEMPATH\Database\BaseConnection.php(692): CodeIgniter\Database\MySQLi\Connection->execute('SELECT `tbl_grupos`.`grp_id`, `tbl_grupos`.`grp_titulo`
FROM `tbl_coreografias`
INNER JOIN `tbl_grupos` ON `tbl_grupos`.`grp_id` = `tbl_coreografias`.`grp_id`
LEFT JOIN `tbl_avaliacoes` ON `tbl_avaliacoes`.`corgf_id` = `tbl_coreografias`.`corgf_id` AND `tbl_avaliacoes`.`jurd_id` = 0
WHERE `tbl_coreografias`.`insti_id` = 0
AND `tbl_coreografias`.`corgf_ativo` = 1
AND `tbl_avaliacoes`.`aval_id` IS NULL OR `tbl_avaliacoes`.`aval_finalizada` `:tbl_avaliacoes`.`aval_id` IS NULL OR tbl_avaliacoes.aval_finalizada:
GROUP BY `tbl_grupos`.`grp_id`
ORDER BY `tbl_grupos`.`grp_titulo` ASC
 LIMIT 1')
 3 SYSTEMPATH\Database\BaseConnection.php(606): CodeIgniter\Database\BaseConnection->simpleQuery('SELECT `tbl_grupos`.`grp_id`, `tbl_grupos`.`grp_titulo`
FROM `tbl_coreografias`
INNER JOIN `tbl_grupos` ON `tbl_grupos`.`grp_id` = `tbl_coreografias`.`grp_id`
LEFT JOIN `tbl_avaliacoes` ON `tbl_avaliacoes`.`corgf_id` = `tbl_coreografias`.`corgf_id` AND `tbl_avaliacoes`.`jurd_id` = 0
WHERE `tbl_coreografias`.`insti_id` = 0
AND `tbl_coreografias`.`corgf_ativo` = 1
AND `tbl_avaliacoes`.`aval_id` IS NULL OR `tbl_avaliacoes`.`aval_finalizada` `:tbl_avaliacoes`.`aval_id` IS NULL OR tbl_avaliacoes.aval_finalizada:
GROUP BY `tbl_grupos`.`grp_id`
ORDER BY `tbl_grupos`.`grp_titulo` ASC
 LIMIT 1')
 4 SYSTEMPATH\Database\BaseBuilder.php(1616): CodeIgniter\Database\BaseConnection->query('SELECT `tbl_grupos`.`grp_id`, `tbl_grupos`.`grp_titulo`
FROM `tbl_coreografias`
INNER JOIN `tbl_grupos` ON `tbl_grupos`.`grp_id` = `tbl_coreografias`.`grp_id`
LEFT JOIN `tbl_avaliacoes` ON `tbl_avaliacoes`.`corgf_id` = `tbl_coreografias`.`corgf_id` AND `tbl_avaliacoes`.`jurd_id` = 0
WHERE `tbl_coreografias`.`insti_id` = :tbl_coreografias.insti_id:
AND `tbl_coreografias`.`corgf_ativo` = :tbl_coreografias.corgf_ativo:
AND `tbl_avaliacoes`.`aval_id` IS NULL OR `tbl_avaliacoes`.`aval_finalizada` `:tbl_avaliacoes`.`aval_id` IS NULL OR tbl_avaliacoes.aval_finalizada:
GROUP BY `tbl_grupos`.`grp_id`
ORDER BY `tbl_grupos`.`grp_titulo` ASC
 LIMIT 1', [...], false)
 5 APPPATH\Models\AvaliacoesModel.php(147): CodeIgniter\Database\BaseBuilder->get()
 6 APPPATH\Controllers\Jurados.php(28): App\Models\AvaliacoesModel->get_proximo_grupo_sem_avaliacao(null, null)
 7 SYSTEMPATH\CodeIgniter.php(934): App\Controllers\Jurados->index()
 8 SYSTEMPATH\CodeIgniter.php(499): CodeIgniter\CodeIgniter->runController(Object(App\Controllers\Jurados))
 9 SYSTEMPATH\CodeIgniter.php(368): CodeIgniter\CodeIgniter->handleRequest(null, Object(Config\Cache), false)
10 FCPATH\index.php(67): CodeIgniter\CodeIgniter->run()
CRITICAL - 2025-10-02 15:18:59 --> Call to undefined method stdClass::getResult()
in APPPATH\Controllers\Jurados.php on line 84.
 1 SYSTEMPATH\CodeIgniter.php(934): App\Controllers\Jurados->index('abc123test1')
 2 SYSTEMPATH\CodeIgniter.php(499): CodeIgniter\CodeIgniter->runController(Object(App\Controllers\Jurados))
 3 SYSTEMPATH\CodeIgniter.php(368): CodeIgniter\CodeIgniter->handleRequest(null, Object(Config\Cache), false)
 4 FCPATH\index.php(67): CodeIgniter\CodeIgniter->run()
CRITICAL - 2025-10-02 15:19:11 --> Call to undefined method stdClass::getResult()
in APPPATH\Controllers\Jurados.php on line 84.
 1 SYSTEMPATH\CodeIgniter.php(934): App\Controllers\Jurados->index('abc123test1')
 2 SYSTEMPATH\CodeIgniter.php(499): CodeIgniter\CodeIgniter->runController(Object(App\Controllers\Jurados))
 3 SYSTEMPATH\CodeIgniter.php(368): CodeIgniter\CodeIgniter->handleRequest(null, Object(Config\Cache), false)
 4 FCPATH\index.php(67): CodeIgniter\CodeIgniter->run()
ERROR - 2025-10-02 17:28:07 --> mysqli_sql_exception: Unknown column 'A.corgf_id' in 'on clause' in C:\xampp\htdocs\FestOn\system\Database\MySQLi\Connection.php:295
Stack trace:
#0 C:\xampp\htdocs\FestOn\system\Database\MySQLi\Connection.php(295): mysqli->query('SELECT `G`.`grp...', 0)
#1 C:\xampp\htdocs\FestOn\system\Database\BaseConnection.php(692): CodeIgniter\Database\MySQLi\Connection->execute('SELECT `G`.`grp...')
#2 C:\xampp\htdocs\FestOn\system\Database\BaseConnection.php(606): CodeIgniter\Database\BaseConnection->simpleQuery('SELECT `G`.`grp...')
#3 C:\xampp\htdocs\FestOn\system\Database\BaseBuilder.php(1616): CodeIgniter\Database\BaseConnection->query('SELECT `G`.`grp...', Array, false)
#4 C:\xampp\htdocs\FestOn\app\Controllers\Jurados.php(76): CodeIgniter\Database\BaseBuilder->get()
#5 C:\xampp\htdocs\FestOn\system\CodeIgniter.php(934): App\Controllers\Jurados->index('728be09add8dca5...')
#6 C:\xampp\htdocs\FestOn\system\CodeIgniter.php(499): CodeIgniter\CodeIgniter->runController(Object(App\Controllers\Jurados))
#7 C:\xampp\htdocs\FestOn\system\CodeIgniter.php(368): CodeIgniter\CodeIgniter->handleRequest(NULL, Object(Config\Cache), false)
#8 C:\xampp\htdocs\FestOn\public\index.php(67): CodeIgniter\CodeIgniter->run()
#9 {main}
CRITICAL - 2025-10-02 17:28:07 --> Unknown column 'A.corgf_id' in 'on clause'
in SYSTEMPATH\Database\MySQLi\Connection.php on line 295.
 1 SYSTEMPATH\Database\MySQLi\Connection.php(295): mysqli->query('SELECT `G`.`grp_id`, `G`.`grp_titulo`, MIN(C.corgf_id) AS first_corgf_id
FROM `tbl_grupos` `G`
INNER JOIN `tbl_coreografias` `C` ON `C`.`grp_id` = `G`.`grp_id` AND `C`.`corgf_ativo` = 1
LEFT JOIN `tbl_avaliacoes` `A` ON `A`.`corgf_id` = `C`.`corgf_id` AND `A`.`aval_ativo` = 1
WHERE `A`.`aval_id` IS NULL
GROUP BY `G`.`grp_id`, `G`.`grp_titulo`
ORDER BY `G`.`grp_titulo` ASC', 0)
 2 SYSTEMPATH\Database\BaseConnection.php(692): CodeIgniter\Database\MySQLi\Connection->execute('SELECT `G`.`grp_id`, `G`.`grp_titulo`, MIN(C.corgf_id) AS first_corgf_id
FROM `tbl_grupos` `G`
INNER JOIN `tbl_coreografias` `C` ON `C`.`grp_id` = `G`.`grp_id` AND `C`.`corgf_ativo` = 1
LEFT JOIN `tbl_avaliacoes` `A` ON `A`.`corgf_id` = `C`.`corgf_id` AND `A`.`aval_ativo` = 1
WHERE `A`.`aval_id` IS NULL
GROUP BY `G`.`grp_id`, `G`.`grp_titulo`
ORDER BY `G`.`grp_titulo` ASC')
 3 SYSTEMPATH\Database\BaseConnection.php(606): CodeIgniter\Database\BaseConnection->simpleQuery('SELECT `G`.`grp_id`, `G`.`grp_titulo`, MIN(C.corgf_id) AS first_corgf_id
FROM `tbl_grupos` `G`
INNER JOIN `tbl_coreografias` `C` ON `C`.`grp_id` = `G`.`grp_id` AND `C`.`corgf_ativo` = 1
LEFT JOIN `tbl_avaliacoes` `A` ON `A`.`corgf_id` = `C`.`corgf_id` AND `A`.`aval_ativo` = 1
WHERE `A`.`aval_id` IS NULL
GROUP BY `G`.`grp_id`, `G`.`grp_titulo`
ORDER BY `G`.`grp_titulo` ASC')
 4 SYSTEMPATH\Database\BaseBuilder.php(1616): CodeIgniter\Database\BaseConnection->query('SELECT `G`.`grp_id`, `G`.`grp_titulo`, MIN(C.corgf_id) AS first_corgf_id
FROM `tbl_grupos` `G`
INNER JOIN `tbl_coreografias` `C` ON `C`.`grp_id` = `G`.`grp_id` AND `C`.`corgf_ativo` = 1
LEFT JOIN `tbl_avaliacoes` `A` ON `A`.`corgf_id` = `C`.`corgf_id` AND `A`.`aval_ativo` = 1
WHERE `A`.`aval_id` IS NULL
GROUP BY `G`.`grp_id`, `G`.`grp_titulo`
ORDER BY `G`.`grp_titulo` ASC', [], false)
 5 APPPATH\Controllers\Jurados.php(76): CodeIgniter\Database\BaseBuilder->get()
 6 SYSTEMPATH\CodeIgniter.php(934): App\Controllers\Jurados->index('728be09add8dca55929d3bb317673d8c')
 7 SYSTEMPATH\CodeIgniter.php(499): CodeIgniter\CodeIgniter->runController(Object(App\Controllers\Jurados))
 8 SYSTEMPATH\CodeIgniter.php(368): CodeIgniter\CodeIgniter->handleRequest(null, Object(Config\Cache), false)
 9 FCPATH\index.php(67): CodeIgniter\CodeIgniter->run()
ERROR - 2025-10-02 17:28:09 --> mysqli_sql_exception: Unknown column 'A.corgf_id' in 'on clause' in C:\xampp\htdocs\FestOn\system\Database\MySQLi\Connection.php:295
Stack trace:
#0 C:\xampp\htdocs\FestOn\system\Database\MySQLi\Connection.php(295): mysqli->query('SELECT `G`.`grp...', 0)
#1 C:\xampp\htdocs\FestOn\system\Database\BaseConnection.php(692): CodeIgniter\Database\MySQLi\Connection->execute('SELECT `G`.`grp...')
#2 C:\xampp\htdocs\FestOn\system\Database\BaseConnection.php(606): CodeIgniter\Database\BaseConnection->simpleQuery('SELECT `G`.`grp...')
#3 C:\xampp\htdocs\FestOn\system\Database\BaseBuilder.php(1616): CodeIgniter\Database\BaseConnection->query('SELECT `G`.`grp...', Array, false)
#4 C:\xampp\htdocs\FestOn\app\Controllers\Jurados.php(76): CodeIgniter\Database\BaseBuilder->get()
#5 C:\xampp\htdocs\FestOn\system\CodeIgniter.php(934): App\Controllers\Jurados->index('728be09add8dca5...')
#6 C:\xampp\htdocs\FestOn\system\CodeIgniter.php(499): CodeIgniter\CodeIgniter->runController(Object(App\Controllers\Jurados))
#7 C:\xampp\htdocs\FestOn\system\CodeIgniter.php(368): CodeIgniter\CodeIgniter->handleRequest(NULL, Object(Config\Cache), false)
#8 C:\xampp\htdocs\FestOn\public\index.php(67): CodeIgniter\CodeIgniter->run()
#9 {main}
CRITICAL - 2025-10-02 17:28:09 --> Unknown column 'A.corgf_id' in 'on clause'
in SYSTEMPATH\Database\MySQLi\Connection.php on line 295.
 1 SYSTEMPATH\Database\MySQLi\Connection.php(295): mysqli->query('SELECT `G`.`grp_id`, `G`.`grp_titulo`, MIN(C.corgf_id) AS first_corgf_id
FROM `tbl_grupos` `G`
INNER JOIN `tbl_coreografias` `C` ON `C`.`grp_id` = `G`.`grp_id` AND `C`.`corgf_ativo` = 1
LEFT JOIN `tbl_avaliacoes` `A` ON `A`.`corgf_id` = `C`.`corgf_id` AND `A`.`aval_ativo` = 1
WHERE `A`.`aval_id` IS NULL
GROUP BY `G`.`grp_id`, `G`.`grp_titulo`
ORDER BY `G`.`grp_titulo` ASC', 0)
 2 SYSTEMPATH\Database\BaseConnection.php(692): CodeIgniter\Database\MySQLi\Connection->execute('SELECT `G`.`grp_id`, `G`.`grp_titulo`, MIN(C.corgf_id) AS first_corgf_id
FROM `tbl_grupos` `G`
INNER JOIN `tbl_coreografias` `C` ON `C`.`grp_id` = `G`.`grp_id` AND `C`.`corgf_ativo` = 1
LEFT JOIN `tbl_avaliacoes` `A` ON `A`.`corgf_id` = `C`.`corgf_id` AND `A`.`aval_ativo` = 1
WHERE `A`.`aval_id` IS NULL
GROUP BY `G`.`grp_id`, `G`.`grp_titulo`
ORDER BY `G`.`grp_titulo` ASC')
 3 SYSTEMPATH\Database\BaseConnection.php(606): CodeIgniter\Database\BaseConnection->simpleQuery('SELECT `G`.`grp_id`, `G`.`grp_titulo`, MIN(C.corgf_id) AS first_corgf_id
FROM `tbl_grupos` `G`
INNER JOIN `tbl_coreografias` `C` ON `C`.`grp_id` = `G`.`grp_id` AND `C`.`corgf_ativo` = 1
LEFT JOIN `tbl_avaliacoes` `A` ON `A`.`corgf_id` = `C`.`corgf_id` AND `A`.`aval_ativo` = 1
WHERE `A`.`aval_id` IS NULL
GROUP BY `G`.`grp_id`, `G`.`grp_titulo`
ORDER BY `G`.`grp_titulo` ASC')
 4 SYSTEMPATH\Database\BaseBuilder.php(1616): CodeIgniter\Database\BaseConnection->query('SELECT `G`.`grp_id`, `G`.`grp_titulo`, MIN(C.corgf_id) AS first_corgf_id
FROM `tbl_grupos` `G`
INNER JOIN `tbl_coreografias` `C` ON `C`.`grp_id` = `G`.`grp_id` AND `C`.`corgf_ativo` = 1
LEFT JOIN `tbl_avaliacoes` `A` ON `A`.`corgf_id` = `C`.`corgf_id` AND `A`.`aval_ativo` = 1
WHERE `A`.`aval_id` IS NULL
GROUP BY `G`.`grp_id`, `G`.`grp_titulo`
ORDER BY `G`.`grp_titulo` ASC', [], false)
 5 APPPATH\Controllers\Jurados.php(76): CodeIgniter\Database\BaseBuilder->get()
 6 SYSTEMPATH\CodeIgniter.php(934): App\Controllers\Jurados->index('728be09add8dca55929d3bb317673d8c')
 7 SYSTEMPATH\CodeIgniter.php(499): CodeIgniter\CodeIgniter->runController(Object(App\Controllers\Jurados))
 8 SYSTEMPATH\CodeIgniter.php(368): CodeIgniter\CodeIgniter->handleRequest(null, Object(Config\Cache), false)
 9 FCPATH\index.php(67): CodeIgniter\CodeIgniter->run()
ERROR - 2025-10-02 17:28:12 --> mysqli_sql_exception: Unknown column 'A.corgf_id' in 'on clause' in C:\xampp\htdocs\FestOn\system\Database\MySQLi\Connection.php:295
Stack trace:
#0 C:\xampp\htdocs\FestOn\system\Database\MySQLi\Connection.php(295): mysqli->query('SELECT MIN(C.co...', 0)
#1 C:\xampp\htdocs\FestOn\system\Database\BaseConnection.php(692): CodeIgniter\Database\MySQLi\Connection->execute('SELECT MIN(C.co...')
#2 C:\xampp\htdocs\FestOn\system\Database\BaseConnection.php(606): CodeIgniter\Database\BaseConnection->simpleQuery('SELECT MIN(C.co...')
#3 C:\xampp\htdocs\FestOn\system\Database\BaseBuilder.php(1616): CodeIgniter\Database\BaseConnection->query('SELECT MIN(C.co...', Array, false)
#4 C:\xampp\htdocs\FestOn\app\Controllers\Jurados.php(35): CodeIgniter\Database\BaseBuilder->get()
#5 C:\xampp\htdocs\FestOn\system\CodeIgniter.php(934): App\Controllers\Jurados->index()
#6 C:\xampp\htdocs\FestOn\system\CodeIgniter.php(499): CodeIgniter\CodeIgniter->runController(Object(App\Controllers\Jurados))
#7 C:\xampp\htdocs\FestOn\system\CodeIgniter.php(368): CodeIgniter\CodeIgniter->handleRequest(NULL, Object(Config\Cache), false)
#8 C:\xampp\htdocs\FestOn\public\index.php(67): CodeIgniter\CodeIgniter->run()
#9 {main}
CRITICAL - 2025-10-02 17:28:12 --> Unknown column 'A.corgf_id' in 'on clause'
in SYSTEMPATH\Database\MySQLi\Connection.php on line 295.
 1 SYSTEMPATH\Database\MySQLi\Connection.php(295): mysqli->query('SELECT MIN(C.corgf_id) AS first_corgf_id
FROM `tbl_grupos` `G`
INNER JOIN `tbl_coreografias` `C` ON `C`.`grp_id` = `G`.`grp_id` AND `C`.`corgf_ativo` = 1
LEFT JOIN `tbl_avaliacoes` `A` ON `A`.`corgf_id` = `C`.`corgf_id` AND `A`.`aval_ativo` = 1
WHERE `A`.`aval_id` IS NULL
GROUP BY `G`.`grp_id`
ORDER BY `G`.`grp_titulo` ASC
 LIMIT 1', 0)
 2 SYSTEMPATH\Database\BaseConnection.php(692): CodeIgniter\Database\MySQLi\Connection->execute('SELECT MIN(C.corgf_id) AS first_corgf_id
FROM `tbl_grupos` `G`
INNER JOIN `tbl_coreografias` `C` ON `C`.`grp_id` = `G`.`grp_id` AND `C`.`corgf_ativo` = 1
LEFT JOIN `tbl_avaliacoes` `A` ON `A`.`corgf_id` = `C`.`corgf_id` AND `A`.`aval_ativo` = 1
WHERE `A`.`aval_id` IS NULL
GROUP BY `G`.`grp_id`
ORDER BY `G`.`grp_titulo` ASC
 LIMIT 1')
 3 SYSTEMPATH\Database\BaseConnection.php(606): CodeIgniter\Database\BaseConnection->simpleQuery('SELECT MIN(C.corgf_id) AS first_corgf_id
FROM `tbl_grupos` `G`
INNER JOIN `tbl_coreografias` `C` ON `C`.`grp_id` = `G`.`grp_id` AND `C`.`corgf_ativo` = 1
LEFT JOIN `tbl_avaliacoes` `A` ON `A`.`corgf_id` = `C`.`corgf_id` AND `A`.`aval_ativo` = 1
WHERE `A`.`aval_id` IS NULL
GROUP BY `G`.`grp_id`
ORDER BY `G`.`grp_titulo` ASC
 LIMIT 1')
 4 SYSTEMPATH\Database\BaseBuilder.php(1616): CodeIgniter\Database\BaseConnection->query('SELECT MIN(C.corgf_id) AS first_corgf_id
FROM `tbl_grupos` `G`
INNER JOIN `tbl_coreografias` `C` ON `C`.`grp_id` = `G`.`grp_id` AND `C`.`corgf_ativo` = 1
LEFT JOIN `tbl_avaliacoes` `A` ON `A`.`corgf_id` = `C`.`corgf_id` AND `A`.`aval_ativo` = 1
WHERE `A`.`aval_id` IS NULL
GROUP BY `G`.`grp_id`
ORDER BY `G`.`grp_titulo` ASC
 LIMIT 1', [], false)
 5 APPPATH\Controllers\Jurados.php(35): CodeIgniter\Database\BaseBuilder->get()
 6 SYSTEMPATH\CodeIgniter.php(934): App\Controllers\Jurados->index()
 7 SYSTEMPATH\CodeIgniter.php(499): CodeIgniter\CodeIgniter->runController(Object(App\Controllers\Jurados))
 8 SYSTEMPATH\CodeIgniter.php(368): CodeIgniter\CodeIgniter->handleRequest(null, Object(Config\Cache), false)
 9 FCPATH\index.php(67): CodeIgniter\CodeIgniter->run()
CRITICAL - 2025-10-02 20:41:59 --> syntax error, unexpected token "else"
in APPPATH\Controllers\Jurados.php on line 1171.
 1 SYSTEMPATH\Router\Router.php(507): CodeIgniter\Router\AutoRouter->getRoute('jurados/index/66ed5981323a2593af261f7a63cdda42')
 2 SYSTEMPATH\Router\Router.php(206): CodeIgniter\Router\Router->autoRoute('jurados/index/66ed5981323a2593af261f7a63cdda42')
 3 SYSTEMPATH\CodeIgniter.php(815): CodeIgniter\Router\Router->handle('jurados/index/66ed5981323a2593af261f7a63cdda42')
 4 SYSTEMPATH\CodeIgniter.php(449): CodeIgniter\CodeIgniter->tryToRouteIt(Object(CodeIgniter\Router\RouteCollection))
 5 SYSTEMPATH\CodeIgniter.php(368): CodeIgniter\CodeIgniter->handleRequest(null, Object(Config\Cache), false)
 6 FCPATH\index.php(67): CodeIgniter\CodeIgniter->run()
CRITICAL - 2025-10-02 20:42:05 --> syntax error, unexpected token "else"
in APPPATH\Controllers\Jurados.php on line 1171.
 1 SYSTEMPATH\Router\Router.php(507): CodeIgniter\Router\AutoRouter->getRoute('jurados/index/')
 2 SYSTEMPATH\Router\Router.php(206): CodeIgniter\Router\Router->autoRoute('jurados/index/')
 3 SYSTEMPATH\CodeIgniter.php(815): CodeIgniter\Router\Router->handle('jurados/index/')
 4 SYSTEMPATH\CodeIgniter.php(449): CodeIgniter\CodeIgniter->tryToRouteIt(Object(CodeIgniter\Router\RouteCollection))
 5 SYSTEMPATH\CodeIgniter.php(368): CodeIgniter\CodeIgniter->handleRequest(null, Object(Config\Cache), false)
 6 FCPATH\index.php(67): CodeIgniter\CodeIgniter->run()
CRITICAL - 2025-10-02 20:42:08 --> syntax error, unexpected token "else"
in APPPATH\Controllers\Jurados.php on line 1171.
 1 SYSTEMPATH\Router\Router.php(507): CodeIgniter\Router\AutoRouter->getRoute('jurados/index/')
 2 SYSTEMPATH\Router\Router.php(206): CodeIgniter\Router\Router->autoRoute('jurados/index/')
 3 SYSTEMPATH\CodeIgniter.php(815): CodeIgniter\Router\Router->handle('jurados/index/')
 4 SYSTEMPATH\CodeIgniter.php(449): CodeIgniter\CodeIgniter->tryToRouteIt(Object(CodeIgniter\Router\RouteCollection))
 5 SYSTEMPATH\CodeIgniter.php(368): CodeIgniter\CodeIgniter->handleRequest(null, Object(Config\Cache), false)
 6 FCPATH\index.php(67): CodeIgniter\CodeIgniter->run()
CRITICAL - 2025-10-02 20:45:38 --> syntax error, unexpected token "else"
in APPPATH\Controllers\Jurados.php on line 1171.
 1 SYSTEMPATH\Router\Router.php(507): CodeIgniter\Router\AutoRouter->getRoute('jurados/index/')
 2 SYSTEMPATH\Router\Router.php(206): CodeIgniter\Router\Router->autoRoute('jurados/index/')
 3 SYSTEMPATH\CodeIgniter.php(815): CodeIgniter\Router\Router->handle('jurados/index/')
 4 SYSTEMPATH\CodeIgniter.php(449): CodeIgniter\CodeIgniter->tryToRouteIt(Object(CodeIgniter\Router\RouteCollection))
 5 SYSTEMPATH\CodeIgniter.php(368): CodeIgniter\CodeIgniter->handleRequest(null, Object(Config\Cache), false)
 6 FCPATH\index.php(67): CodeIgniter\CodeIgniter->run()
CRITICAL - 2025-10-02 20:46:28 --> Cannot redeclare App\Models\AvaliacoesModel::verificar_grupo_completo()
in APPPATH\Models\AvaliacoesModel.php on line 118.
 1 [internal function]: CodeIgniter\Debug\Exceptions->shutdownHandler()
CRITICAL - 2025-10-02 20:46:30 --> Cannot redeclare App\Models\AvaliacoesModel::verificar_grupo_completo()
in APPPATH\Models\AvaliacoesModel.php on line 118.
 1 [internal function]: CodeIgniter\Debug\Exceptions->shutdownHandler()
CRITICAL - 2025-10-02 20:46:31 --> Cannot redeclare App\Models\AvaliacoesModel::verificar_grupo_completo()
in APPPATH\Models\AvaliacoesModel.php on line 118.
 1 [internal function]: CodeIgniter\Debug\Exceptions->shutdownHandler()
CRITICAL - 2025-10-02 20:46:32 --> Cannot redeclare App\Models\AvaliacoesModel::verificar_grupo_completo()
in APPPATH\Models\AvaliacoesModel.php on line 118.
 1 [internal function]: CodeIgniter\Debug\Exceptions->shutdownHandler()
ERROR - 2025-10-02 17:47:32 --> mysqli_sql_exception: Unknown column 'A.grp_id' in 'on clause' in C:\xampp\htdocs\FestOn\system\Database\MySQLi\Connection.php:295
Stack trace:
#0 C:\xampp\htdocs\FestOn\system\Database\MySQLi\Connection.php(295): mysqli->query('SELECT MIN(C.co...', 0)
#1 C:\xampp\htdocs\FestOn\system\Database\BaseConnection.php(692): CodeIgniter\Database\MySQLi\Connection->execute('SELECT MIN(C.co...')
#2 C:\xampp\htdocs\FestOn\system\Database\BaseConnection.php(606): CodeIgniter\Database\BaseConnection->simpleQuery('SELECT MIN(C.co...')
#3 C:\xampp\htdocs\FestOn\system\Database\BaseBuilder.php(1616): CodeIgniter\Database\BaseConnection->query('SELECT MIN(C.co...', Array, false)
#4 C:\xampp\htdocs\FestOn\app\Controllers\Jurados.php(36): CodeIgniter\Database\BaseBuilder->get()
#5 C:\xampp\htdocs\FestOn\system\CodeIgniter.php(934): App\Controllers\Jurados->index()
#6 C:\xampp\htdocs\FestOn\system\CodeIgniter.php(499): CodeIgniter\CodeIgniter->runController(Object(App\Controllers\Jurados))
#7 C:\xampp\htdocs\FestOn\system\CodeIgniter.php(368): CodeIgniter\CodeIgniter->handleRequest(NULL, Object(Config\Cache), false)
#8 C:\xampp\htdocs\FestOn\public\index.php(67): CodeIgniter\CodeIgniter->run()
#9 {main}
CRITICAL - 2025-10-02 17:47:32 --> Unknown column 'A.grp_id' in 'on clause'
in SYSTEMPATH\Database\MySQLi\Connection.php on line 295.
 1 SYSTEMPATH\Database\MySQLi\Connection.php(295): mysqli->query('SELECT MIN(C.corgf_id) AS first_corgf_id
FROM `tbl_grupos` `G`
INNER JOIN `tbl_coreografias` `C` ON `C`.`grp_id` = `G`.`grp_id` AND `C`.`corgf_ativo` = 1
LEFT JOIN `tbl_avaliacoes` `A` ON `A`.`grp_id` = `G`.`grp_id` AND `A`.`aval_ativo` = 1
WHERE `A`.`aval_id` IS NULL
GROUP BY `G`.`grp_id`
ORDER BY `G`.`grp_titulo` ASC
 LIMIT 1', 0)
 2 SYSTEMPATH\Database\BaseConnection.php(692): CodeIgniter\Database\MySQLi\Connection->execute('SELECT MIN(C.corgf_id) AS first_corgf_id
FROM `tbl_grupos` `G`
INNER JOIN `tbl_coreografias` `C` ON `C`.`grp_id` = `G`.`grp_id` AND `C`.`corgf_ativo` = 1
LEFT JOIN `tbl_avaliacoes` `A` ON `A`.`grp_id` = `G`.`grp_id` AND `A`.`aval_ativo` = 1
WHERE `A`.`aval_id` IS NULL
GROUP BY `G`.`grp_id`
ORDER BY `G`.`grp_titulo` ASC
 LIMIT 1')
 3 SYSTEMPATH\Database\BaseConnection.php(606): CodeIgniter\Database\BaseConnection->simpleQuery('SELECT MIN(C.corgf_id) AS first_corgf_id
FROM `tbl_grupos` `G`
INNER JOIN `tbl_coreografias` `C` ON `C`.`grp_id` = `G`.`grp_id` AND `C`.`corgf_ativo` = 1
LEFT JOIN `tbl_avaliacoes` `A` ON `A`.`grp_id` = `G`.`grp_id` AND `A`.`aval_ativo` = 1
WHERE `A`.`aval_id` IS NULL
GROUP BY `G`.`grp_id`
ORDER BY `G`.`grp_titulo` ASC
 LIMIT 1')
 4 SYSTEMPATH\Database\BaseBuilder.php(1616): CodeIgniter\Database\BaseConnection->query('SELECT MIN(C.corgf_id) AS first_corgf_id
FROM `tbl_grupos` `G`
INNER JOIN `tbl_coreografias` `C` ON `C`.`grp_id` = `G`.`grp_id` AND `C`.`corgf_ativo` = 1
LEFT JOIN `tbl_avaliacoes` `A` ON `A`.`grp_id` = `G`.`grp_id` AND `A`.`aval_ativo` = 1
WHERE `A`.`aval_id` IS NULL
GROUP BY `G`.`grp_id`
ORDER BY `G`.`grp_titulo` ASC
 LIMIT 1', [], false)
 5 APPPATH\Controllers\Jurados.php(36): CodeIgniter\Database\BaseBuilder->get()
 6 SYSTEMPATH\CodeIgniter.php(934): App\Controllers\Jurados->index()
 7 SYSTEMPATH\CodeIgniter.php(499): CodeIgniter\CodeIgniter->runController(Object(App\Controllers\Jurados))
 8 SYSTEMPATH\CodeIgniter.php(368): CodeIgniter\CodeIgniter->handleRequest(null, Object(Config\Cache), false)
 9 FCPATH\index.php(67): CodeIgniter\CodeIgniter->run()
ERROR - 2025-10-02 17:50:14 --> mysqli_sql_exception: You have an error in your SQL syntax; check the manual that corresponds to your MariaDB server version for the right syntax to use near '.`grp_id` FROM `tbl_coreografias` `C2` INNER JOIN `tbl_avaliacoes` `A2` ON `A...' at line 4 in C:\xampp\htdocs\FestOn\system\Database\MySQLi\Connection.php:295
Stack trace:
#0 C:\xampp\htdocs\FestOn\system\Database\MySQLi\Connection.php(295): mysqli->query('SELECT `G`.`grp...', 0)
#1 C:\xampp\htdocs\FestOn\system\Database\BaseConnection.php(692): CodeIgniter\Database\MySQLi\Connection->execute('SELECT `G`.`grp...')
#2 C:\xampp\htdocs\FestOn\system\Database\BaseConnection.php(606): CodeIgniter\Database\BaseConnection->simpleQuery('SELECT `G`.`grp...')
#3 C:\xampp\htdocs\FestOn\system\Database\BaseBuilder.php(1616): CodeIgniter\Database\BaseConnection->query('SELECT `G`.`grp...', Array, false)
#4 C:\xampp\htdocs\FestOn\app\Controllers\Jurados.php(61): CodeIgniter\Database\BaseBuilder->get()
#5 C:\xampp\htdocs\FestOn\system\CodeIgniter.php(934): App\Controllers\Jurados->index('6f9e10989c6ccf2...')
#6 C:\xampp\htdocs\FestOn\system\CodeIgniter.php(499): CodeIgniter\CodeIgniter->runController(Object(App\Controllers\Jurados))
#7 C:\xampp\htdocs\FestOn\system\CodeIgniter.php(368): CodeIgniter\CodeIgniter->handleRequest(NULL, Object(Config\Cache), false)
#8 C:\xampp\htdocs\FestOn\public\index.php(67): CodeIgniter\CodeIgniter->run()
#9 {main}
CRITICAL - 2025-10-02 17:50:14 --> You have an error in your SQL syntax; check the manual that corresponds to your MariaDB server version for the right syntax to use near '.`grp_id` FROM `tbl_coreografias` `C2` INNER JOIN `tbl_avaliacoes` `A2` ON `A...' at line 4
in SYSTEMPATH\Database\MySQLi\Connection.php on line 295.
 1 SYSTEMPATH\Database\MySQLi\Connection.php(295): mysqli->query('SELECT `G`.`grp_id`, `G`.`grp_titulo`, MIN(C.corgf_id) AS first_corgf_id
FROM `tbl_grupos` `G`
INNER JOIN `tbl_coreografias` `C` ON `C`.`grp_id` = `G`.`grp_id` AND `C`.`corgf_ativo` = 1
WHERE `G`.`grp_id` NOT IN (SELECT `DISTINCT` `C2`.`grp_id` FROM `tbl_coreografias` `C2` INNER JOIN `tbl_avaliacoes` `A2` ON `A2`.`corgf_id` = `C2`.`corgf_id` AND `A2`.`aval_ativo` = 1 WHERE `C2`.`corgf_ativo` = 1)
GROUP BY `G`.`grp_id`, `G`.`grp_titulo`
ORDER BY `G`.`grp_titulo` ASC', 0)
 2 SYSTEMPATH\Database\BaseConnection.php(692): CodeIgniter\Database\MySQLi\Connection->execute('SELECT `G`.`grp_id`, `G`.`grp_titulo`, MIN(C.corgf_id) AS first_corgf_id
FROM `tbl_grupos` `G`
INNER JOIN `tbl_coreografias` `C` ON `C`.`grp_id` = `G`.`grp_id` AND `C`.`corgf_ativo` = 1
WHERE `G`.`grp_id` NOT IN (SELECT `DISTINCT` `C2`.`grp_id` FROM `tbl_coreografias` `C2` INNER JOIN `tbl_avaliacoes` `A2` ON `A2`.`corgf_id` = `C2`.`corgf_id` AND `A2`.`aval_ativo` = 1 WHERE `C2`.`corgf_ativo` = 1)
GROUP BY `G`.`grp_id`, `G`.`grp_titulo`
ORDER BY `G`.`grp_titulo` ASC')
 3 SYSTEMPATH\Database\BaseConnection.php(606): CodeIgniter\Database\BaseConnection->simpleQuery('SELECT `G`.`grp_id`, `G`.`grp_titulo`, MIN(C.corgf_id) AS first_corgf_id
FROM `tbl_grupos` `G`
INNER JOIN `tbl_coreografias` `C` ON `C`.`grp_id` = `G`.`grp_id` AND `C`.`corgf_ativo` = 1
WHERE `G`.`grp_id` NOT IN (SELECT `DISTINCT` `C2`.`grp_id` FROM `tbl_coreografias` `C2` INNER JOIN `tbl_avaliacoes` `A2` ON `A2`.`corgf_id` = `C2`.`corgf_id` AND `A2`.`aval_ativo` = 1 WHERE `C2`.`corgf_ativo` = 1)
GROUP BY `G`.`grp_id`, `G`.`grp_titulo`
ORDER BY `G`.`grp_titulo` ASC')
 4 SYSTEMPATH\Database\BaseBuilder.php(1616): CodeIgniter\Database\BaseConnection->query('SELECT `G`.`grp_id`, `G`.`grp_titulo`, MIN(C.corgf_id) AS first_corgf_id
FROM `tbl_grupos` `G`
INNER JOIN `tbl_coreografias` `C` ON `C`.`grp_id` = `G`.`grp_id` AND `C`.`corgf_ativo` = 1
WHERE `G`.`grp_id` NOT IN :G.grp_id:
GROUP BY `G`.`grp_id`, `G`.`grp_titulo`
ORDER BY `G`.`grp_titulo` ASC', [...], false)
 5 APPPATH\Controllers\Jurados.php(61): CodeIgniter\Database\BaseBuilder->get()
 6 SYSTEMPATH\CodeIgniter.php(934): App\Controllers\Jurados->index('6f9e10989c6ccf2e88b23c5679b2fe5e')
 7 SYSTEMPATH\CodeIgniter.php(499): CodeIgniter\CodeIgniter->runController(Object(App\Controllers\Jurados))
 8 SYSTEMPATH\CodeIgniter.php(368): CodeIgniter\CodeIgniter->handleRequest(null, Object(Config\Cache), false)
 9 FCPATH\index.php(67): CodeIgniter\CodeIgniter->run()
