ERROR - 2025-10-01 13:22:52 --> Error connecting to the database: mysqli_sql_exception: Access denied for user 'u482227589_wagner'@'localhost' (using password: YES) in D:\xampp\htdocs\bxteste\system\Database\MySQLi\Connection.php:173
Stack trace:
#0 D:\xampp\htdocs\bxteste\system\Database\MySQLi\Connection.php(173): mysqli->real_connect('localhost', 'u482227589_wagn...', Object(SensitiveParameterValue), 'u482227589_code...', 3306, '', 0)
#1 D:\xampp\htdocs\bxteste\system\Database\BaseConnection.php(391): CodeIgniter\Database\MySQLi\Connection->connect(false)
#2 D:\xampp\htdocs\bxteste\system\Session\Handlers\DatabaseHandler.php(109): CodeIgniter\Database\BaseConnection->initialize()
#3 [internal function]: CodeIgniter\Session\Handlers\DatabaseHandler->open('ci_sessions', 'ci_session')
#4 D:\xampp\htdocs\bxteste\system\Session\Session.php(928): session_start()
#5 D:\xampp\htdocs\bxteste\system\Session\Session.php(250): CodeIgniter\Session\Session->startSession()
#6 D:\xampp\htdocs\bxteste\system\Config\Services.php(674): CodeIgniter\Session\Session->start()
#7 D:\xampp\htdocs\bxteste\system\Config\BaseService.php(252): CodeIgniter\Config\Services::session(Object(Config\App), false)
#8 D:\xampp\htdocs\bxteste\system\Config\BaseService.php(193): CodeIgniter\Config\BaseService::__callStatic('session', Array)
#9 D:\xampp\htdocs\bxteste\system\Config\Services.php(641): CodeIgniter\Config\BaseService::getSharedInstance('session', NULL)
#10 D:\xampp\htdocs\bxteste\system\Config\BaseService.php(252): CodeIgniter\Config\Services::session()
#11 D:\xampp\htdocs\bxteste\app\Controllers\BaseController.php(75): CodeIgniter\Config\BaseService::__callStatic('session', Array)
#12 D:\xampp\htdocs\bxteste\system\CodeIgniter.php(907): App\Controllers\BaseController->initController(Object(CodeIgniter\HTTP\IncomingRequest), Object(CodeIgniter\HTTP\Response), Object(CodeIgniter\Log\Logger))
#13 D:\xampp\htdocs\bxteste\system\CodeIgniter.php(490): CodeIgniter\CodeIgniter->createController()
#14 D:\xampp\htdocs\bxteste\system\CodeIgniter.php(368): CodeIgniter\CodeIgniter->handleRequest(NULL, Object(Config\Cache), false)
#15 D:\xampp\htdocs\bxteste\public\index.php(67): CodeIgniter\CodeIgniter->run()
#16 {main}

Next CodeIgniter\Database\Exceptions\DatabaseException: Access denied for user '****'@'localhost' (using password: YES) in D:\xampp\htdocs\bxteste\system\Database\MySQLi\Connection.php:218
Stack trace:
#0 D:\xampp\htdocs\bxteste\system\Database\BaseConnection.php(391): CodeIgniter\Database\MySQLi\Connection->connect(false)
#1 D:\xampp\htdocs\bxteste\system\Session\Handlers\DatabaseHandler.php(109): CodeIgniter\Database\BaseConnection->initialize()
#2 [internal function]: CodeIgniter\Session\Handlers\DatabaseHandler->open('ci_sessions', 'ci_session')
#3 D:\xampp\htdocs\bxteste\system\Session\Session.php(928): session_start()
#4 D:\xampp\htdocs\bxteste\system\Session\Session.php(250): CodeIgniter\Session\Session->startSession()
#5 D:\xampp\htdocs\bxteste\system\Config\Services.php(674): CodeIgniter\Session\Session->start()
#6 D:\xampp\htdocs\bxteste\system\Config\BaseService.php(252): CodeIgniter\Config\Services::session(Object(Config\App), false)
#7 D:\xampp\htdocs\bxteste\system\Config\BaseService.php(193): CodeIgniter\Config\BaseService::__callStatic('session', Array)
#8 D:\xampp\htdocs\bxteste\system\Config\Services.php(641): CodeIgniter\Config\BaseService::getSharedInstance('session', NULL)
#9 D:\xampp\htdocs\bxteste\system\Config\BaseService.php(252): CodeIgniter\Config\Services::session()
#10 D:\xampp\htdocs\bxteste\app\Controllers\BaseController.php(75): CodeIgniter\Config\BaseService::__callStatic('session', Array)
#11 D:\xampp\htdocs\bxteste\system\CodeIgniter.php(907): App\Controllers\BaseController->initController(Object(CodeIgniter\HTTP\IncomingRequest), Object(CodeIgniter\HTTP\Response), Object(CodeIgniter\Log\Logger))
#12 D:\xampp\htdocs\bxteste\system\CodeIgniter.php(490): CodeIgniter\CodeIgniter->createController()
#13 D:\xampp\htdocs\bxteste\system\CodeIgniter.php(368): CodeIgniter\CodeIgniter->handleRequest(NULL, Object(Config\Cache), false)
#14 D:\xampp\htdocs\bxteste\public\index.php(67): CodeIgniter\CodeIgniter->run()
#15 {main}
CRITICAL - 2025-10-01 13:22:52 --> Unable to connect to the database.
Main connection [MySQLi]: Access denied for user '****'@'localhost' (using password: YES)
in SYSTEMPATH\Database\BaseConnection.php on line 427.
 1 SYSTEMPATH\Session\Handlers\DatabaseHandler.php(109): CodeIgniter\Database\BaseConnection->initialize()
 2 [internal function]: CodeIgniter\Session\Handlers\DatabaseHandler->open('ci_sessions', 'ci_session')
 3 SYSTEMPATH\Session\Session.php(928): session_start()
 4 SYSTEMPATH\Session\Session.php(250): CodeIgniter\Session\Session->startSession()
 5 SYSTEMPATH\Config\Services.php(674): CodeIgniter\Session\Session->start()
 6 SYSTEMPATH\Config\BaseService.php(252): CodeIgniter\Config\Services::session(Object(Config\App), false)
 7 SYSTEMPATH\Config\BaseService.php(193): CodeIgniter\Config\BaseService::__callStatic('session', [...])
 8 SYSTEMPATH\Config\Services.php(641): CodeIgniter\Config\BaseService::getSharedInstance('session', null)
 9 SYSTEMPATH\Config\BaseService.php(252): CodeIgniter\Config\Services::session()
10 APPPATH\Controllers\BaseController.php(75): CodeIgniter\Config\BaseService::__callStatic('session', [])
11 SYSTEMPATH\CodeIgniter.php(907): App\Controllers\BaseController->initController(Object(CodeIgniter\HTTP\IncomingRequest), Object(CodeIgniter\HTTP\Response), Object(CodeIgniter\Log\Logger))
12 SYSTEMPATH\CodeIgniter.php(490): CodeIgniter\CodeIgniter->createController()
13 SYSTEMPATH\CodeIgniter.php(368): CodeIgniter\CodeIgniter->handleRequest(null, Object(Config\Cache), false)
14 FCPATH\index.php(67): CodeIgniter\CodeIgniter->run()
CRITICAL - 2025-10-01 10:32:42 --> Undefined property: stdClass::$grp_status
in APPPATH\Views\inscricoes\grupos.php on line 108.
 1 APPPATH\Views\inscricoes\grupos.php(108): CodeIgniter\Debug\Exceptions->errorHandler(2, 'Undefined property: stdClass::$grp_status', 'D:\\xampp\\htdocs\\bxteste\\app\\Views\\inscricoes\\grupos.php', 108)
 2 SYSTEMPATH\View\View.php(213): include('D:\\xampp\\htdocs\\bxteste\\app\\Views\\inscricoes\\grupos.php')
 3 SYSTEMPATH\View\View.php(216): CodeIgniter\View\View->CodeIgniter\View\{closure}()
 4 SYSTEMPATH\Common.php(1184): CodeIgniter\View\View->render('inscricoes/grupos', [], true)
 5 APPPATH\Controllers\Inscricoes.php(437): view('inscricoes/grupos', [...])
 6 SYSTEMPATH\CodeIgniter.php(934): App\Controllers\Inscricoes->grupos('a973badc2e4fbccbdc2896051121a4e7')
 7 SYSTEMPATH\CodeIgniter.php(499): CodeIgniter\CodeIgniter->runController(Object(App\Controllers\Inscricoes))
 8 SYSTEMPATH\CodeIgniter.php(368): CodeIgniter\CodeIgniter->handleRequest(null, Object(Config\Cache), false)
 9 FCPATH\index.php(67): CodeIgniter\CodeIgniter->run()
CRITICAL - 2025-10-01 10:42:45 --> file_get_contents(D:\xampp\htdocs\bxteste\writable\uploads/instituicoes/danca-carajas-festival/eventos/danca-carajas-festival/grupos/mabruma/logomarca_1758885105_901718e7598b6ce60d1c.jpeg): Failed to open stream: No such file or directory
in APPPATH\Controllers\Renderimage.php on line 144.
 1 [internal function]: CodeIgniter\Debug\Exceptions->errorHandler(2, 'file_get_contents(D:\\xampp\\htdocs\\bxteste\\writable\\uploads/instituicoes/danca-carajas-festival/eventos/danca-carajas-festival/grupos/mabruma/logomarca_1758885105_901718e7598b6ce60d1c.jpeg): Failed to open stream: No such file or directory', 'D:\\xampp\\htdocs\\bxteste\\app\\Controllers\\Renderimage.php', 144)
 2 APPPATH\Controllers\Renderimage.php(144): file_get_contents('D:\\xampp\\htdocs\\bxteste\\writable\\uploads/instituicoes/danca-carajas-festival/eventos/danca-carajas-festival/grupos/mabruma/logomarca_1758885105_901718e7598b6ce60d1c.jpeg')
 3 SYSTEMPATH\CodeIgniter.php(934): App\Controllers\Renderimage->view_grupos('f3bd386608e3c28c268e152833fa57a6', 'logomarca_1758885105_901718e7598b6ce60d1c.jpeg')
 4 SYSTEMPATH\CodeIgniter.php(499): CodeIgniter\CodeIgniter->runController(Object(App\Controllers\Renderimage))
 5 SYSTEMPATH\CodeIgniter.php(368): CodeIgniter\CodeIgniter->handleRequest(null, Object(Config\Cache), false)
 6 FCPATH\index.php(67): CodeIgniter\CodeIgniter->run()
CRITICAL - 2025-10-01 10:42:45 --> file_get_contents(D:\xampp\htdocs\bxteste\writable\uploads/instituicoes/danca-carajas-festival/eventos/danca-carajas-festival/grupos/xxxxxxxxxxx/logomarca_1758893891_48f149a8199a8ed98e06.jpeg): Failed to open stream: No such file or directory
in APPPATH\Controllers\Renderimage.php on line 144.
 1 [internal function]: CodeIgniter\Debug\Exceptions->errorHandler(2, 'file_get_contents(D:\\xampp\\htdocs\\bxteste\\writable\\uploads/instituicoes/danca-carajas-festival/eventos/danca-carajas-festival/grupos/xxxxxxxxxxx/logomarca_1758893891_48f149a8199a8ed98e06.jpeg): Failed to open stream: No such file or directory', 'D:\\xampp\\htdocs\\bxteste\\app\\Controllers\\Renderimage.php', 144)
 2 APPPATH\Controllers\Renderimage.php(144): file_get_contents('D:\\xampp\\htdocs\\bxteste\\writable\\uploads/instituicoes/danca-carajas-festival/eventos/danca-carajas-festival/grupos/xxxxxxxxxxx/logomarca_1758893891_48f149a8199a8ed98e06.jpeg')
 3 SYSTEMPATH\CodeIgniter.php(934): App\Controllers\Renderimage->view_grupos('89eb93c9c00bf5af2c5d34bd9bf4a82a', 'logomarca_1758893891_48f149a8199a8ed98e06.jpeg')
 4 SYSTEMPATH\CodeIgniter.php(499): CodeIgniter\CodeIgniter->runController(Object(App\Controllers\Renderimage))
 5 SYSTEMPATH\CodeIgniter.php(368): CodeIgniter\CodeIgniter->handleRequest(null, Object(Config\Cache), false)
 6 FCPATH\index.php(67): CodeIgniter\CodeIgniter->run()
CRITICAL - 2025-10-01 10:42:46 --> file_get_contents(D:\xampp\htdocs\bxteste\writable\uploads/instituicoes/danca-carajas-festival/eventos/danca-carajas-festival/grupos/xxxxxx/logomarca_1758888612_bd225aa122ad3aa5705d.jpeg): Failed to open stream: No such file or directory
in APPPATH\Controllers\Renderimage.php on line 144.
 1 [internal function]: CodeIgniter\Debug\Exceptions->errorHandler(2, 'file_get_contents(D:\\xampp\\htdocs\\bxteste\\writable\\uploads/instituicoes/danca-carajas-festival/eventos/danca-carajas-festival/grupos/xxxxxx/logomarca_1758888612_bd225aa122ad3aa5705d.jpeg): Failed to open stream: No such file or directory', 'D:\\xampp\\htdocs\\bxteste\\app\\Controllers\\Renderimage.php', 144)
 2 APPPATH\Controllers\Renderimage.php(144): file_get_contents('D:\\xampp\\htdocs\\bxteste\\writable\\uploads/instituicoes/danca-carajas-festival/eventos/danca-carajas-festival/grupos/xxxxxx/logomarca_1758888612_bd225aa122ad3aa5705d.jpeg')
 3 SYSTEMPATH\CodeIgniter.php(934): App\Controllers\Renderimage->view_grupos('3bad2c36640e927c1f91c82036161a84', 'logomarca_1758888612_bd225aa122ad3aa5705d.jpeg')
 4 SYSTEMPATH\CodeIgniter.php(499): CodeIgniter\CodeIgniter->runController(Object(App\Controllers\Renderimage))
 5 SYSTEMPATH\CodeIgniter.php(368): CodeIgniter\CodeIgniter->handleRequest(null, Object(Config\Cache), false)
 6 FCPATH\index.php(67): CodeIgniter\CodeIgniter->run()
CRITICAL - 2025-10-01 10:42:46 --> file_get_contents(D:\xampp\htdocs\bxteste\writable\uploads/instituicoes/danca-carajas-festival/eventos/danca-carajas-festival/grupos/wagner-cunha/logomarca_1758884611_1bccd53a8c053cfc4822.jpeg): Failed to open stream: No such file or directory
in APPPATH\Controllers\Renderimage.php on line 144.
 1 [internal function]: CodeIgniter\Debug\Exceptions->errorHandler(2, 'file_get_contents(D:\\xampp\\htdocs\\bxteste\\writable\\uploads/instituicoes/danca-carajas-festival/eventos/danca-carajas-festival/grupos/wagner-cunha/logomarca_1758884611_1bccd53a8c053cfc4822.jpeg): Failed to open stream: No such file or directory', 'D:\\xampp\\htdocs\\bxteste\\app\\Controllers\\Renderimage.php', 144)
 2 APPPATH\Controllers\Renderimage.php(144): file_get_contents('D:\\xampp\\htdocs\\bxteste\\writable\\uploads/instituicoes/danca-carajas-festival/eventos/danca-carajas-festival/grupos/wagner-cunha/logomarca_1758884611_1bccd53a8c053cfc4822.jpeg')
 3 SYSTEMPATH\CodeIgniter.php(934): App\Controllers\Renderimage->view_grupos('62905e4552281a7c22718fa53f5746e2', 'logomarca_1758884611_1bccd53a8c053cfc4822.jpeg')
 4 SYSTEMPATH\CodeIgniter.php(499): CodeIgniter\CodeIgniter->runController(Object(App\Controllers\Renderimage))
 5 SYSTEMPATH\CodeIgniter.php(368): CodeIgniter\CodeIgniter->handleRequest(null, Object(Config\Cache), false)
 6 FCPATH\index.php(67): CodeIgniter\CodeIgniter->run()
CRITICAL - 2025-10-01 10:42:46 --> file_get_contents(D:\xampp\htdocs\bxteste\writable\uploads/instituicoes/danca-carajas-festival/eventos/danca-carajas-festival/grupos/wagner-ranieri-teixeira-cunha/logomarca_1758887160_0ef09b77d677871a8eaf.jpeg): Failed to open stream: No such file or directory
in APPPATH\Controllers\Renderimage.php on line 144.
 1 [internal function]: CodeIgniter\Debug\Exceptions->errorHandler(2, 'file_get_contents(D:\\xampp\\htdocs\\bxteste\\writable\\uploads/instituicoes/danca-carajas-festival/eventos/danca-carajas-festival/grupos/wagner-ranieri-teixeira-cunha/logomarca_1758887160_0ef09b77d677871a8eaf.jpeg): Failed to open stream: No such file or directory', 'D:\\xampp\\htdocs\\bxteste\\app\\Controllers\\Renderimage.php', 144)
 2 APPPATH\Controllers\Renderimage.php(144): file_get_contents('D:\\xampp\\htdocs\\bxteste\\writable\\uploads/instituicoes/danca-carajas-festival/eventos/danca-carajas-festival/grupos/wagner-ranieri-teixeira-cunha/logomarca_1758887160_0ef09b77d677871a8eaf.jpeg')
 3 SYSTEMPATH\CodeIgniter.php(934): App\Controllers\Renderimage->view_grupos('24d2c7939b0b7200601afb5372873c84', 'logomarca_1758887160_0ef09b77d677871a8eaf.jpeg')
 4 SYSTEMPATH\CodeIgniter.php(499): CodeIgniter\CodeIgniter->runController(Object(App\Controllers\Renderimage))
 5 SYSTEMPATH\CodeIgniter.php(368): CodeIgniter\CodeIgniter->handleRequest(null, Object(Config\Cache), false)
 6 FCPATH\index.php(67): CodeIgniter\CodeIgniter->run()
CRITICAL - 2025-10-01 10:42:46 --> file_get_contents(D:\xampp\htdocs\bxteste\writable\uploads/instituicoes/danca-carajas-festival/eventos/danca-carajas-festival/grupos/ggggggggggggggggg/logomarca_1758890443_687a4d850b3d7a77a75f.jpeg): Failed to open stream: No such file or directory
in APPPATH\Controllers\Renderimage.php on line 144.
 1 [internal function]: CodeIgniter\Debug\Exceptions->errorHandler(2, 'file_get_contents(D:\\xampp\\htdocs\\bxteste\\writable\\uploads/instituicoes/danca-carajas-festival/eventos/danca-carajas-festival/grupos/ggggggggggggggggg/logomarca_1758890443_687a4d850b3d7a77a75f.jpeg): Failed to open stream: No such file or directory', 'D:\\xampp\\htdocs\\bxteste\\app\\Controllers\\Renderimage.php', 144)
 2 APPPATH\Controllers\Renderimage.php(144): file_get_contents('D:\\xampp\\htdocs\\bxteste\\writable\\uploads/instituicoes/danca-carajas-festival/eventos/danca-carajas-festival/grupos/ggggggggggggggggg/logomarca_1758890443_687a4d850b3d7a77a75f.jpeg')
 3 SYSTEMPATH\CodeIgniter.php(934): App\Controllers\Renderimage->view_grupos('7c0667002fc66a0d83c6b5ebd206c4a8', 'logomarca_1758890443_687a4d850b3d7a77a75f.jpeg')
 4 SYSTEMPATH\CodeIgniter.php(499): CodeIgniter\CodeIgniter->runController(Object(App\Controllers\Renderimage))
 5 SYSTEMPATH\CodeIgniter.php(368): CodeIgniter\CodeIgniter->handleRequest(null, Object(Config\Cache), false)
 6 FCPATH\index.php(67): CodeIgniter\CodeIgniter->run()
CRITICAL - 2025-10-01 10:42:46 --> file_get_contents(D:\xampp\htdocs\bxteste\writable\uploads/instituicoes/danca-carajas-festival/eventos/danca-carajas-festival/grupos/xxxxxxxxxxxxx/logomarca_1758897521_957b302eb043111f6089.jpeg): Failed to open stream: No such file or directory
in APPPATH\Controllers\Renderimage.php on line 144.
 1 [internal function]: CodeIgniter\Debug\Exceptions->errorHandler(2, 'file_get_contents(D:\\xampp\\htdocs\\bxteste\\writable\\uploads/instituicoes/danca-carajas-festival/eventos/danca-carajas-festival/grupos/xxxxxxxxxxxxx/logomarca_1758897521_957b302eb043111f6089.jpeg): Failed to open stream: No such file or directory', 'D:\\xampp\\htdocs\\bxteste\\app\\Controllers\\Renderimage.php', 144)
 2 APPPATH\Controllers\Renderimage.php(144): file_get_contents('D:\\xampp\\htdocs\\bxteste\\writable\\uploads/instituicoes/danca-carajas-festival/eventos/danca-carajas-festival/grupos/xxxxxxxxxxxxx/logomarca_1758897521_957b302eb043111f6089.jpeg')
 3 SYSTEMPATH\CodeIgniter.php(934): App\Controllers\Renderimage->view_grupos('9c7127aad3170bed7e6ff836c25f78f6', 'logomarca_1758897521_957b302eb043111f6089.jpeg')
 4 SYSTEMPATH\CodeIgniter.php(499): CodeIgniter\CodeIgniter->runController(Object(App\Controllers\Renderimage))
 5 SYSTEMPATH\CodeIgniter.php(368): CodeIgniter\CodeIgniter->handleRequest(null, Object(Config\Cache), false)
 6 FCPATH\index.php(67): CodeIgniter\CodeIgniter->run()
CRITICAL - 2025-10-01 10:42:46 --> file_get_contents(D:\xampp\htdocs\bxteste\writable\uploads/instituicoes/danca-carajas-festival/eventos/danca-carajas-festival/grupos/xxxxxxxxxxxxx/logomarca_1758898176_f091ebebcd40707705b7.jpeg): Failed to open stream: No such file or directory
in APPPATH\Controllers\Renderimage.php on line 144.
 1 [internal function]: CodeIgniter\Debug\Exceptions->errorHandler(2, 'file_get_contents(D:\\xampp\\htdocs\\bxteste\\writable\\uploads/instituicoes/danca-carajas-festival/eventos/danca-carajas-festival/grupos/xxxxxxxxxxxxx/logomarca_1758898176_f091ebebcd40707705b7.jpeg): Failed to open stream: No such file or directory', 'D:\\xampp\\htdocs\\bxteste\\app\\Controllers\\Renderimage.php', 144)
 2 APPPATH\Controllers\Renderimage.php(144): file_get_contents('D:\\xampp\\htdocs\\bxteste\\writable\\uploads/instituicoes/danca-carajas-festival/eventos/danca-carajas-festival/grupos/xxxxxxxxxxxxx/logomarca_1758898176_f091ebebcd40707705b7.jpeg')
 3 SYSTEMPATH\CodeIgniter.php(934): App\Controllers\Renderimage->view_grupos('7df7033564bec170bb3adf72247865fa', 'logomarca_1758898176_f091ebebcd40707705b7.jpeg')
 4 SYSTEMPATH\CodeIgniter.php(499): CodeIgniter\CodeIgniter->runController(Object(App\Controllers\Renderimage))
 5 SYSTEMPATH\CodeIgniter.php(368): CodeIgniter\CodeIgniter->handleRequest(null, Object(Config\Cache), false)
 6 FCPATH\index.php(67): CodeIgniter\CodeIgniter->run()
