ERROR - 2025-09-26 08:52:41 --> Error connecting to the database: mysqli_sql_exception: Access denied for user 'root'@'localhost' (using password: NO) in /home/u482227589/domains/dancacarajas.com.br/public_html/inscricoes/system/Database/MySQLi/Connection.php:173
Stack trace:
#0 /home/u482227589/domains/dancacarajas.com.br/public_html/inscricoes/system/Database/MySQLi/Connection.php(173): mysqli->real_connect()
#1 /home/u482227589/domains/dancacarajas.com.br/public_html/inscricoes/system/Database/BaseConnection.php(391): CodeIgniter\Database\MySQLi\Connection->connect()
#2 /home/u482227589/domains/dancacarajas.com.br/public_html/inscricoes/system/Session/Handlers/DatabaseHandler.php(109): CodeIgniter\Database\BaseConnection->initialize()
#3 [internal function]: CodeIgniter\Session\Handlers\DatabaseHandler->open()
#4 /home/u482227589/domains/dancacarajas.com.br/public_html/inscricoes/system/Session/Session.php(928): session_start()
#5 /home/u482227589/domains/dancacarajas.com.br/public_html/inscricoes/system/Session/Session.php(250): CodeIgniter\Session\Session->startSession()
#6 /home/u482227589/domains/dancacarajas.com.br/public_html/inscricoes/system/Config/Services.php(674): CodeIgniter\Session\Session->start()
#7 /home/u482227589/domains/dancacarajas.com.br/public_html/inscricoes/system/Config/BaseService.php(252): CodeIgniter\Config\Services::session()
#8 /home/u482227589/domains/dancacarajas.com.br/public_html/inscricoes/system/Config/BaseService.php(193): CodeIgniter\Config\BaseService::__callStatic()
#9 /home/u482227589/domains/dancacarajas.com.br/public_html/inscricoes/system/Config/Services.php(641): CodeIgniter\Config\BaseService::getSharedInstance()
#10 /home/u482227589/domains/dancacarajas.com.br/public_html/inscricoes/system/Config/BaseService.php(252): CodeIgniter\Config\Services::session()
#11 /home/u482227589/domains/dancacarajas.com.br/public_html/inscricoes/app/Controllers/BaseController.php(75): CodeIgniter\Config\BaseService::__callStatic()
#12 /home/u482227589/domains/dancacarajas.com.br/public_html/inscricoes/system/CodeIgniter.php(907): App\Controllers\BaseController->initController()
#13 /home/u482227589/domains/dancacarajas.com.br/public_html/inscricoes/system/CodeIgniter.php(490): CodeIgniter\CodeIgniter->createController()
#14 /home/u482227589/domains/dancacarajas.com.br/public_html/inscricoes/system/CodeIgniter.php(368): CodeIgniter\CodeIgniter->handleRequest()
#15 /home/u482227589/domains/dancacarajas.com.br/public_html/inscricoes/public/index.php(67): CodeIgniter\CodeIgniter->run()
#16 {main}

Next CodeIgniter\Database\Exceptions\DatabaseException: Access denied for user '****'@'localhost' (using password: NO) in /home/u482227589/domains/dancacarajas.com.br/public_html/inscricoes/system/Database/MySQLi/Connection.php:218
Stack trace:
#0 /home/u482227589/domains/dancacarajas.com.br/public_html/inscricoes/system/Database/BaseConnection.php(391): CodeIgniter\Database\MySQLi\Connection->connect()
#1 /home/u482227589/domains/dancacarajas.com.br/public_html/inscricoes/system/Session/Handlers/DatabaseHandler.php(109): CodeIgniter\Database\BaseConnection->initialize()
#2 [internal function]: CodeIgniter\Session\Handlers\DatabaseHandler->open()
#3 /home/u482227589/domains/dancacarajas.com.br/public_html/inscricoes/system/Session/Session.php(928): session_start()
#4 /home/u482227589/domains/dancacarajas.com.br/public_html/inscricoes/system/Session/Session.php(250): CodeIgniter\Session\Session->startSession()
#5 /home/u482227589/domains/dancacarajas.com.br/public_html/inscricoes/system/Config/Services.php(674): CodeIgniter\Session\Session->start()
#6 /home/u482227589/domains/dancacarajas.com.br/public_html/inscricoes/system/Config/BaseService.php(252): CodeIgniter\Config\Services::session()
#7 /home/u482227589/domains/dancacarajas.com.br/public_html/inscricoes/system/Config/BaseService.php(193): CodeIgniter\Config\BaseService::__callStatic()
#8 /home/u482227589/domains/dancacarajas.com.br/public_html/inscricoes/system/Config/Services.php(641): CodeIgniter\Config\BaseService::getSharedInstance()
#9 /home/u482227589/domains/dancacarajas.com.br/public_html/inscricoes/system/Config/BaseService.php(252): CodeIgniter\Config\Services::session()
#10 /home/u482227589/domains/dancacarajas.com.br/public_html/inscricoes/app/Controllers/BaseController.php(75): CodeIgniter\Config\BaseService::__callStatic()
#11 /home/u482227589/domains/dancacarajas.com.br/public_html/inscricoes/system/CodeIgniter.php(907): App\Controllers\BaseController->initController()
#12 /home/u482227589/domains/dancacarajas.com.br/public_html/inscricoes/system/CodeIgniter.php(490): CodeIgniter\CodeIgniter->createController()
#13 /home/u482227589/domains/dancacarajas.com.br/public_html/inscricoes/system/CodeIgniter.php(368): CodeIgniter\CodeIgniter->handleRequest()
#14 /home/u482227589/domains/dancacarajas.com.br/public_html/inscricoes/public/index.php(67): CodeIgniter\CodeIgniter->run()
#15 {main}
CRITICAL - 2025-09-26 08:52:41 --> Unable to connect to the database.
Main connection [MySQLi]: Access denied for user '****'@'localhost' (using password: NO)
in SYSTEMPATH/Database/BaseConnection.php on line 427.
 1 SYSTEMPATH/Session/Handlers/DatabaseHandler.php(109): CodeIgniter\Database\BaseConnection->initialize()
 2 [internal function]: CodeIgniter\Session\Handlers\DatabaseHandler->open()
 3 SYSTEMPATH/Session/Session.php(928): session_start()
 4 SYSTEMPATH/Session/Session.php(250): CodeIgniter\Session\Session->startSession()
 5 SYSTEMPATH/Config/Services.php(674): CodeIgniter\Session\Session->start()
 6 SYSTEMPATH/Config/BaseService.php(252): CodeIgniter\Config\Services::session()
 7 SYSTEMPATH/Config/BaseService.php(193): CodeIgniter\Config\BaseService::__callStatic()
 8 SYSTEMPATH/Config/Services.php(641): CodeIgniter\Config\BaseService::getSharedInstance()
 9 SYSTEMPATH/Config/BaseService.php(252): CodeIgniter\Config\Services::session()
10 APPPATH/Controllers/BaseController.php(75): CodeIgniter\Config\BaseService::__callStatic()
11 SYSTEMPATH/CodeIgniter.php(907): App\Controllers\BaseController->initController()
12 SYSTEMPATH/CodeIgniter.php(490): CodeIgniter\CodeIgniter->createController()
13 SYSTEMPATH/CodeIgniter.php(368): CodeIgniter\CodeIgniter->handleRequest()
14 FCPATH/index.php(67): CodeIgniter\CodeIgniter->run()
ERROR - 2025-09-26 08:54:17 --> Error connecting to the database: mysqli_sql_exception: Access denied for user 'root'@'localhost' (using password: NO) in /home/u482227589/domains/dancacarajas.com.br/public_html/inscricoes/system/Database/MySQLi/Connection.php:173
Stack trace:
#0 /home/u482227589/domains/dancacarajas.com.br/public_html/inscricoes/system/Database/MySQLi/Connection.php(173): mysqli->real_connect()
#1 /home/u482227589/domains/dancacarajas.com.br/public_html/inscricoes/system/Database/BaseConnection.php(391): CodeIgniter\Database\MySQLi\Connection->connect()
#2 /home/u482227589/domains/dancacarajas.com.br/public_html/inscricoes/system/Session/Handlers/DatabaseHandler.php(109): CodeIgniter\Database\BaseConnection->initialize()
#3 [internal function]: CodeIgniter\Session\Handlers\DatabaseHandler->open()
#4 /home/u482227589/domains/dancacarajas.com.br/public_html/inscricoes/system/Session/Session.php(928): session_start()
#5 /home/u482227589/domains/dancacarajas.com.br/public_html/inscricoes/system/Session/Session.php(250): CodeIgniter\Session\Session->startSession()
#6 /home/u482227589/domains/dancacarajas.com.br/public_html/inscricoes/system/Config/Services.php(674): CodeIgniter\Session\Session->start()
#7 /home/u482227589/domains/dancacarajas.com.br/public_html/inscricoes/system/Config/BaseService.php(252): CodeIgniter\Config\Services::session()
#8 /home/u482227589/domains/dancacarajas.com.br/public_html/inscricoes/system/Config/BaseService.php(193): CodeIgniter\Config\BaseService::__callStatic()
#9 /home/u482227589/domains/dancacarajas.com.br/public_html/inscricoes/system/Config/Services.php(641): CodeIgniter\Config\BaseService::getSharedInstance()
#10 /home/u482227589/domains/dancacarajas.com.br/public_html/inscricoes/system/Config/BaseService.php(252): CodeIgniter\Config\Services::session()
#11 /home/u482227589/domains/dancacarajas.com.br/public_html/inscricoes/app/Controllers/BaseController.php(75): CodeIgniter\Config\BaseService::__callStatic()
#12 /home/u482227589/domains/dancacarajas.com.br/public_html/inscricoes/system/CodeIgniter.php(907): App\Controllers\BaseController->initController()
#13 /home/u482227589/domains/dancacarajas.com.br/public_html/inscricoes/system/CodeIgniter.php(490): CodeIgniter\CodeIgniter->createController()
#14 /home/u482227589/domains/dancacarajas.com.br/public_html/inscricoes/system/CodeIgniter.php(368): CodeIgniter\CodeIgniter->handleRequest()
#15 /home/u482227589/domains/dancacarajas.com.br/public_html/inscricoes/public/index.php(67): CodeIgniter\CodeIgniter->run()
#16 {main}

Next CodeIgniter\Database\Exceptions\DatabaseException: Access denied for user '****'@'localhost' (using password: NO) in /home/u482227589/domains/dancacarajas.com.br/public_html/inscricoes/system/Database/MySQLi/Connection.php:218
Stack trace:
#0 /home/u482227589/domains/dancacarajas.com.br/public_html/inscricoes/system/Database/BaseConnection.php(391): CodeIgniter\Database\MySQLi\Connection->connect()
#1 /home/u482227589/domains/dancacarajas.com.br/public_html/inscricoes/system/Session/Handlers/DatabaseHandler.php(109): CodeIgniter\Database\BaseConnection->initialize()
#2 [internal function]: CodeIgniter\Session\Handlers\DatabaseHandler->open()
#3 /home/u482227589/domains/dancacarajas.com.br/public_html/inscricoes/system/Session/Session.php(928): session_start()
#4 /home/u482227589/domains/dancacarajas.com.br/public_html/inscricoes/system/Session/Session.php(250): CodeIgniter\Session\Session->startSession()
#5 /home/u482227589/domains/dancacarajas.com.br/public_html/inscricoes/system/Config/Services.php(674): CodeIgniter\Session\Session->start()
#6 /home/u482227589/domains/dancacarajas.com.br/public_html/inscricoes/system/Config/BaseService.php(252): CodeIgniter\Config\Services::session()
#7 /home/u482227589/domains/dancacarajas.com.br/public_html/inscricoes/system/Config/BaseService.php(193): CodeIgniter\Config\BaseService::__callStatic()
#8 /home/u482227589/domains/dancacarajas.com.br/public_html/inscricoes/system/Config/Services.php(641): CodeIgniter\Config\BaseService::getSharedInstance()
#9 /home/u482227589/domains/dancacarajas.com.br/public_html/inscricoes/system/Config/BaseService.php(252): CodeIgniter\Config\Services::session()
#10 /home/u482227589/domains/dancacarajas.com.br/public_html/inscricoes/app/Controllers/BaseController.php(75): CodeIgniter\Config\BaseService::__callStatic()
#11 /home/u482227589/domains/dancacarajas.com.br/public_html/inscricoes/system/CodeIgniter.php(907): App\Controllers\BaseController->initController()
#12 /home/u482227589/domains/dancacarajas.com.br/public_html/inscricoes/system/CodeIgniter.php(490): CodeIgniter\CodeIgniter->createController()
#13 /home/u482227589/domains/dancacarajas.com.br/public_html/inscricoes/system/CodeIgniter.php(368): CodeIgniter\CodeIgniter->handleRequest()
#14 /home/u482227589/domains/dancacarajas.com.br/public_html/inscricoes/public/index.php(67): CodeIgniter\CodeIgniter->run()
#15 {main}
CRITICAL - 2025-09-26 08:54:17 --> Unable to connect to the database.
Main connection [MySQLi]: Access denied for user '****'@'localhost' (using password: NO)
in SYSTEMPATH/Database/BaseConnection.php on line 427.
 1 SYSTEMPATH/Session/Handlers/DatabaseHandler.php(109): CodeIgniter\Database\BaseConnection->initialize()
 2 [internal function]: CodeIgniter\Session\Handlers\DatabaseHandler->open()
 3 SYSTEMPATH/Session/Session.php(928): session_start()
 4 SYSTEMPATH/Session/Session.php(250): CodeIgniter\Session\Session->startSession()
 5 SYSTEMPATH/Config/Services.php(674): CodeIgniter\Session\Session->start()
 6 SYSTEMPATH/Config/BaseService.php(252): CodeIgniter\Config\Services::session()
 7 SYSTEMPATH/Config/BaseService.php(193): CodeIgniter\Config\BaseService::__callStatic()
 8 SYSTEMPATH/Config/Services.php(641): CodeIgniter\Config\BaseService::getSharedInstance()
 9 SYSTEMPATH/Config/BaseService.php(252): CodeIgniter\Config\Services::session()
10 APPPATH/Controllers/BaseController.php(75): CodeIgniter\Config\BaseService::__callStatic()
11 SYSTEMPATH/CodeIgniter.php(907): App\Controllers\BaseController->initController()
12 SYSTEMPATH/CodeIgniter.php(490): CodeIgniter\CodeIgniter->createController()
13 SYSTEMPATH/CodeIgniter.php(368): CodeIgniter\CodeIgniter->handleRequest()
14 FCPATH/index.php(67): CodeIgniter\CodeIgniter->run()
ERROR - 2025-09-26 08:54:22 --> Error connecting to the database: mysqli_sql_exception: Access denied for user 'root'@'localhost' (using password: NO) in /home/u482227589/domains/dancacarajas.com.br/public_html/inscricoes/system/Database/MySQLi/Connection.php:173
Stack trace:
#0 /home/u482227589/domains/dancacarajas.com.br/public_html/inscricoes/system/Database/MySQLi/Connection.php(173): mysqli->real_connect()
#1 /home/u482227589/domains/dancacarajas.com.br/public_html/inscricoes/system/Database/BaseConnection.php(391): CodeIgniter\Database\MySQLi\Connection->connect()
#2 /home/u482227589/domains/dancacarajas.com.br/public_html/inscricoes/system/Session/Handlers/DatabaseHandler.php(109): CodeIgniter\Database\BaseConnection->initialize()
#3 [internal function]: CodeIgniter\Session\Handlers\DatabaseHandler->open()
#4 /home/u482227589/domains/dancacarajas.com.br/public_html/inscricoes/system/Session/Session.php(928): session_start()
#5 /home/u482227589/domains/dancacarajas.com.br/public_html/inscricoes/system/Session/Session.php(250): CodeIgniter\Session\Session->startSession()
#6 /home/u482227589/domains/dancacarajas.com.br/public_html/inscricoes/system/Config/Services.php(674): CodeIgniter\Session\Session->start()
#7 /home/u482227589/domains/dancacarajas.com.br/public_html/inscricoes/system/Config/BaseService.php(252): CodeIgniter\Config\Services::session()
#8 /home/u482227589/domains/dancacarajas.com.br/public_html/inscricoes/system/Config/BaseService.php(193): CodeIgniter\Config\BaseService::__callStatic()
#9 /home/u482227589/domains/dancacarajas.com.br/public_html/inscricoes/system/Config/Services.php(641): CodeIgniter\Config\BaseService::getSharedInstance()
#10 /home/u482227589/domains/dancacarajas.com.br/public_html/inscricoes/system/Config/BaseService.php(252): CodeIgniter\Config\Services::session()
#11 /home/u482227589/domains/dancacarajas.com.br/public_html/inscricoes/app/Controllers/BaseController.php(75): CodeIgniter\Config\BaseService::__callStatic()
#12 /home/u482227589/domains/dancacarajas.com.br/public_html/inscricoes/system/CodeIgniter.php(907): App\Controllers\BaseController->initController()
#13 /home/u482227589/domains/dancacarajas.com.br/public_html/inscricoes/system/CodeIgniter.php(490): CodeIgniter\CodeIgniter->createController()
#14 /home/u482227589/domains/dancacarajas.com.br/public_html/inscricoes/system/CodeIgniter.php(368): CodeIgniter\CodeIgniter->handleRequest()
#15 /home/u482227589/domains/dancacarajas.com.br/public_html/inscricoes/public/index.php(67): CodeIgniter\CodeIgniter->run()
#16 {main}

Next CodeIgniter\Database\Exceptions\DatabaseException: Access denied for user '****'@'localhost' (using password: NO) in /home/u482227589/domains/dancacarajas.com.br/public_html/inscricoes/system/Database/MySQLi/Connection.php:218
Stack trace:
#0 /home/u482227589/domains/dancacarajas.com.br/public_html/inscricoes/system/Database/BaseConnection.php(391): CodeIgniter\Database\MySQLi\Connection->connect()
#1 /home/u482227589/domains/dancacarajas.com.br/public_html/inscricoes/system/Session/Handlers/DatabaseHandler.php(109): CodeIgniter\Database\BaseConnection->initialize()
#2 [internal function]: CodeIgniter\Session\Handlers\DatabaseHandler->open()
#3 /home/u482227589/domains/dancacarajas.com.br/public_html/inscricoes/system/Session/Session.php(928): session_start()
#4 /home/u482227589/domains/dancacarajas.com.br/public_html/inscricoes/system/Session/Session.php(250): CodeIgniter\Session\Session->startSession()
#5 /home/u482227589/domains/dancacarajas.com.br/public_html/inscricoes/system/Config/Services.php(674): CodeIgniter\Session\Session->start()
#6 /home/u482227589/domains/dancacarajas.com.br/public_html/inscricoes/system/Config/BaseService.php(252): CodeIgniter\Config\Services::session()
#7 /home/u482227589/domains/dancacarajas.com.br/public_html/inscricoes/system/Config/BaseService.php(193): CodeIgniter\Config\BaseService::__callStatic()
#8 /home/u482227589/domains/dancacarajas.com.br/public_html/inscricoes/system/Config/Services.php(641): CodeIgniter\Config\BaseService::getSharedInstance()
#9 /home/u482227589/domains/dancacarajas.com.br/public_html/inscricoes/system/Config/BaseService.php(252): CodeIgniter\Config\Services::session()
#10 /home/u482227589/domains/dancacarajas.com.br/public_html/inscricoes/app/Controllers/BaseController.php(75): CodeIgniter\Config\BaseService::__callStatic()
#11 /home/u482227589/domains/dancacarajas.com.br/public_html/inscricoes/system/CodeIgniter.php(907): App\Controllers\BaseController->initController()
#12 /home/u482227589/domains/dancacarajas.com.br/public_html/inscricoes/system/CodeIgniter.php(490): CodeIgniter\CodeIgniter->createController()
#13 /home/u482227589/domains/dancacarajas.com.br/public_html/inscricoes/system/CodeIgniter.php(368): CodeIgniter\CodeIgniter->handleRequest()
#14 /home/u482227589/domains/dancacarajas.com.br/public_html/inscricoes/public/index.php(67): CodeIgniter\CodeIgniter->run()
#15 {main}
CRITICAL - 2025-09-26 08:54:22 --> Unable to connect to the database.
Main connection [MySQLi]: Access denied for user '****'@'localhost' (using password: NO)
in SYSTEMPATH/Database/BaseConnection.php on line 427.
 1 SYSTEMPATH/Session/Handlers/DatabaseHandler.php(109): CodeIgniter\Database\BaseConnection->initialize()
 2 [internal function]: CodeIgniter\Session\Handlers\DatabaseHandler->open()
 3 SYSTEMPATH/Session/Session.php(928): session_start()
 4 SYSTEMPATH/Session/Session.php(250): CodeIgniter\Session\Session->startSession()
 5 SYSTEMPATH/Config/Services.php(674): CodeIgniter\Session\Session->start()
 6 SYSTEMPATH/Config/BaseService.php(252): CodeIgniter\Config\Services::session()
 7 SYSTEMPATH/Config/BaseService.php(193): CodeIgniter\Config\BaseService::__callStatic()
 8 SYSTEMPATH/Config/Services.php(641): CodeIgniter\Config\BaseService::getSharedInstance()
 9 SYSTEMPATH/Config/BaseService.php(252): CodeIgniter\Config\Services::session()
10 APPPATH/Controllers/BaseController.php(75): CodeIgniter\Config\BaseService::__callStatic()
11 SYSTEMPATH/CodeIgniter.php(907): App\Controllers\BaseController->initController()
12 SYSTEMPATH/CodeIgniter.php(490): CodeIgniter\CodeIgniter->createController()
13 SYSTEMPATH/CodeIgniter.php(368): CodeIgniter\CodeIgniter->handleRequest()
14 FCPATH/index.php(67): CodeIgniter\CodeIgniter->run()
ERROR - 2025-09-26 08:56:39 --> Error connecting to the database: mysqli_sql_exception: Access denied for user 'wagner'@'localhost' (using password: YES) in /home/u482227589/domains/dancacarajas.com.br/public_html/inscricoes/system/Database/MySQLi/Connection.php:173
Stack trace:
#0 /home/u482227589/domains/dancacarajas.com.br/public_html/inscricoes/system/Database/MySQLi/Connection.php(173): mysqli->real_connect()
#1 /home/u482227589/domains/dancacarajas.com.br/public_html/inscricoes/system/Database/BaseConnection.php(391): CodeIgniter\Database\MySQLi\Connection->connect()
#2 /home/u482227589/domains/dancacarajas.com.br/public_html/inscricoes/system/Session/Handlers/DatabaseHandler.php(109): CodeIgniter\Database\BaseConnection->initialize()
#3 [internal function]: CodeIgniter\Session\Handlers\DatabaseHandler->open()
#4 /home/u482227589/domains/dancacarajas.com.br/public_html/inscricoes/system/Session/Session.php(928): session_start()
#5 /home/u482227589/domains/dancacarajas.com.br/public_html/inscricoes/system/Session/Session.php(250): CodeIgniter\Session\Session->startSession()
#6 /home/u482227589/domains/dancacarajas.com.br/public_html/inscricoes/system/Config/Services.php(674): CodeIgniter\Session\Session->start()
#7 /home/u482227589/domains/dancacarajas.com.br/public_html/inscricoes/system/Config/BaseService.php(252): CodeIgniter\Config\Services::session()
#8 /home/u482227589/domains/dancacarajas.com.br/public_html/inscricoes/system/Config/BaseService.php(193): CodeIgniter\Config\BaseService::__callStatic()
#9 /home/u482227589/domains/dancacarajas.com.br/public_html/inscricoes/system/Config/Services.php(641): CodeIgniter\Config\BaseService::getSharedInstance()
#10 /home/u482227589/domains/dancacarajas.com.br/public_html/inscricoes/system/Config/BaseService.php(252): CodeIgniter\Config\Services::session()
#11 /home/u482227589/domains/dancacarajas.com.br/public_html/inscricoes/app/Controllers/BaseController.php(75): CodeIgniter\Config\BaseService::__callStatic()
#12 /home/u482227589/domains/dancacarajas.com.br/public_html/inscricoes/system/CodeIgniter.php(907): App\Controllers\BaseController->initController()
#13 /home/u482227589/domains/dancacarajas.com.br/public_html/inscricoes/system/CodeIgniter.php(490): CodeIgniter\CodeIgniter->createController()
#14 /home/u482227589/domains/dancacarajas.com.br/public_html/inscricoes/system/CodeIgniter.php(368): CodeIgniter\CodeIgniter->handleRequest()
#15 /home/u482227589/domains/dancacarajas.com.br/public_html/inscricoes/public/index.php(67): CodeIgniter\CodeIgniter->run()
#16 {main}

Next CodeIgniter\Database\Exceptions\DatabaseException: Access denied for user '****'@'localhost' (using password: YES) in /home/u482227589/domains/dancacarajas.com.br/public_html/inscricoes/system/Database/MySQLi/Connection.php:218
Stack trace:
#0 /home/u482227589/domains/dancacarajas.com.br/public_html/inscricoes/system/Database/BaseConnection.php(391): CodeIgniter\Database\MySQLi\Connection->connect()
#1 /home/u482227589/domains/dancacarajas.com.br/public_html/inscricoes/system/Session/Handlers/DatabaseHandler.php(109): CodeIgniter\Database\BaseConnection->initialize()
#2 [internal function]: CodeIgniter\Session\Handlers\DatabaseHandler->open()
#3 /home/u482227589/domains/dancacarajas.com.br/public_html/inscricoes/system/Session/Session.php(928): session_start()
#4 /home/u482227589/domains/dancacarajas.com.br/public_html/inscricoes/system/Session/Session.php(250): CodeIgniter\Session\Session->startSession()
#5 /home/u482227589/domains/dancacarajas.com.br/public_html/inscricoes/system/Config/Services.php(674): CodeIgniter\Session\Session->start()
#6 /home/u482227589/domains/dancacarajas.com.br/public_html/inscricoes/system/Config/BaseService.php(252): CodeIgniter\Config\Services::session()
#7 /home/u482227589/domains/dancacarajas.com.br/public_html/inscricoes/system/Config/BaseService.php(193): CodeIgniter\Config\BaseService::__callStatic()
#8 /home/u482227589/domains/dancacarajas.com.br/public_html/inscricoes/system/Config/Services.php(641): CodeIgniter\Config\BaseService::getSharedInstance()
#9 /home/u482227589/domains/dancacarajas.com.br/public_html/inscricoes/system/Config/BaseService.php(252): CodeIgniter\Config\Services::session()
#10 /home/u482227589/domains/dancacarajas.com.br/public_html/inscricoes/app/Controllers/BaseController.php(75): CodeIgniter\Config\BaseService::__callStatic()
#11 /home/u482227589/domains/dancacarajas.com.br/public_html/inscricoes/system/CodeIgniter.php(907): App\Controllers\BaseController->initController()
#12 /home/u482227589/domains/dancacarajas.com.br/public_html/inscricoes/system/CodeIgniter.php(490): CodeIgniter\CodeIgniter->createController()
#13 /home/u482227589/domains/dancacarajas.com.br/public_html/inscricoes/system/CodeIgniter.php(368): CodeIgniter\CodeIgniter->handleRequest()
#14 /home/u482227589/domains/dancacarajas.com.br/public_html/inscricoes/public/index.php(67): CodeIgniter\CodeIgniter->run()
#15 {main}
CRITICAL - 2025-09-26 08:56:39 --> Unable to connect to the database.
Main connection [MySQLi]: Access denied for user '****'@'localhost' (using password: YES)
in SYSTEMPATH/Database/BaseConnection.php on line 427.
 1 SYSTEMPATH/Session/Handlers/DatabaseHandler.php(109): CodeIgniter\Database\BaseConnection->initialize()
 2 [internal function]: CodeIgniter\Session\Handlers\DatabaseHandler->open()
 3 SYSTEMPATH/Session/Session.php(928): session_start()
 4 SYSTEMPATH/Session/Session.php(250): CodeIgniter\Session\Session->startSession()
 5 SYSTEMPATH/Config/Services.php(674): CodeIgniter\Session\Session->start()
 6 SYSTEMPATH/Config/BaseService.php(252): CodeIgniter\Config\Services::session()
 7 SYSTEMPATH/Config/BaseService.php(193): CodeIgniter\Config\BaseService::__callStatic()
 8 SYSTEMPATH/Config/Services.php(641): CodeIgniter\Config\BaseService::getSharedInstance()
 9 SYSTEMPATH/Config/BaseService.php(252): CodeIgniter\Config\Services::session()
10 APPPATH/Controllers/BaseController.php(75): CodeIgniter\Config\BaseService::__callStatic()
11 SYSTEMPATH/CodeIgniter.php(907): App\Controllers\BaseController->initController()
12 SYSTEMPATH/CodeIgniter.php(490): CodeIgniter\CodeIgniter->createController()
13 SYSTEMPATH/CodeIgniter.php(368): CodeIgniter\CodeIgniter->handleRequest()
14 FCPATH/index.php(67): CodeIgniter\CodeIgniter->run()
ERROR - 2025-09-26 08:56:44 --> Error connecting to the database: mysqli_sql_exception: Access denied for user 'wagner'@'localhost' (using password: YES) in /home/u482227589/domains/dancacarajas.com.br/public_html/inscricoes/system/Database/MySQLi/Connection.php:173
Stack trace:
#0 /home/u482227589/domains/dancacarajas.com.br/public_html/inscricoes/system/Database/MySQLi/Connection.php(173): mysqli->real_connect()
#1 /home/u482227589/domains/dancacarajas.com.br/public_html/inscricoes/system/Database/BaseConnection.php(391): CodeIgniter\Database\MySQLi\Connection->connect()
#2 /home/u482227589/domains/dancacarajas.com.br/public_html/inscricoes/system/Session/Handlers/DatabaseHandler.php(109): CodeIgniter\Database\BaseConnection->initialize()
#3 [internal function]: CodeIgniter\Session\Handlers\DatabaseHandler->open()
#4 /home/u482227589/domains/dancacarajas.com.br/public_html/inscricoes/system/Session/Session.php(928): session_start()
#5 /home/u482227589/domains/dancacarajas.com.br/public_html/inscricoes/system/Session/Session.php(250): CodeIgniter\Session\Session->startSession()
#6 /home/u482227589/domains/dancacarajas.com.br/public_html/inscricoes/system/Config/Services.php(674): CodeIgniter\Session\Session->start()
#7 /home/u482227589/domains/dancacarajas.com.br/public_html/inscricoes/system/Config/BaseService.php(252): CodeIgniter\Config\Services::session()
#8 /home/u482227589/domains/dancacarajas.com.br/public_html/inscricoes/system/Config/BaseService.php(193): CodeIgniter\Config\BaseService::__callStatic()
#9 /home/u482227589/domains/dancacarajas.com.br/public_html/inscricoes/system/Config/Services.php(641): CodeIgniter\Config\BaseService::getSharedInstance()
#10 /home/u482227589/domains/dancacarajas.com.br/public_html/inscricoes/system/Config/BaseService.php(252): CodeIgniter\Config\Services::session()
#11 /home/u482227589/domains/dancacarajas.com.br/public_html/inscricoes/app/Controllers/BaseController.php(75): CodeIgniter\Config\BaseService::__callStatic()
#12 /home/u482227589/domains/dancacarajas.com.br/public_html/inscricoes/system/CodeIgniter.php(907): App\Controllers\BaseController->initController()
#13 /home/u482227589/domains/dancacarajas.com.br/public_html/inscricoes/system/CodeIgniter.php(490): CodeIgniter\CodeIgniter->createController()
#14 /home/u482227589/domains/dancacarajas.com.br/public_html/inscricoes/system/CodeIgniter.php(368): CodeIgniter\CodeIgniter->handleRequest()
#15 /home/u482227589/domains/dancacarajas.com.br/public_html/inscricoes/public/index.php(67): CodeIgniter\CodeIgniter->run()
#16 {main}

Next CodeIgniter\Database\Exceptions\DatabaseException: Access denied for user '****'@'localhost' (using password: YES) in /home/u482227589/domains/dancacarajas.com.br/public_html/inscricoes/system/Database/MySQLi/Connection.php:218
Stack trace:
#0 /home/u482227589/domains/dancacarajas.com.br/public_html/inscricoes/system/Database/BaseConnection.php(391): CodeIgniter\Database\MySQLi\Connection->connect()
#1 /home/u482227589/domains/dancacarajas.com.br/public_html/inscricoes/system/Session/Handlers/DatabaseHandler.php(109): CodeIgniter\Database\BaseConnection->initialize()
#2 [internal function]: CodeIgniter\Session\Handlers\DatabaseHandler->open()
#3 /home/u482227589/domains/dancacarajas.com.br/public_html/inscricoes/system/Session/Session.php(928): session_start()
#4 /home/u482227589/domains/dancacarajas.com.br/public_html/inscricoes/system/Session/Session.php(250): CodeIgniter\Session\Session->startSession()
#5 /home/u482227589/domains/dancacarajas.com.br/public_html/inscricoes/system/Config/Services.php(674): CodeIgniter\Session\Session->start()
#6 /home/u482227589/domains/dancacarajas.com.br/public_html/inscricoes/system/Config/BaseService.php(252): CodeIgniter\Config\Services::session()
#7 /home/u482227589/domains/dancacarajas.com.br/public_html/inscricoes/system/Config/BaseService.php(193): CodeIgniter\Config\BaseService::__callStatic()
#8 /home/u482227589/domains/dancacarajas.com.br/public_html/inscricoes/system/Config/Services.php(641): CodeIgniter\Config\BaseService::getSharedInstance()
#9 /home/u482227589/domains/dancacarajas.com.br/public_html/inscricoes/system/Config/BaseService.php(252): CodeIgniter\Config\Services::session()
#10 /home/u482227589/domains/dancacarajas.com.br/public_html/inscricoes/app/Controllers/BaseController.php(75): CodeIgniter\Config\BaseService::__callStatic()
#11 /home/u482227589/domains/dancacarajas.com.br/public_html/inscricoes/system/CodeIgniter.php(907): App\Controllers\BaseController->initController()
#12 /home/u482227589/domains/dancacarajas.com.br/public_html/inscricoes/system/CodeIgniter.php(490): CodeIgniter\CodeIgniter->createController()
#13 /home/u482227589/domains/dancacarajas.com.br/public_html/inscricoes/system/CodeIgniter.php(368): CodeIgniter\CodeIgniter->handleRequest()
#14 /home/u482227589/domains/dancacarajas.com.br/public_html/inscricoes/public/index.php(67): CodeIgniter\CodeIgniter->run()
#15 {main}
CRITICAL - 2025-09-26 08:56:44 --> Unable to connect to the database.
Main connection [MySQLi]: Access denied for user '****'@'localhost' (using password: YES)
in SYSTEMPATH/Database/BaseConnection.php on line 427.
 1 SYSTEMPATH/Session/Handlers/DatabaseHandler.php(109): CodeIgniter\Database\BaseConnection->initialize()
 2 [internal function]: CodeIgniter\Session\Handlers\DatabaseHandler->open()
 3 SYSTEMPATH/Session/Session.php(928): session_start()
 4 SYSTEMPATH/Session/Session.php(250): CodeIgniter\Session\Session->startSession()
 5 SYSTEMPATH/Config/Services.php(674): CodeIgniter\Session\Session->start()
 6 SYSTEMPATH/Config/BaseService.php(252): CodeIgniter\Config\Services::session()
 7 SYSTEMPATH/Config/BaseService.php(193): CodeIgniter\Config\BaseService::__callStatic()
 8 SYSTEMPATH/Config/Services.php(641): CodeIgniter\Config\BaseService::getSharedInstance()
 9 SYSTEMPATH/Config/BaseService.php(252): CodeIgniter\Config\Services::session()
10 APPPATH/Controllers/BaseController.php(75): CodeIgniter\Config\BaseService::__callStatic()
11 SYSTEMPATH/CodeIgniter.php(907): App\Controllers\BaseController->initController()
12 SYSTEMPATH/CodeIgniter.php(490): CodeIgniter\CodeIgniter->createController()
13 SYSTEMPATH/CodeIgniter.php(368): CodeIgniter\CodeIgniter->handleRequest()
14 FCPATH/index.php(67): CodeIgniter\CodeIgniter->run()
ERROR - 2025-09-26 08:57:04 --> Error connecting to the database: mysqli_sql_exception: Access denied for user 'wagner'@'localhost' (using password: YES) in /home/u482227589/domains/dancacarajas.com.br/public_html/inscricoes/system/Database/MySQLi/Connection.php:173
Stack trace:
#0 /home/u482227589/domains/dancacarajas.com.br/public_html/inscricoes/system/Database/MySQLi/Connection.php(173): mysqli->real_connect()
#1 /home/u482227589/domains/dancacarajas.com.br/public_html/inscricoes/system/Database/BaseConnection.php(391): CodeIgniter\Database\MySQLi\Connection->connect()
#2 /home/u482227589/domains/dancacarajas.com.br/public_html/inscricoes/system/Session/Handlers/DatabaseHandler.php(109): CodeIgniter\Database\BaseConnection->initialize()
#3 [internal function]: CodeIgniter\Session\Handlers\DatabaseHandler->open()
#4 /home/u482227589/domains/dancacarajas.com.br/public_html/inscricoes/system/Session/Session.php(928): session_start()
#5 /home/u482227589/domains/dancacarajas.com.br/public_html/inscricoes/system/Session/Session.php(250): CodeIgniter\Session\Session->startSession()
#6 /home/u482227589/domains/dancacarajas.com.br/public_html/inscricoes/system/Config/Services.php(674): CodeIgniter\Session\Session->start()
#7 /home/u482227589/domains/dancacarajas.com.br/public_html/inscricoes/system/Config/BaseService.php(252): CodeIgniter\Config\Services::session()
#8 /home/u482227589/domains/dancacarajas.com.br/public_html/inscricoes/system/Config/BaseService.php(193): CodeIgniter\Config\BaseService::__callStatic()
#9 /home/u482227589/domains/dancacarajas.com.br/public_html/inscricoes/system/Config/Services.php(641): CodeIgniter\Config\BaseService::getSharedInstance()
#10 /home/u482227589/domains/dancacarajas.com.br/public_html/inscricoes/system/Config/BaseService.php(252): CodeIgniter\Config\Services::session()
#11 /home/u482227589/domains/dancacarajas.com.br/public_html/inscricoes/app/Controllers/BaseController.php(75): CodeIgniter\Config\BaseService::__callStatic()
#12 /home/u482227589/domains/dancacarajas.com.br/public_html/inscricoes/system/CodeIgniter.php(907): App\Controllers\BaseController->initController()
#13 /home/u482227589/domains/dancacarajas.com.br/public_html/inscricoes/system/CodeIgniter.php(490): CodeIgniter\CodeIgniter->createController()
#14 /home/u482227589/domains/dancacarajas.com.br/public_html/inscricoes/system/CodeIgniter.php(368): CodeIgniter\CodeIgniter->handleRequest()
#15 /home/u482227589/domains/dancacarajas.com.br/public_html/inscricoes/public/index.php(67): CodeIgniter\CodeIgniter->run()
#16 {main}

Next CodeIgniter\Database\Exceptions\DatabaseException: Access denied for user '****'@'localhost' (using password: YES) in /home/u482227589/domains/dancacarajas.com.br/public_html/inscricoes/system/Database/MySQLi/Connection.php:218
Stack trace:
#0 /home/u482227589/domains/dancacarajas.com.br/public_html/inscricoes/system/Database/BaseConnection.php(391): CodeIgniter\Database\MySQLi\Connection->connect()
#1 /home/u482227589/domains/dancacarajas.com.br/public_html/inscricoes/system/Session/Handlers/DatabaseHandler.php(109): CodeIgniter\Database\BaseConnection->initialize()
#2 [internal function]: CodeIgniter\Session\Handlers\DatabaseHandler->open()
#3 /home/u482227589/domains/dancacarajas.com.br/public_html/inscricoes/system/Session/Session.php(928): session_start()
#4 /home/u482227589/domains/dancacarajas.com.br/public_html/inscricoes/system/Session/Session.php(250): CodeIgniter\Session\Session->startSession()
#5 /home/u482227589/domains/dancacarajas.com.br/public_html/inscricoes/system/Config/Services.php(674): CodeIgniter\Session\Session->start()
#6 /home/u482227589/domains/dancacarajas.com.br/public_html/inscricoes/system/Config/BaseService.php(252): CodeIgniter\Config\Services::session()
#7 /home/u482227589/domains/dancacarajas.com.br/public_html/inscricoes/system/Config/BaseService.php(193): CodeIgniter\Config\BaseService::__callStatic()
#8 /home/u482227589/domains/dancacarajas.com.br/public_html/inscricoes/system/Config/Services.php(641): CodeIgniter\Config\BaseService::getSharedInstance()
#9 /home/u482227589/domains/dancacarajas.com.br/public_html/inscricoes/system/Config/BaseService.php(252): CodeIgniter\Config\Services::session()
#10 /home/u482227589/domains/dancacarajas.com.br/public_html/inscricoes/app/Controllers/BaseController.php(75): CodeIgniter\Config\BaseService::__callStatic()
#11 /home/u482227589/domains/dancacarajas.com.br/public_html/inscricoes/system/CodeIgniter.php(907): App\Controllers\BaseController->initController()
#12 /home/u482227589/domains/dancacarajas.com.br/public_html/inscricoes/system/CodeIgniter.php(490): CodeIgniter\CodeIgniter->createController()
#13 /home/u482227589/domains/dancacarajas.com.br/public_html/inscricoes/system/CodeIgniter.php(368): CodeIgniter\CodeIgniter->handleRequest()
#14 /home/u482227589/domains/dancacarajas.com.br/public_html/inscricoes/public/index.php(67): CodeIgniter\CodeIgniter->run()
#15 {main}
CRITICAL - 2025-09-26 08:57:04 --> Unable to connect to the database.
Main connection [MySQLi]: Access denied for user '****'@'localhost' (using password: YES)
in SYSTEMPATH/Database/BaseConnection.php on line 427.
 1 SYSTEMPATH/Session/Handlers/DatabaseHandler.php(109): CodeIgniter\Database\BaseConnection->initialize()
 2 [internal function]: CodeIgniter\Session\Handlers\DatabaseHandler->open()
 3 SYSTEMPATH/Session/Session.php(928): session_start()
 4 SYSTEMPATH/Session/Session.php(250): CodeIgniter\Session\Session->startSession()
 5 SYSTEMPATH/Config/Services.php(674): CodeIgniter\Session\Session->start()
 6 SYSTEMPATH/Config/BaseService.php(252): CodeIgniter\Config\Services::session()
 7 SYSTEMPATH/Config/BaseService.php(193): CodeIgniter\Config\BaseService::__callStatic()
 8 SYSTEMPATH/Config/Services.php(641): CodeIgniter\Config\BaseService::getSharedInstance()
 9 SYSTEMPATH/Config/BaseService.php(252): CodeIgniter\Config\Services::session()
10 APPPATH/Controllers/BaseController.php(75): CodeIgniter\Config\BaseService::__callStatic()
11 SYSTEMPATH/CodeIgniter.php(907): App\Controllers\BaseController->initController()
12 SYSTEMPATH/CodeIgniter.php(490): CodeIgniter\CodeIgniter->createController()
13 SYSTEMPATH/CodeIgniter.php(368): CodeIgniter\CodeIgniter->handleRequest()
14 FCPATH/index.php(67): CodeIgniter\CodeIgniter->run()
CRITICAL - 2025-09-26 06:38:39 --> file_get_contents(/home/u482227589/domains/dancacarajas.com.br/public_html/inscricoes/writable/uploads/instituicoes/danca-carajas-festival/eventos/danca-carajas-festival/grupos/casa-ribalta/logomarca_1741045239_1ca6451098f6288bc4d4.pptx): Failed to open stream: No such file or directory
in APPPATH/Controllers/Renderimage.php on line 144.
 1 [internal function]: CodeIgniter\Debug\Exceptions->errorHandler()
 2 APPPATH/Controllers/Renderimage.php(144): file_get_contents()
 3 SYSTEMPATH/CodeIgniter.php(934): App\Controllers\Renderimage->view_grupos()
 4 SYSTEMPATH/CodeIgniter.php(499): CodeIgniter\CodeIgniter->runController()
 5 SYSTEMPATH/CodeIgniter.php(368): CodeIgniter\CodeIgniter->handleRequest()
 6 FCPATH/index.php(67): CodeIgniter\CodeIgniter->run()
CRITICAL - 2025-09-26 06:53:41 --> file_get_contents(/home/u482227589/domains/dancacarajas.com.br/public_html/inscricoes/writable/uploads/instituicoes/nome-da-instituicao/eventos/danca-carajas-festival/grupos/cia-de-danca-leviolett/logomarca_1758103229_ed9ede822e49193a0cdb.png): Failed to open stream: No such file or directory
in APPPATH/Controllers/Renderimage.php on line 144.
 1 [internal function]: CodeIgniter\Debug\Exceptions->errorHandler()
 2 APPPATH/Controllers/Renderimage.php(144): file_get_contents()
 3 SYSTEMPATH/CodeIgniter.php(934): App\Controllers\Renderimage->view_grupos()
 4 SYSTEMPATH/CodeIgniter.php(499): CodeIgniter\CodeIgniter->runController()
 5 SYSTEMPATH/CodeIgniter.php(368): CodeIgniter\CodeIgniter->handleRequest()
 6 FCPATH/index.php(67): CodeIgniter\CodeIgniter->run()
CRITICAL - 2025-09-26 07:02:21 --> file_get_contents(/home/u482227589/domains/dancacarajas.com.br/public_html/inscricoes/writable/uploads/instituicoes/nome-da-instituicao/eventos/danca-carajas-festival/grupos/cia-de-danca-leviolett/logomarca_1758103229_ed9ede822e49193a0cdb.png): Failed to open stream: No such file or directory
in APPPATH/Controllers/Renderimage.php on line 144.
 1 [internal function]: CodeIgniter\Debug\Exceptions->errorHandler()
 2 APPPATH/Controllers/Renderimage.php(144): file_get_contents()
 3 SYSTEMPATH/CodeIgniter.php(934): App\Controllers\Renderimage->view_grupos()
 4 SYSTEMPATH/CodeIgniter.php(499): CodeIgniter\CodeIgniter->runController()
 5 SYSTEMPATH/CodeIgniter.php(368): CodeIgniter\CodeIgniter->handleRequest()
 6 FCPATH/index.php(67): CodeIgniter\CodeIgniter->run()
CRITICAL - 2025-09-26 08:05:30 --> Attempt to read property "resultID" on array
in APPPATH/Controllers/Painel/Coreografias.php on line 262.
 1 APPPATH/Controllers/Painel/Coreografias.php(262): CodeIgniter\Debug\Exceptions->errorHandler()
 2 SYSTEMPATH/CodeIgniter.php(934): App\Controllers\Painel\Coreografias->form()
 3 SYSTEMPATH/CodeIgniter.php(499): CodeIgniter\CodeIgniter->runController()
 4 SYSTEMPATH/CodeIgniter.php(368): CodeIgniter\CodeIgniter->handleRequest()
 5 FCPATH/index.php(67): CodeIgniter\CodeIgniter->run()
CRITICAL - 2025-09-26 08:05:38 --> Attempt to read property "resultID" on array
in APPPATH/Controllers/Painel/Coreografias.php on line 262.
 1 APPPATH/Controllers/Painel/Coreografias.php(262): CodeIgniter\Debug\Exceptions->errorHandler()
 2 SYSTEMPATH/CodeIgniter.php(934): App\Controllers\Painel\Coreografias->form()
 3 SYSTEMPATH/CodeIgniter.php(499): CodeIgniter\CodeIgniter->runController()
 4 SYSTEMPATH/CodeIgniter.php(368): CodeIgniter\CodeIgniter->handleRequest()
 5 FCPATH/index.php(67): CodeIgniter\CodeIgniter->run()
CRITICAL - 2025-09-26 11:46:08 --> file_get_contents(/home/u482227589/domains/dancacarajas.com.br/public_html/bxteste/writable/uploads/participantes/participante_1741045444_9f1755f71020f1a1e26e.jpg): Failed to open stream: No such file or directory
in APPPATH/Controllers/Renderimage.php on line 85.
 1 [internal function]: CodeIgniter\Debug\Exceptions->errorHandler()
 2 APPPATH/Controllers/Renderimage.php(85): file_get_contents()
 3 SYSTEMPATH/CodeIgniter.php(934): App\Controllers\Renderimage->view_avatar()
 4 SYSTEMPATH/CodeIgniter.php(499): CodeIgniter\CodeIgniter->runController()
 5 SYSTEMPATH/CodeIgniter.php(368): CodeIgniter\CodeIgniter->handleRequest()
 6 FCPATH/index.php(67): CodeIgniter\CodeIgniter->run()
CRITICAL - 2025-09-26 12:10:24 --> Attempt to read property "resultID" on array
in APPPATH/Controllers/Painel/Coreografias.php on line 262.
 1 APPPATH/Controllers/Painel/Coreografias.php(262): CodeIgniter\Debug\Exceptions->errorHandler()
 2 SYSTEMPATH/CodeIgniter.php(934): App\Controllers\Painel\Coreografias->form()
 3 SYSTEMPATH/CodeIgniter.php(499): CodeIgniter\CodeIgniter->runController()
 4 SYSTEMPATH/CodeIgniter.php(368): CodeIgniter\CodeIgniter->handleRequest()
 5 FCPATH/index.php(67): CodeIgniter\CodeIgniter->run()
CRITICAL - 2025-09-26 12:29:04 --> file_get_contents(/home/u482227589/domains/dancacarajas.com.br/public_html/bxteste/writable/uploads/participantes/participante_1741045444_9f1755f71020f1a1e26e.jpg): Failed to open stream: No such file or directory
in APPPATH/Controllers/Renderimage.php on line 85.
 1 [internal function]: CodeIgniter\Debug\Exceptions->errorHandler()
 2 APPPATH/Controllers/Renderimage.php(85): file_get_contents()
 3 SYSTEMPATH/CodeIgniter.php(934): App\Controllers\Renderimage->view_avatar()
 4 SYSTEMPATH/CodeIgniter.php(499): CodeIgniter\CodeIgniter->runController()
 5 SYSTEMPATH/CodeIgniter.php(368): CodeIgniter\CodeIgniter->handleRequest()
 6 FCPATH/index.php(67): CodeIgniter\CodeIgniter->run()
CRITICAL - 2025-09-26 15:29:32 --> file_get_contents(/home/u482227589/domains/dancacarajas.com.br/public_html/bxteste/writable/uploads/participantes/participante_1741045444_9f1755f71020f1a1e26e.jpg): Failed to open stream: No such file or directory
in APPPATH/Controllers/Renderimage.php on line 85.
 1 [internal function]: CodeIgniter\Debug\Exceptions->errorHandler()
 2 APPPATH/Controllers/Renderimage.php(85): file_get_contents()
 3 SYSTEMPATH/CodeIgniter.php(934): App\Controllers\Renderimage->view_avatar()
 4 SYSTEMPATH/CodeIgniter.php(499): CodeIgniter\CodeIgniter->runController()
 5 SYSTEMPATH/CodeIgniter.php(368): CodeIgniter\CodeIgniter->handleRequest()
 6 FCPATH/index.php(67): CodeIgniter\CodeIgniter->run()
CRITICAL - 2025-09-26 15:29:32 --> file_get_contents(/home/u482227589/domains/dancacarajas.com.br/public_html/bxteste/writable/uploads/participantes/participante_1758900553_4a5b6ede4f2dac7dfd7d.jpg): Failed to open stream: No such file or directory
in APPPATH/Controllers/Renderimage.php on line 85.
 1 [internal function]: CodeIgniter\Debug\Exceptions->errorHandler()
 2 APPPATH/Controllers/Renderimage.php(85): file_get_contents()
 3 SYSTEMPATH/CodeIgniter.php(934): App\Controllers\Renderimage->view_avatar()
 4 SYSTEMPATH/CodeIgniter.php(499): CodeIgniter\CodeIgniter->runController()
 5 SYSTEMPATH/CodeIgniter.php(368): CodeIgniter\CodeIgniter->handleRequest()
 6 FCPATH/index.php(67): CodeIgniter\CodeIgniter->run()
CRITICAL - 2025-09-26 15:30:37 --> file_get_contents(/home/u482227589/domains/dancacarajas.com.br/public_html/bxteste/writable/uploads/participantes/participante_1741045444_9f1755f71020f1a1e26e.jpg): Failed to open stream: No such file or directory
in APPPATH/Controllers/Renderimage.php on line 85.
 1 [internal function]: CodeIgniter\Debug\Exceptions->errorHandler()
 2 APPPATH/Controllers/Renderimage.php(85): file_get_contents()
 3 SYSTEMPATH/CodeIgniter.php(934): App\Controllers\Renderimage->view_avatar()
 4 SYSTEMPATH/CodeIgniter.php(499): CodeIgniter\CodeIgniter->runController()
 5 SYSTEMPATH/CodeIgniter.php(368): CodeIgniter\CodeIgniter->handleRequest()
 6 FCPATH/index.php(67): CodeIgniter\CodeIgniter->run()
CRITICAL - 2025-09-26 15:30:37 --> file_get_contents(/home/u482227589/domains/dancacarajas.com.br/public_html/bxteste/writable/uploads/participantes/participante_1758900553_4a5b6ede4f2dac7dfd7d.jpg): Failed to open stream: No such file or directory
in APPPATH/Controllers/Renderimage.php on line 85.
 1 [internal function]: CodeIgniter\Debug\Exceptions->errorHandler()
 2 APPPATH/Controllers/Renderimage.php(85): file_get_contents()
 3 SYSTEMPATH/CodeIgniter.php(934): App\Controllers\Renderimage->view_avatar()
 4 SYSTEMPATH/CodeIgniter.php(499): CodeIgniter\CodeIgniter->runController()
 5 SYSTEMPATH/CodeIgniter.php(368): CodeIgniter\CodeIgniter->handleRequest()
 6 FCPATH/index.php(67): CodeIgniter\CodeIgniter->run()
CRITICAL - 2025-09-26 15:40:56 --> file_get_contents(/home/u482227589/domains/dancacarajas.com.br/public_html/bxteste/writable/uploads/participantes/participante_1741045444_9f1755f71020f1a1e26e.jpg): Failed to open stream: No such file or directory
in APPPATH/Controllers/Renderimage.php on line 85.
 1 [internal function]: CodeIgniter\Debug\Exceptions->errorHandler()
 2 APPPATH/Controllers/Renderimage.php(85): file_get_contents()
 3 SYSTEMPATH/CodeIgniter.php(934): App\Controllers\Renderimage->view_avatar()
 4 SYSTEMPATH/CodeIgniter.php(499): CodeIgniter\CodeIgniter->runController()
 5 SYSTEMPATH/CodeIgniter.php(368): CodeIgniter\CodeIgniter->handleRequest()
 6 FCPATH/index.php(67): CodeIgniter\CodeIgniter->run()
CRITICAL - 2025-09-26 15:40:56 --> file_get_contents(/home/u482227589/domains/dancacarajas.com.br/public_html/bxteste/writable/uploads/participantes/participante_1758900553_4a5b6ede4f2dac7dfd7d.jpg): Failed to open stream: No such file or directory
in APPPATH/Controllers/Renderimage.php on line 85.
 1 [internal function]: CodeIgniter\Debug\Exceptions->errorHandler()
 2 APPPATH/Controllers/Renderimage.php(85): file_get_contents()
 3 SYSTEMPATH/CodeIgniter.php(934): App\Controllers\Renderimage->view_avatar()
 4 SYSTEMPATH/CodeIgniter.php(499): CodeIgniter\CodeIgniter->runController()
 5 SYSTEMPATH/CodeIgniter.php(368): CodeIgniter\CodeIgniter->handleRequest()
 6 FCPATH/index.php(67): CodeIgniter\CodeIgniter->run()
