CRITICAL - 2025-09-28 11:18:26 --> file_get_contents(/home/u482227589/domains/dancacarajas.com.br/public_html/bxteste/writable/uploads/participantes/participante_1759068980_a0ddbc8a0b3e2c34c40a.jpeg): Failed to open stream: No such file or directory
in APPPATH/Controllers/Renderimage.php on line 85.
 1 [internal function]: CodeIgniter\Debug\Exceptions->errorHandler()
 2 APPPATH/Controllers/Renderimage.php(85): file_get_contents()
 3 SYSTEMPATH/CodeIgniter.php(934): App\Controllers\Renderimage->view_avatar()
 4 SYSTEMPATH/CodeIgniter.php(499): CodeIgniter\CodeIgniter->runController()
 5 SYSTEMPATH/CodeIgniter.php(368): CodeIgniter\CodeIgniter->handleRequest()
 6 FCPATH/index.php(67): CodeIgniter\CodeIgniter->run()
CRITICAL - 2025-09-28 11:21:47 --> file_get_contents(/home/u482227589/domains/dancacarajas.com.br/public_html/bxteste/writable/uploads/participantes/participante_1758992464_f65266d35f404a021037.jpeg): Failed to open stream: No such file or directory
in APPPATH/Controllers/Renderimage.php on line 85.
 1 [internal function]: CodeIgniter\Debug\Exceptions->errorHandler()
 2 APPPATH/Controllers/Renderimage.php(85): file_get_contents()
 3 SYSTEMPATH/CodeIgniter.php(934): App\Controllers\Renderimage->view_avatar()
 4 SYSTEMPATH/CodeIgniter.php(499): CodeIgniter\CodeIgniter->runController()
 5 SYSTEMPATH/CodeIgniter.php(368): CodeIgniter\CodeIgniter->handleRequest()
 6 FCPATH/index.php(67): CodeIgniter\CodeIgniter->run()
CRITICAL - 2025-09-28 11:21:47 --> file_get_contents(/home/u482227589/domains/dancacarajas.com.br/public_html/bxteste/writable/uploads/participantes/participante_1759068980_a0ddbc8a0b3e2c34c40a.jpeg): Failed to open stream: No such file or directory
in APPPATH/Controllers/Renderimage.php on line 85.
 1 [internal function]: CodeIgniter\Debug\Exceptions->errorHandler()
 2 APPPATH/Controllers/Renderimage.php(85): file_get_contents()
 3 SYSTEMPATH/CodeIgniter.php(934): App\Controllers\Renderimage->view_avatar()
 4 SYSTEMPATH/CodeIgniter.php(499): CodeIgniter\CodeIgniter->runController()
 5 SYSTEMPATH/CodeIgniter.php(368): CodeIgniter\CodeIgniter->handleRequest()
 6 FCPATH/index.php(67): CodeIgniter\CodeIgniter->run()
CRITICAL - 2025-09-28 11:22:38 --> Undefined variable $participantes_all
in APPPATH/Controllers/Inscricoes.php on line 5869.
 1 APPPATH/Controllers/Inscricoes.php(5869): CodeIgniter\Debug\Exceptions->errorHandler()
 2 SYSTEMPATH/CodeIgniter.php(934): App\Controllers\Inscricoes->ajaxform()
 3 SYSTEMPATH/CodeIgniter.php(499): CodeIgniter\CodeIgniter->runController()
 4 SYSTEMPATH/CodeIgniter.php(368): CodeIgniter\CodeIgniter->handleRequest()
 5 FCPATH/index.php(67): CodeIgniter\CodeIgniter->run()
CRITICAL - 2025-09-28 11:23:17 --> Undefined variable $participantes_all
in APPPATH/Controllers/Inscricoes.php on line 5869.
 1 APPPATH/Controllers/Inscricoes.php(5869): CodeIgniter\Debug\Exceptions->errorHandler()
 2 SYSTEMPATH/CodeIgniter.php(934): App\Controllers\Inscricoes->ajaxform()
 3 SYSTEMPATH/CodeIgniter.php(499): CodeIgniter\CodeIgniter->runController()
 4 SYSTEMPATH/CodeIgniter.php(368): CodeIgniter\CodeIgniter->handleRequest()
 5 FCPATH/index.php(67): CodeIgniter\CodeIgniter->run()
CRITICAL - 2025-09-28 11:23:31 --> Undefined variable $participantes_all
in APPPATH/Controllers/Inscricoes.php on line 5869.
 1 APPPATH/Controllers/Inscricoes.php(5869): CodeIgniter\Debug\Exceptions->errorHandler()
 2 SYSTEMPATH/CodeIgniter.php(934): App\Controllers\Inscricoes->ajaxform()
 3 SYSTEMPATH/CodeIgniter.php(499): CodeIgniter\CodeIgniter->runController()
 4 SYSTEMPATH/CodeIgniter.php(368): CodeIgniter\CodeIgniter->handleRequest()
 5 FCPATH/index.php(67): CodeIgniter\CodeIgniter->run()
CRITICAL - 2025-09-28 11:23:34 --> Undefined variable $participantes_all
in APPPATH/Controllers/Inscricoes.php on line 5869.
 1 APPPATH/Controllers/Inscricoes.php(5869): CodeIgniter\Debug\Exceptions->errorHandler()
 2 SYSTEMPATH/CodeIgniter.php(934): App\Controllers\Inscricoes->ajaxform()
 3 SYSTEMPATH/CodeIgniter.php(499): CodeIgniter\CodeIgniter->runController()
 4 SYSTEMPATH/CodeIgniter.php(368): CodeIgniter\CodeIgniter->handleRequest()
 5 FCPATH/index.php(67): CodeIgniter\CodeIgniter->run()
CRITICAL - 2025-09-28 11:25:03 --> file_get_contents(/home/u482227589/domains/dancacarajas.com.br/public_html/bxteste/writable/uploads/participantes/participante_1759068980_a0ddbc8a0b3e2c34c40a.jpeg): Failed to open stream: No such file or directory
in APPPATH/Controllers/Renderimage.php on line 85.
 1 [internal function]: CodeIgniter\Debug\Exceptions->errorHandler()
 2 APPPATH/Controllers/Renderimage.php(85): file_get_contents()
 3 SYSTEMPATH/CodeIgniter.php(934): App\Controllers\Renderimage->view_avatar()
 4 SYSTEMPATH/CodeIgniter.php(499): CodeIgniter\CodeIgniter->runController()
 5 SYSTEMPATH/CodeIgniter.php(368): CodeIgniter\CodeIgniter->handleRequest()
 6 FCPATH/index.php(67): CodeIgniter\CodeIgniter->run()
CRITICAL - 2025-09-28 11:25:03 --> file_get_contents(/home/u482227589/domains/dancacarajas.com.br/public_html/bxteste/writable/uploads/participantes/participante_1758992464_f65266d35f404a021037.jpeg): Failed to open stream: No such file or directory
in APPPATH/Controllers/Renderimage.php on line 85.
 1 [internal function]: CodeIgniter\Debug\Exceptions->errorHandler()
 2 APPPATH/Controllers/Renderimage.php(85): file_get_contents()
 3 SYSTEMPATH/CodeIgniter.php(934): App\Controllers\Renderimage->view_avatar()
 4 SYSTEMPATH/CodeIgniter.php(499): CodeIgniter\CodeIgniter->runController()
 5 SYSTEMPATH/CodeIgniter.php(368): CodeIgniter\CodeIgniter->handleRequest()
 6 FCPATH/index.php(67): CodeIgniter\CodeIgniter->run()
CRITICAL - 2025-09-28 11:25:03 --> file_get_contents(/home/u482227589/domains/dancacarajas.com.br/public_html/bxteste/writable/uploads/participantes/participante_1759069323_b9c5c0e4f45530bdfe91.jpeg): Failed to open stream: No such file or directory
in APPPATH/Controllers/Renderimage.php on line 85.
 1 [internal function]: CodeIgniter\Debug\Exceptions->errorHandler()
 2 APPPATH/Controllers/Renderimage.php(85): file_get_contents()
 3 SYSTEMPATH/CodeIgniter.php(934): App\Controllers\Renderimage->view_avatar()
 4 SYSTEMPATH/CodeIgniter.php(499): CodeIgniter\CodeIgniter->runController()
 5 SYSTEMPATH/CodeIgniter.php(368): CodeIgniter\CodeIgniter->handleRequest()
 6 FCPATH/index.php(67): CodeIgniter\CodeIgniter->run()
CRITICAL - 2025-09-28 11:25:29 --> Undefined variable $participantes_all
in APPPATH/Controllers/Inscricoes.php on line 5869.
 1 APPPATH/Controllers/Inscricoes.php(5869): CodeIgniter\Debug\Exceptions->errorHandler()
 2 SYSTEMPATH/CodeIgniter.php(934): App\Controllers\Inscricoes->ajaxform()
 3 SYSTEMPATH/CodeIgniter.php(499): CodeIgniter\CodeIgniter->runController()
 4 SYSTEMPATH/CodeIgniter.php(368): CodeIgniter\CodeIgniter->handleRequest()
 5 FCPATH/index.php(67): CodeIgniter\CodeIgniter->run()
CRITICAL - 2025-09-28 11:28:14 --> Undefined property: stdClass::$grevt_hashkey
in APPPATH/Views/inscricoes/meus-grupos.php on line 48.
 1 APPPATH/Views/inscricoes/meus-grupos.php(48): CodeIgniter\Debug\Exceptions->errorHandler()
 2 SYSTEMPATH/View/View.php(213): include('/home/u482227589/domains/dancacarajas.com.br/public_html/bxteste/app/Views/inscricoes/meus-grupos.php')
 3 SYSTEMPATH/View/View.php(216): CodeIgniter\View\View->CodeIgniter\View\{closure}()
 4 SYSTEMPATH/Common.php(1184): CodeIgniter\View\View->render()
 5 APPPATH/Controllers/Inscricoes.php(4689): view()
 6 SYSTEMPATH/CodeIgniter.php(934): App\Controllers\Inscricoes->meus_grupos()
 7 SYSTEMPATH/CodeIgniter.php(499): CodeIgniter\CodeIgniter->runController()
 8 SYSTEMPATH/CodeIgniter.php(368): CodeIgniter\CodeIgniter->handleRequest()
 9 FCPATH/index.php(67): CodeIgniter\CodeIgniter->run()
CRITICAL - 2025-09-28 12:07:23 --> Undefined property: stdClass::$grevt_hashkey
in APPPATH/Views/inscricoes/meus-grupos.php on line 48.
 1 APPPATH/Views/inscricoes/meus-grupos.php(48): CodeIgniter\Debug\Exceptions->errorHandler()
 2 SYSTEMPATH/View/View.php(213): include('/home/u482227589/domains/dancacarajas.com.br/public_html/bxteste/app/Views/inscricoes/meus-grupos.php')
 3 SYSTEMPATH/View/View.php(216): CodeIgniter\View\View->CodeIgniter\View\{closure}()
 4 SYSTEMPATH/Common.php(1184): CodeIgniter\View\View->render()
 5 APPPATH/Controllers/Inscricoes.php(4689): view()
 6 SYSTEMPATH/CodeIgniter.php(934): App\Controllers\Inscricoes->meus_grupos()
 7 SYSTEMPATH/CodeIgniter.php(499): CodeIgniter\CodeIgniter->runController()
 8 SYSTEMPATH/CodeIgniter.php(368): CodeIgniter\CodeIgniter->handleRequest()
 9 FCPATH/index.php(67): CodeIgniter\CodeIgniter->run()
CRITICAL - 2025-09-28 12:23:55 --> SMTP Error: Could not connect to SMTP host. Failed to connect to server
in VENDORPATH/phpmailer/phpmailer/src/PHPMailer.php on line 2348.
 1 VENDORPATH/phpmailer/phpmailer/src/PHPMailer.php(2118): PHPMailer\PHPMailer\PHPMailer->smtpConnect()
 2 VENDORPATH/phpmailer/phpmailer/src/PHPMailer.php(1747): PHPMailer\PHPMailer\PHPMailer->smtpSend()
 3 VENDORPATH/phpmailer/phpmailer/src/PHPMailer.php(1564): PHPMailer\PHPMailer\PHPMailer->postSend()
 4 APPPATH/Libraries/PHPMailerLib.php(128): PHPMailer\PHPMailer\PHPMailer->send()
 5 APPPATH/Controllers/Inscricoes.php(7412): App\Libraries\PHPMailerLib->send()
 6 APPPATH/Controllers/Inscricoes.php(2223): App\Controllers\Inscricoes->enviarEmailConfirmacaoInscricao()
 7 SYSTEMPATH/CodeIgniter.php(934): App\Controllers\Inscricoes->doacoes()
 8 SYSTEMPATH/CodeIgniter.php(499): CodeIgniter\CodeIgniter->runController()
 9 SYSTEMPATH/CodeIgniter.php(368): CodeIgniter\CodeIgniter->handleRequest()
10 FCPATH/index.php(67): CodeIgniter\CodeIgniter->run()
CRITICAL - 2025-09-28 12:24:38 --> SMTP Error: Could not connect to SMTP host. Failed to connect to server
in VENDORPATH/phpmailer/phpmailer/src/PHPMailer.php on line 2348.
 1 VENDORPATH/phpmailer/phpmailer/src/PHPMailer.php(2118): PHPMailer\PHPMailer\PHPMailer->smtpConnect()
 2 VENDORPATH/phpmailer/phpmailer/src/PHPMailer.php(1747): PHPMailer\PHPMailer\PHPMailer->smtpSend()
 3 VENDORPATH/phpmailer/phpmailer/src/PHPMailer.php(1564): PHPMailer\PHPMailer\PHPMailer->postSend()
 4 APPPATH/Libraries/PHPMailerLib.php(128): PHPMailer\PHPMailer\PHPMailer->send()
 5 APPPATH/Controllers/Inscricoes.php(7412): App\Libraries\PHPMailerLib->send()
 6 APPPATH/Controllers/Inscricoes.php(2223): App\Controllers\Inscricoes->enviarEmailConfirmacaoInscricao()
 7 SYSTEMPATH/CodeIgniter.php(934): App\Controllers\Inscricoes->doacoes()
 8 SYSTEMPATH/CodeIgniter.php(499): CodeIgniter\CodeIgniter->runController()
 9 SYSTEMPATH/CodeIgniter.php(368): CodeIgniter\CodeIgniter->handleRequest()
10 FCPATH/index.php(67): CodeIgniter\CodeIgniter->run()
CRITICAL - 2025-09-28 12:25:36 --> SMTP Error: Could not connect to SMTP host. Failed to connect to server
in VENDORPATH/phpmailer/phpmailer/src/PHPMailer.php on line 2348.
 1 VENDORPATH/phpmailer/phpmailer/src/PHPMailer.php(2118): PHPMailer\PHPMailer\PHPMailer->smtpConnect()
 2 VENDORPATH/phpmailer/phpmailer/src/PHPMailer.php(1747): PHPMailer\PHPMailer\PHPMailer->smtpSend()
 3 VENDORPATH/phpmailer/phpmailer/src/PHPMailer.php(1564): PHPMailer\PHPMailer\PHPMailer->postSend()
 4 APPPATH/Libraries/PHPMailerLib.php(128): PHPMailer\PHPMailer\PHPMailer->send()
 5 APPPATH/Controllers/Inscricoes.php(7412): App\Libraries\PHPMailerLib->send()
 6 APPPATH/Controllers/Inscricoes.php(2223): App\Controllers\Inscricoes->enviarEmailConfirmacaoInscricao()
 7 SYSTEMPATH/CodeIgniter.php(934): App\Controllers\Inscricoes->doacoes()
 8 SYSTEMPATH/CodeIgniter.php(499): CodeIgniter\CodeIgniter->runController()
 9 SYSTEMPATH/CodeIgniter.php(368): CodeIgniter\CodeIgniter->handleRequest()
10 FCPATH/index.php(67): CodeIgniter\CodeIgniter->run()
CRITICAL - 2025-09-28 14:30:51 --> Undefined property: stdClass::$grevt_hashkey
in APPPATH/Views/inscricoes/meus-grupos.php on line 48.
 1 APPPATH/Views/inscricoes/meus-grupos.php(48): CodeIgniter\Debug\Exceptions->errorHandler()
 2 SYSTEMPATH/View/View.php(213): include('/home/u482227589/domains/dancacarajas.com.br/public_html/bxteste/app/Views/inscricoes/meus-grupos.php')
 3 SYSTEMPATH/View/View.php(216): CodeIgniter\View\View->CodeIgniter\View\{closure}()
 4 SYSTEMPATH/Common.php(1184): CodeIgniter\View\View->render()
 5 APPPATH/Controllers/Inscricoes.php(4689): view()
 6 SYSTEMPATH/CodeIgniter.php(934): App\Controllers\Inscricoes->meus_grupos()
 7 SYSTEMPATH/CodeIgniter.php(499): CodeIgniter\CodeIgniter->runController()
 8 SYSTEMPATH/CodeIgniter.php(368): CodeIgniter\CodeIgniter->handleRequest()
 9 FCPATH/index.php(67): CodeIgniter\CodeIgniter->run()
CRITICAL - 2025-09-28 14:31:04 --> Undefined property: stdClass::$grevt_hashkey
in APPPATH/Views/inscricoes/meus-grupos.php on line 48.
 1 APPPATH/Views/inscricoes/meus-grupos.php(48): CodeIgniter\Debug\Exceptions->errorHandler()
 2 SYSTEMPATH/View/View.php(213): include('/home/u482227589/domains/dancacarajas.com.br/public_html/bxteste/app/Views/inscricoes/meus-grupos.php')
 3 SYSTEMPATH/View/View.php(216): CodeIgniter\View\View->CodeIgniter\View\{closure}()
 4 SYSTEMPATH/Common.php(1184): CodeIgniter\View\View->render()
 5 APPPATH/Controllers/Inscricoes.php(4689): view()
 6 SYSTEMPATH/CodeIgniter.php(934): App\Controllers\Inscricoes->meus_grupos()
 7 SYSTEMPATH/CodeIgniter.php(499): CodeIgniter\CodeIgniter->runController()
 8 SYSTEMPATH/CodeIgniter.php(368): CodeIgniter\CodeIgniter->handleRequest()
 9 FCPATH/index.php(67): CodeIgniter\CodeIgniter->run()
CRITICAL - 2025-09-28 17:59:51 --> Unterminated comment starting line 1680
in APPPATH/Controllers/Inscricoes.php on line 1680.
 1 SYSTEMPATH/Autoloader/Autoloader.php(289): CodeIgniter\Autoloader\Autoloader->includeFile()
 2 SYSTEMPATH/Autoloader/Autoloader.php(267): CodeIgniter\Autoloader\Autoloader->loadInNamespace()
 3 [internal function]: CodeIgniter\Autoloader\Autoloader->loadClass()
 4 SYSTEMPATH/CodeIgniter.php(892): class_exists()
 5 SYSTEMPATH/CodeIgniter.php(486): CodeIgniter\CodeIgniter->startController()
 6 SYSTEMPATH/CodeIgniter.php(368): CodeIgniter\CodeIgniter->handleRequest()
 7 FCPATH/index.php(67): CodeIgniter\CodeIgniter->run()
CRITICAL - 2025-09-28 17:59:54 --> Unclosed '{' on line 2462
in APPPATH/Controllers/Inscricoes.php on line 2463.
 1 SYSTEMPATH/Autoloader/Autoloader.php(289): CodeIgniter\Autoloader\Autoloader->includeFile()
 2 SYSTEMPATH/Autoloader/Autoloader.php(267): CodeIgniter\Autoloader\Autoloader->loadInNamespace()
 3 [internal function]: CodeIgniter\Autoloader\Autoloader->loadClass()
 4 SYSTEMPATH/CodeIgniter.php(892): class_exists()
 5 SYSTEMPATH/CodeIgniter.php(486): CodeIgniter\CodeIgniter->startController()
 6 SYSTEMPATH/CodeIgniter.php(368): CodeIgniter\CodeIgniter->handleRequest()
 7 FCPATH/index.php(67): CodeIgniter\CodeIgniter->run()
CRITICAL - 2025-09-28 17:59:55 --> Unterminated comment starting line 6859
in APPPATH/Controllers/Inscricoes.php on line 6859.
 1 SYSTEMPATH/Autoloader/Autoloader.php(289): CodeIgniter\Autoloader\Autoloader->includeFile()
 2 SYSTEMPATH/Autoloader/Autoloader.php(267): CodeIgniter\Autoloader\Autoloader->loadInNamespace()
 3 [internal function]: CodeIgniter\Autoloader\Autoloader->loadClass()
 4 SYSTEMPATH/CodeIgniter.php(892): class_exists()
 5 SYSTEMPATH/CodeIgniter.php(486): CodeIgniter\CodeIgniter->startController()
 6 SYSTEMPATH/CodeIgniter.php(368): CodeIgniter\CodeIgniter->handleRequest()
 7 FCPATH/index.php(67): CodeIgniter\CodeIgniter->run()
CRITICAL - 2025-09-28 16:04:41 --> syntax error, unexpected token "echo"
in APPPATH/Views/inscricoes/grupos.php on line 221.
 1 SYSTEMPATH/View/View.php(216): CodeIgniter\View\View->CodeIgniter\View\{closure}()
 2 SYSTEMPATH/Common.php(1184): CodeIgniter\View\View->render()
 3 APPPATH/Controllers/Inscricoes.php(437): view()
 4 SYSTEMPATH/CodeIgniter.php(934): App\Controllers\Inscricoes->grupos()
 5 SYSTEMPATH/CodeIgniter.php(499): CodeIgniter\CodeIgniter->runController()
 6 SYSTEMPATH/CodeIgniter.php(368): CodeIgniter\CodeIgniter->handleRequest()
 7 FCPATH/index.php(67): CodeIgniter\CodeIgniter->run()
ERROR - 2025-09-28 16:30:46 --> mysqli_sql_exception: Unknown column 'tbl_grupos.grp_id' in 'WHERE' in /home/u482227589/domains/dancacarajas.com.br/public_html/bxteste/system/Database/MySQLi/Connection.php:295
Stack trace:
#0 /home/u482227589/domains/dancacarajas.com.br/public_html/bxteste/system/Database/MySQLi/Connection.php(295): mysqli->query()
#1 /home/u482227589/domains/dancacarajas.com.br/public_html/bxteste/system/Database/BaseConnection.php(692): CodeIgniter\Database\MySQLi\Connection->execute()
#2 /home/u482227589/domains/dancacarajas.com.br/public_html/bxteste/system/Database/BaseConnection.php(606): CodeIgniter\Database\BaseConnection->simpleQuery()
#3 /home/u482227589/domains/dancacarajas.com.br/public_html/bxteste/system/Database/BaseBuilder.php(2476): CodeIgniter\Database\BaseConnection->query()
#4 /home/u482227589/domains/dancacarajas.com.br/public_html/bxteste/system/Model.php(396): CodeIgniter\Database\BaseBuilder->update()
#5 /home/u482227589/domains/dancacarajas.com.br/public_html/bxteste/system/BaseModel.php(943): CodeIgniter\Model->doUpdate()
#6 /home/u482227589/domains/dancacarajas.com.br/public_html/bxteste/system/Model.php(756): CodeIgniter\BaseModel->update()
#7 /home/u482227589/domains/dancacarajas.com.br/public_html/bxteste/app/Controllers/Inscricoes.php(7424): CodeIgniter\Model->update()
#8 /home/u482227589/domains/dancacarajas.com.br/public_html/bxteste/app/Controllers/Inscricoes.php(2182): App\Controllers\Inscricoes->atualizarStatusInscricao()
#9 /home/u482227589/domains/dancacarajas.com.br/public_html/bxteste/system/CodeIgniter.php(934): App\Controllers\Inscricoes->doacoes()
#10 /home/u482227589/domains/dancacarajas.com.br/public_html/bxteste/system/CodeIgniter.php(499): CodeIgniter\CodeIgniter->runController()
#11 /home/u482227589/domains/dancacarajas.com.br/public_html/bxteste/system/CodeIgniter.php(368): CodeIgniter\CodeIgniter->handleRequest()
#12 /home/u482227589/domains/dancacarajas.com.br/public_html/bxteste/public/index.php(67): CodeIgniter\CodeIgniter->run()
#13 {main}
CRITICAL - 2025-09-28 16:30:46 --> Unknown column 'tbl_grupos.grp_id' in 'WHERE'
in SYSTEMPATH/Database/MySQLi/Connection.php on line 295.
 1 SYSTEMPATH/Database/MySQLi/Connection.php(295): mysqli->query()
 2 SYSTEMPATH/Database/BaseConnection.php(692): CodeIgniter\Database\MySQLi\Connection->execute()
 3 SYSTEMPATH/Database/BaseConnection.php(606): CodeIgniter\Database\BaseConnection->simpleQuery()
 4 SYSTEMPATH/Database/BaseBuilder.php(2476): CodeIgniter\Database\BaseConnection->query()
 5 SYSTEMPATH/Model.php(396): CodeIgniter\Database\BaseBuilder->update()
 6 SYSTEMPATH/BaseModel.php(943): CodeIgniter\Model->doUpdate()
 7 SYSTEMPATH/Model.php(756): CodeIgniter\BaseModel->update()
 8 APPPATH/Controllers/Inscricoes.php(7424): CodeIgniter\Model->update()
 9 APPPATH/Controllers/Inscricoes.php(2182): App\Controllers\Inscricoes->atualizarStatusInscricao()
10 SYSTEMPATH/CodeIgniter.php(934): App\Controllers\Inscricoes->doacoes()
11 SYSTEMPATH/CodeIgniter.php(499): CodeIgniter\CodeIgniter->runController()
12 SYSTEMPATH/CodeIgniter.php(368): CodeIgniter\CodeIgniter->handleRequest()
13 FCPATH/index.php(67): CodeIgniter\CodeIgniter->run()
ERROR - 2025-09-28 16:33:02 --> mysqli_sql_exception: Unknown column 'tbl_grupos.grp_id' in 'WHERE' in /home/u482227589/domains/dancacarajas.com.br/public_html/bxteste/system/Database/MySQLi/Connection.php:295
Stack trace:
#0 /home/u482227589/domains/dancacarajas.com.br/public_html/bxteste/system/Database/MySQLi/Connection.php(295): mysqli->query()
#1 /home/u482227589/domains/dancacarajas.com.br/public_html/bxteste/system/Database/BaseConnection.php(692): CodeIgniter\Database\MySQLi\Connection->execute()
#2 /home/u482227589/domains/dancacarajas.com.br/public_html/bxteste/system/Database/BaseConnection.php(606): CodeIgniter\Database\BaseConnection->simpleQuery()
#3 /home/u482227589/domains/dancacarajas.com.br/public_html/bxteste/system/Database/BaseBuilder.php(2476): CodeIgniter\Database\BaseConnection->query()
#4 /home/u482227589/domains/dancacarajas.com.br/public_html/bxteste/system/Model.php(396): CodeIgniter\Database\BaseBuilder->update()
#5 /home/u482227589/domains/dancacarajas.com.br/public_html/bxteste/system/BaseModel.php(943): CodeIgniter\Model->doUpdate()
#6 /home/u482227589/domains/dancacarajas.com.br/public_html/bxteste/system/Model.php(756): CodeIgniter\BaseModel->update()
#7 /home/u482227589/domains/dancacarajas.com.br/public_html/bxteste/app/Controllers/Inscricoes.php(7424): CodeIgniter\Model->update()
#8 /home/u482227589/domains/dancacarajas.com.br/public_html/bxteste/app/Controllers/Inscricoes.php(2182): App\Controllers\Inscricoes->atualizarStatusInscricao()
#9 /home/u482227589/domains/dancacarajas.com.br/public_html/bxteste/system/CodeIgniter.php(934): App\Controllers\Inscricoes->doacoes()
#10 /home/u482227589/domains/dancacarajas.com.br/public_html/bxteste/system/CodeIgniter.php(499): CodeIgniter\CodeIgniter->runController()
#11 /home/u482227589/domains/dancacarajas.com.br/public_html/bxteste/system/CodeIgniter.php(368): CodeIgniter\CodeIgniter->handleRequest()
#12 /home/u482227589/domains/dancacarajas.com.br/public_html/bxteste/public/index.php(67): CodeIgniter\CodeIgniter->run()
#13 {main}
CRITICAL - 2025-09-28 16:33:02 --> Unknown column 'tbl_grupos.grp_id' in 'WHERE'
in SYSTEMPATH/Database/MySQLi/Connection.php on line 295.
 1 SYSTEMPATH/Database/MySQLi/Connection.php(295): mysqli->query()
 2 SYSTEMPATH/Database/BaseConnection.php(692): CodeIgniter\Database\MySQLi\Connection->execute()
 3 SYSTEMPATH/Database/BaseConnection.php(606): CodeIgniter\Database\BaseConnection->simpleQuery()
 4 SYSTEMPATH/Database/BaseBuilder.php(2476): CodeIgniter\Database\BaseConnection->query()
 5 SYSTEMPATH/Model.php(396): CodeIgniter\Database\BaseBuilder->update()
 6 SYSTEMPATH/BaseModel.php(943): CodeIgniter\Model->doUpdate()
 7 SYSTEMPATH/Model.php(756): CodeIgniter\BaseModel->update()
 8 APPPATH/Controllers/Inscricoes.php(7424): CodeIgniter\Model->update()
 9 APPPATH/Controllers/Inscricoes.php(2182): App\Controllers\Inscricoes->atualizarStatusInscricao()
10 SYSTEMPATH/CodeIgniter.php(934): App\Controllers\Inscricoes->doacoes()
11 SYSTEMPATH/CodeIgniter.php(499): CodeIgniter\CodeIgniter->runController()
12 SYSTEMPATH/CodeIgniter.php(368): CodeIgniter\CodeIgniter->handleRequest()
13 FCPATH/index.php(67): CodeIgniter\CodeIgniter->run()
ERROR - 2025-09-28 16:33:41 --> mysqli_sql_exception: Unknown column 'tbl_grupos.grp_id' in 'WHERE' in /home/u482227589/domains/dancacarajas.com.br/public_html/bxteste/system/Database/MySQLi/Connection.php:295
Stack trace:
#0 /home/u482227589/domains/dancacarajas.com.br/public_html/bxteste/system/Database/MySQLi/Connection.php(295): mysqli->query()
#1 /home/u482227589/domains/dancacarajas.com.br/public_html/bxteste/system/Database/BaseConnection.php(692): CodeIgniter\Database\MySQLi\Connection->execute()
#2 /home/u482227589/domains/dancacarajas.com.br/public_html/bxteste/system/Database/BaseConnection.php(606): CodeIgniter\Database\BaseConnection->simpleQuery()
#3 /home/u482227589/domains/dancacarajas.com.br/public_html/bxteste/system/Database/BaseBuilder.php(2476): CodeIgniter\Database\BaseConnection->query()
#4 /home/u482227589/domains/dancacarajas.com.br/public_html/bxteste/system/Model.php(396): CodeIgniter\Database\BaseBuilder->update()
#5 /home/u482227589/domains/dancacarajas.com.br/public_html/bxteste/system/BaseModel.php(943): CodeIgniter\Model->doUpdate()
#6 /home/u482227589/domains/dancacarajas.com.br/public_html/bxteste/system/Model.php(756): CodeIgniter\BaseModel->update()
#7 /home/u482227589/domains/dancacarajas.com.br/public_html/bxteste/app/Controllers/Inscricoes.php(7424): CodeIgniter\Model->update()
#8 /home/u482227589/domains/dancacarajas.com.br/public_html/bxteste/app/Controllers/Inscricoes.php(2182): App\Controllers\Inscricoes->atualizarStatusInscricao()
#9 /home/u482227589/domains/dancacarajas.com.br/public_html/bxteste/system/CodeIgniter.php(934): App\Controllers\Inscricoes->doacoes()
#10 /home/u482227589/domains/dancacarajas.com.br/public_html/bxteste/system/CodeIgniter.php(499): CodeIgniter\CodeIgniter->runController()
#11 /home/u482227589/domains/dancacarajas.com.br/public_html/bxteste/system/CodeIgniter.php(368): CodeIgniter\CodeIgniter->handleRequest()
#12 /home/u482227589/domains/dancacarajas.com.br/public_html/bxteste/public/index.php(67): CodeIgniter\CodeIgniter->run()
#13 {main}
CRITICAL - 2025-09-28 16:33:41 --> Unknown column 'tbl_grupos.grp_id' in 'WHERE'
in SYSTEMPATH/Database/MySQLi/Connection.php on line 295.
 1 SYSTEMPATH/Database/MySQLi/Connection.php(295): mysqli->query()
 2 SYSTEMPATH/Database/BaseConnection.php(692): CodeIgniter\Database\MySQLi\Connection->execute()
 3 SYSTEMPATH/Database/BaseConnection.php(606): CodeIgniter\Database\BaseConnection->simpleQuery()
 4 SYSTEMPATH/Database/BaseBuilder.php(2476): CodeIgniter\Database\BaseConnection->query()
 5 SYSTEMPATH/Model.php(396): CodeIgniter\Database\BaseBuilder->update()
 6 SYSTEMPATH/BaseModel.php(943): CodeIgniter\Model->doUpdate()
 7 SYSTEMPATH/Model.php(756): CodeIgniter\BaseModel->update()
 8 APPPATH/Controllers/Inscricoes.php(7424): CodeIgniter\Model->update()
 9 APPPATH/Controllers/Inscricoes.php(2182): App\Controllers\Inscricoes->atualizarStatusInscricao()
10 SYSTEMPATH/CodeIgniter.php(934): App\Controllers\Inscricoes->doacoes()
11 SYSTEMPATH/CodeIgniter.php(499): CodeIgniter\CodeIgniter->runController()
12 SYSTEMPATH/CodeIgniter.php(368): CodeIgniter\CodeIgniter->handleRequest()
13 FCPATH/index.php(67): CodeIgniter\CodeIgniter->run()
ERROR - 2025-09-28 16:36:41 --> mysqli_sql_exception: Unknown column 'tbl_grupos.grp_id' in 'WHERE' in /home/u482227589/domains/dancacarajas.com.br/public_html/bxteste/system/Database/MySQLi/Connection.php:295
Stack trace:
#0 /home/u482227589/domains/dancacarajas.com.br/public_html/bxteste/system/Database/MySQLi/Connection.php(295): mysqli->query()
#1 /home/u482227589/domains/dancacarajas.com.br/public_html/bxteste/system/Database/BaseConnection.php(692): CodeIgniter\Database\MySQLi\Connection->execute()
#2 /home/u482227589/domains/dancacarajas.com.br/public_html/bxteste/system/Database/BaseConnection.php(606): CodeIgniter\Database\BaseConnection->simpleQuery()
#3 /home/u482227589/domains/dancacarajas.com.br/public_html/bxteste/system/Database/BaseBuilder.php(2476): CodeIgniter\Database\BaseConnection->query()
#4 /home/u482227589/domains/dancacarajas.com.br/public_html/bxteste/system/Model.php(396): CodeIgniter\Database\BaseBuilder->update()
#5 /home/u482227589/domains/dancacarajas.com.br/public_html/bxteste/system/BaseModel.php(943): CodeIgniter\Model->doUpdate()
#6 /home/u482227589/domains/dancacarajas.com.br/public_html/bxteste/system/Model.php(756): CodeIgniter\BaseModel->update()
#7 /home/u482227589/domains/dancacarajas.com.br/public_html/bxteste/app/Controllers/Inscricoes.php(7424): CodeIgniter\Model->update()
#8 /home/u482227589/domains/dancacarajas.com.br/public_html/bxteste/app/Controllers/Inscricoes.php(2182): App\Controllers\Inscricoes->atualizarStatusInscricao()
#9 /home/u482227589/domains/dancacarajas.com.br/public_html/bxteste/system/CodeIgniter.php(934): App\Controllers\Inscricoes->doacoes()
#10 /home/u482227589/domains/dancacarajas.com.br/public_html/bxteste/system/CodeIgniter.php(499): CodeIgniter\CodeIgniter->runController()
#11 /home/u482227589/domains/dancacarajas.com.br/public_html/bxteste/system/CodeIgniter.php(368): CodeIgniter\CodeIgniter->handleRequest()
#12 /home/u482227589/domains/dancacarajas.com.br/public_html/bxteste/public/index.php(67): CodeIgniter\CodeIgniter->run()
#13 {main}
CRITICAL - 2025-09-28 16:36:41 --> Unknown column 'tbl_grupos.grp_id' in 'WHERE'
in SYSTEMPATH/Database/MySQLi/Connection.php on line 295.
 1 SYSTEMPATH/Database/MySQLi/Connection.php(295): mysqli->query()
 2 SYSTEMPATH/Database/BaseConnection.php(692): CodeIgniter\Database\MySQLi\Connection->execute()
 3 SYSTEMPATH/Database/BaseConnection.php(606): CodeIgniter\Database\BaseConnection->simpleQuery()
 4 SYSTEMPATH/Database/BaseBuilder.php(2476): CodeIgniter\Database\BaseConnection->query()
 5 SYSTEMPATH/Model.php(396): CodeIgniter\Database\BaseBuilder->update()
 6 SYSTEMPATH/BaseModel.php(943): CodeIgniter\Model->doUpdate()
 7 SYSTEMPATH/Model.php(756): CodeIgniter\BaseModel->update()
 8 APPPATH/Controllers/Inscricoes.php(7424): CodeIgniter\Model->update()
 9 APPPATH/Controllers/Inscricoes.php(2182): App\Controllers\Inscricoes->atualizarStatusInscricao()
10 SYSTEMPATH/CodeIgniter.php(934): App\Controllers\Inscricoes->doacoes()
11 SYSTEMPATH/CodeIgniter.php(499): CodeIgniter\CodeIgniter->runController()
12 SYSTEMPATH/CodeIgniter.php(368): CodeIgniter\CodeIgniter->handleRequest()
13 FCPATH/index.php(67): CodeIgniter\CodeIgniter->run()
ERROR - 2025-09-28 16:45:35 --> mysqli_sql_exception: Unknown column 'tbl_grupos.grp_id' in 'WHERE' in /home/u482227589/domains/dancacarajas.com.br/public_html/bxteste/system/Database/MySQLi/Connection.php:295
Stack trace:
#0 /home/u482227589/domains/dancacarajas.com.br/public_html/bxteste/system/Database/MySQLi/Connection.php(295): mysqli->query()
#1 /home/u482227589/domains/dancacarajas.com.br/public_html/bxteste/system/Database/BaseConnection.php(692): CodeIgniter\Database\MySQLi\Connection->execute()
#2 /home/u482227589/domains/dancacarajas.com.br/public_html/bxteste/system/Database/BaseConnection.php(606): CodeIgniter\Database\BaseConnection->simpleQuery()
#3 /home/u482227589/domains/dancacarajas.com.br/public_html/bxteste/system/Database/BaseBuilder.php(2476): CodeIgniter\Database\BaseConnection->query()
#4 /home/u482227589/domains/dancacarajas.com.br/public_html/bxteste/system/Model.php(396): CodeIgniter\Database\BaseBuilder->update()
#5 /home/u482227589/domains/dancacarajas.com.br/public_html/bxteste/system/BaseModel.php(943): CodeIgniter\Model->doUpdate()
#6 /home/u482227589/domains/dancacarajas.com.br/public_html/bxteste/system/Model.php(756): CodeIgniter\BaseModel->update()
#7 /home/u482227589/domains/dancacarajas.com.br/public_html/bxteste/app/Controllers/Inscricoes.php(7432): CodeIgniter\Model->update()
#8 /home/u482227589/domains/dancacarajas.com.br/public_html/bxteste/app/Controllers/Inscricoes.php(2182): App\Controllers\Inscricoes->atualizarStatusInscricao()
#9 /home/u482227589/domains/dancacarajas.com.br/public_html/bxteste/system/CodeIgniter.php(934): App\Controllers\Inscricoes->doacoes()
#10 /home/u482227589/domains/dancacarajas.com.br/public_html/bxteste/system/CodeIgniter.php(499): CodeIgniter\CodeIgniter->runController()
#11 /home/u482227589/domains/dancacarajas.com.br/public_html/bxteste/system/CodeIgniter.php(368): CodeIgniter\CodeIgniter->handleRequest()
#12 /home/u482227589/domains/dancacarajas.com.br/public_html/bxteste/public/index.php(67): CodeIgniter\CodeIgniter->run()
#13 {main}
CRITICAL - 2025-09-28 16:45:35 --> Unknown column 'tbl_grupos.grp_id' in 'WHERE'
in SYSTEMPATH/Database/MySQLi/Connection.php on line 295.
 1 SYSTEMPATH/Database/MySQLi/Connection.php(295): mysqli->query()
 2 SYSTEMPATH/Database/BaseConnection.php(692): CodeIgniter\Database\MySQLi\Connection->execute()
 3 SYSTEMPATH/Database/BaseConnection.php(606): CodeIgniter\Database\BaseConnection->simpleQuery()
 4 SYSTEMPATH/Database/BaseBuilder.php(2476): CodeIgniter\Database\BaseConnection->query()
 5 SYSTEMPATH/Model.php(396): CodeIgniter\Database\BaseBuilder->update()
 6 SYSTEMPATH/BaseModel.php(943): CodeIgniter\Model->doUpdate()
 7 SYSTEMPATH/Model.php(756): CodeIgniter\BaseModel->update()
 8 APPPATH/Controllers/Inscricoes.php(7432): CodeIgniter\Model->update()
 9 APPPATH/Controllers/Inscricoes.php(2182): App\Controllers\Inscricoes->atualizarStatusInscricao()
10 SYSTEMPATH/CodeIgniter.php(934): App\Controllers\Inscricoes->doacoes()
11 SYSTEMPATH/CodeIgniter.php(499): CodeIgniter\CodeIgniter->runController()
12 SYSTEMPATH/CodeIgniter.php(368): CodeIgniter\CodeIgniter->handleRequest()
13 FCPATH/index.php(67): CodeIgniter\CodeIgniter->run()
ERROR - 2025-09-28 16:48:46 --> mysqli_sql_exception: Unknown column 'tbl_grupos.grp_id' in 'WHERE' in /home/u482227589/domains/dancacarajas.com.br/public_html/bxteste/system/Database/MySQLi/Connection.php:295
Stack trace:
#0 /home/u482227589/domains/dancacarajas.com.br/public_html/bxteste/system/Database/MySQLi/Connection.php(295): mysqli->query()
#1 /home/u482227589/domains/dancacarajas.com.br/public_html/bxteste/system/Database/BaseConnection.php(692): CodeIgniter\Database\MySQLi\Connection->execute()
#2 /home/u482227589/domains/dancacarajas.com.br/public_html/bxteste/system/Database/BaseConnection.php(606): CodeIgniter\Database\BaseConnection->simpleQuery()
#3 /home/u482227589/domains/dancacarajas.com.br/public_html/bxteste/system/Database/BaseBuilder.php(2476): CodeIgniter\Database\BaseConnection->query()
#4 /home/u482227589/domains/dancacarajas.com.br/public_html/bxteste/system/Model.php(396): CodeIgniter\Database\BaseBuilder->update()
#5 /home/u482227589/domains/dancacarajas.com.br/public_html/bxteste/system/BaseModel.php(943): CodeIgniter\Model->doUpdate()
#6 /home/u482227589/domains/dancacarajas.com.br/public_html/bxteste/system/Model.php(756): CodeIgniter\BaseModel->update()
#7 /home/u482227589/domains/dancacarajas.com.br/public_html/bxteste/app/Controllers/Inscricoes.php(7432): CodeIgniter\Model->update()
#8 /home/u482227589/domains/dancacarajas.com.br/public_html/bxteste/app/Controllers/Inscricoes.php(2182): App\Controllers\Inscricoes->atualizarStatusInscricao()
#9 /home/u482227589/domains/dancacarajas.com.br/public_html/bxteste/system/CodeIgniter.php(934): App\Controllers\Inscricoes->doacoes()
#10 /home/u482227589/domains/dancacarajas.com.br/public_html/bxteste/system/CodeIgniter.php(499): CodeIgniter\CodeIgniter->runController()
#11 /home/u482227589/domains/dancacarajas.com.br/public_html/bxteste/system/CodeIgniter.php(368): CodeIgniter\CodeIgniter->handleRequest()
#12 /home/u482227589/domains/dancacarajas.com.br/public_html/bxteste/public/index.php(67): CodeIgniter\CodeIgniter->run()
#13 {main}
CRITICAL - 2025-09-28 16:48:46 --> Unknown column 'tbl_grupos.grp_id' in 'WHERE'
in SYSTEMPATH/Database/MySQLi/Connection.php on line 295.
 1 SYSTEMPATH/Database/MySQLi/Connection.php(295): mysqli->query()
 2 SYSTEMPATH/Database/BaseConnection.php(692): CodeIgniter\Database\MySQLi\Connection->execute()
 3 SYSTEMPATH/Database/BaseConnection.php(606): CodeIgniter\Database\BaseConnection->simpleQuery()
 4 SYSTEMPATH/Database/BaseBuilder.php(2476): CodeIgniter\Database\BaseConnection->query()
 5 SYSTEMPATH/Model.php(396): CodeIgniter\Database\BaseBuilder->update()
 6 SYSTEMPATH/BaseModel.php(943): CodeIgniter\Model->doUpdate()
 7 SYSTEMPATH/Model.php(756): CodeIgniter\BaseModel->update()
 8 APPPATH/Controllers/Inscricoes.php(7432): CodeIgniter\Model->update()
 9 APPPATH/Controllers/Inscricoes.php(2182): App\Controllers\Inscricoes->atualizarStatusInscricao()
10 SYSTEMPATH/CodeIgniter.php(934): App\Controllers\Inscricoes->doacoes()
11 SYSTEMPATH/CodeIgniter.php(499): CodeIgniter\CodeIgniter->runController()
12 SYSTEMPATH/CodeIgniter.php(368): CodeIgniter\CodeIgniter->handleRequest()
13 FCPATH/index.php(67): CodeIgniter\CodeIgniter->run()
CRITICAL - 2025-09-28 16:57:55 --> Undefined property: App\Controllers\Inscricoes::$db
in APPPATH/Controllers/Inscricoes.php on line 7411.
 1 APPPATH/Controllers/Inscricoes.php(7411): CodeIgniter\Debug\Exceptions->errorHandler()
 2 APPPATH/Controllers/Inscricoes.php(2182): App\Controllers\Inscricoes->atualizarStatusInscricao()
 3 SYSTEMPATH/CodeIgniter.php(934): App\Controllers\Inscricoes->doacoes()
 4 SYSTEMPATH/CodeIgniter.php(499): CodeIgniter\CodeIgniter->runController()
 5 SYSTEMPATH/CodeIgniter.php(368): CodeIgniter\CodeIgniter->handleRequest()
 6 FCPATH/index.php(67): CodeIgniter\CodeIgniter->run()
CRITICAL - 2025-09-28 16:59:17 --> Undefined property: App\Controllers\Inscricoes::$db
in APPPATH/Controllers/Inscricoes.php on line 7411.
 1 APPPATH/Controllers/Inscricoes.php(7411): CodeIgniter\Debug\Exceptions->errorHandler()
 2 APPPATH/Controllers/Inscricoes.php(2182): App\Controllers\Inscricoes->atualizarStatusInscricao()
 3 SYSTEMPATH/CodeIgniter.php(934): App\Controllers\Inscricoes->doacoes()
 4 SYSTEMPATH/CodeIgniter.php(499): CodeIgniter\CodeIgniter->runController()
 5 SYSTEMPATH/CodeIgniter.php(368): CodeIgniter\CodeIgniter->handleRequest()
 6 FCPATH/index.php(67): CodeIgniter\CodeIgniter->run()
CRITICAL - 2025-09-28 16:59:36 --> Undefined property: App\Controllers\Inscricoes::$db
in APPPATH/Controllers/Inscricoes.php on line 7411.
 1 APPPATH/Controllers/Inscricoes.php(7411): CodeIgniter\Debug\Exceptions->errorHandler()
 2 APPPATH/Controllers/Inscricoes.php(2182): App\Controllers\Inscricoes->atualizarStatusInscricao()
 3 SYSTEMPATH/CodeIgniter.php(934): App\Controllers\Inscricoes->doacoes()
 4 SYSTEMPATH/CodeIgniter.php(499): CodeIgniter\CodeIgniter->runController()
 5 SYSTEMPATH/CodeIgniter.php(368): CodeIgniter\CodeIgniter->handleRequest()
 6 FCPATH/index.php(67): CodeIgniter\CodeIgniter->run()
CRITICAL - 2025-09-28 17:03:16 --> Undefined property: App\Controllers\Inscricoes::$db
in APPPATH/Controllers/Inscricoes.php on line 7411.
 1 APPPATH/Controllers/Inscricoes.php(7411): CodeIgniter\Debug\Exceptions->errorHandler()
 2 APPPATH/Controllers/Inscricoes.php(2182): App\Controllers\Inscricoes->atualizarStatusInscricao()
 3 SYSTEMPATH/CodeIgniter.php(934): App\Controllers\Inscricoes->doacoes()
 4 SYSTEMPATH/CodeIgniter.php(499): CodeIgniter\CodeIgniter->runController()
 5 SYSTEMPATH/CodeIgniter.php(368): CodeIgniter\CodeIgniter->handleRequest()
 6 FCPATH/index.php(67): CodeIgniter\CodeIgniter->run()
CRITICAL - 2025-09-28 17:12:59 --> Undefined variable $PATH_FOLDER_GRUPO
in APPPATH/Views/inscricoes/coreografias.php on line 1224.
 1 APPPATH/Views/inscricoes/coreografias.php(1224): CodeIgniter\Debug\Exceptions->errorHandler()
 2 SYSTEMPATH/View/View.php(213): include('/home/u482227589/domains/dancacarajas.com.br/public_html/bxteste/app/Views/inscricoes/coreografias.php')
 3 SYSTEMPATH/View/View.php(216): CodeIgniter\View\View->CodeIgniter\View\{closure}()
 4 SYSTEMPATH/Common.php(1184): CodeIgniter\View\View->render()
 5 APPPATH/Controllers/Inscricoes.php(1345): view()
 6 SYSTEMPATH/CodeIgniter.php(934): App\Controllers\Inscricoes->coreografias()
 7 SYSTEMPATH/CodeIgniter.php(499): CodeIgniter\CodeIgniter->runController()
 8 SYSTEMPATH/CodeIgniter.php(368): CodeIgniter\CodeIgniter->handleRequest()
 9 FCPATH/index.php(67): CodeIgniter\CodeIgniter->run()
CRITICAL - 2025-09-28 18:17:13 --> file_get_contents(/home/u482227589/domains/dancacarajas.com.br/public_html/bxteste/writable/uploads/instituicoes/nome-da-instituicao/eventos/danca-carajas-festival/grupos/teste-geral-2-youtube/logomarca_1759091670_95af207394ce86fcf608.png): Failed to open stream: No such file or directory
in APPPATH/Controllers/Renderimage.php on line 144.
 1 [internal function]: CodeIgniter\Debug\Exceptions->errorHandler()
 2 APPPATH/Controllers/Renderimage.php(144): file_get_contents()
 3 SYSTEMPATH/CodeIgniter.php(934): App\Controllers\Renderimage->view_grupos()
 4 SYSTEMPATH/CodeIgniter.php(499): CodeIgniter\CodeIgniter->runController()
 5 SYSTEMPATH/CodeIgniter.php(368): CodeIgniter\CodeIgniter->handleRequest()
 6 FCPATH/index.php(67): CodeIgniter\CodeIgniter->run()
CRITICAL - 2025-09-28 18:17:44 --> file_get_contents(/home/u482227589/domains/dancacarajas.com.br/public_html/bxteste/writable/uploads/instituicoes/nome-da-instituicao/eventos/danca-carajas-festival/grupos/teste-geral-2-youtube/logomarca_1759091670_95af207394ce86fcf608.png): Failed to open stream: No such file or directory
in APPPATH/Controllers/Renderimage.php on line 144.
 1 [internal function]: CodeIgniter\Debug\Exceptions->errorHandler()
 2 APPPATH/Controllers/Renderimage.php(144): file_get_contents()
 3 SYSTEMPATH/CodeIgniter.php(934): App\Controllers\Renderimage->view_grupos()
 4 SYSTEMPATH/CodeIgniter.php(499): CodeIgniter\CodeIgniter->runController()
 5 SYSTEMPATH/CodeIgniter.php(368): CodeIgniter\CodeIgniter->handleRequest()
 6 FCPATH/index.php(67): CodeIgniter\CodeIgniter->run()
CRITICAL - 2025-09-28 18:20:32 --> file_get_contents(/home/u482227589/domains/dancacarajas.com.br/public_html/bxteste/writable/uploads/instituicoes/nome-da-instituicao/eventos/danca-carajas-festival/grupos/teste-geral-2-youtube/logomarca_1759091670_95af207394ce86fcf608.png): Failed to open stream: No such file or directory
in APPPATH/Controllers/Renderimage.php on line 144.
 1 [internal function]: CodeIgniter\Debug\Exceptions->errorHandler()
 2 APPPATH/Controllers/Renderimage.php(144): file_get_contents()
 3 SYSTEMPATH/CodeIgniter.php(934): App\Controllers\Renderimage->view_grupos()
 4 SYSTEMPATH/CodeIgniter.php(499): CodeIgniter\CodeIgniter->runController()
 5 SYSTEMPATH/CodeIgniter.php(368): CodeIgniter\CodeIgniter->handleRequest()
 6 FCPATH/index.php(67): CodeIgniter\CodeIgniter->run()
CRITICAL - 2025-09-28 18:21:31 --> file_get_contents(/home/u482227589/domains/dancacarajas.com.br/public_html/bxteste/writable/uploads/instituicoes/nome-da-instituicao/eventos/danca-carajas-festival/grupos/teste-geral-2-youtube/logomarca_1759091670_95af207394ce86fcf608.png): Failed to open stream: No such file or directory
in APPPATH/Controllers/Renderimage.php on line 144.
 1 [internal function]: CodeIgniter\Debug\Exceptions->errorHandler()
 2 APPPATH/Controllers/Renderimage.php(144): file_get_contents()
 3 SYSTEMPATH/CodeIgniter.php(934): App\Controllers\Renderimage->view_grupos()
 4 SYSTEMPATH/CodeIgniter.php(499): CodeIgniter\CodeIgniter->runController()
 5 SYSTEMPATH/CodeIgniter.php(368): CodeIgniter\CodeIgniter->handleRequest()
 6 FCPATH/index.php(67): CodeIgniter\CodeIgniter->run()
CRITICAL - 2025-09-28 18:23:24 --> file_get_contents(/home/u482227589/domains/dancacarajas.com.br/public_html/bxteste/writable/uploads/instituicoes/nome-da-instituicao/eventos/danca-carajas-festival/grupos/teste-final-valanedo/logomarca_1759090794_a6aed01c8b62fc4838c8.png): Failed to open stream: No such file or directory
in APPPATH/Controllers/Renderimage.php on line 144.
 1 [internal function]: CodeIgniter\Debug\Exceptions->errorHandler()
 2 APPPATH/Controllers/Renderimage.php(144): file_get_contents()
 3 SYSTEMPATH/CodeIgniter.php(934): App\Controllers\Renderimage->view_grupos()
 4 SYSTEMPATH/CodeIgniter.php(499): CodeIgniter\CodeIgniter->runController()
 5 SYSTEMPATH/CodeIgniter.php(368): CodeIgniter\CodeIgniter->handleRequest()
 6 FCPATH/index.php(67): CodeIgniter\CodeIgniter->run()
CRITICAL - 2025-09-28 18:23:29 --> file_get_contents(/home/u482227589/domains/dancacarajas.com.br/public_html/bxteste/writable/uploads/instituicoes/nome-da-instituicao/eventos/danca-carajas-festival/grupos/teste-final-valanedo/logomarca_1759090794_a6aed01c8b62fc4838c8.png): Failed to open stream: No such file or directory
in APPPATH/Controllers/Renderimage.php on line 144.
 1 [internal function]: CodeIgniter\Debug\Exceptions->errorHandler()
 2 APPPATH/Controllers/Renderimage.php(144): file_get_contents()
 3 SYSTEMPATH/CodeIgniter.php(934): App\Controllers\Renderimage->view_grupos()
 4 SYSTEMPATH/CodeIgniter.php(499): CodeIgniter\CodeIgniter->runController()
 5 SYSTEMPATH/CodeIgniter.php(368): CodeIgniter\CodeIgniter->handleRequest()
 6 FCPATH/index.php(67): CodeIgniter\CodeIgniter->run()
CRITICAL - 2025-09-28 18:23:33 --> file_get_contents(/home/u482227589/domains/dancacarajas.com.br/public_html/bxteste/writable/uploads/instituicoes/nome-da-instituicao/eventos/danca-carajas-festival/grupos/teste-final-valanedo/logomarca_1759090794_a6aed01c8b62fc4838c8.png): Failed to open stream: No such file or directory
in APPPATH/Controllers/Renderimage.php on line 144.
 1 [internal function]: CodeIgniter\Debug\Exceptions->errorHandler()
 2 APPPATH/Controllers/Renderimage.php(144): file_get_contents()
 3 SYSTEMPATH/CodeIgniter.php(934): App\Controllers\Renderimage->view_grupos()
 4 SYSTEMPATH/CodeIgniter.php(499): CodeIgniter\CodeIgniter->runController()
 5 SYSTEMPATH/CodeIgniter.php(368): CodeIgniter\CodeIgniter->handleRequest()
 6 FCPATH/index.php(67): CodeIgniter\CodeIgniter->run()
CRITICAL - 2025-09-28 18:46:37 --> file_get_contents(/home/u482227589/domains/dancacarajas.com.br/public_html/bxteste/writable/uploads/instituicoes/nome-da-instituicao/eventos/danca-carajas-festival/grupos/teste-final-valanedo/logomarca_1759090794_a6aed01c8b62fc4838c8.png): Failed to open stream: No such file or directory
in APPPATH/Controllers/Renderimage.php on line 144.
 1 [internal function]: CodeIgniter\Debug\Exceptions->errorHandler()
 2 APPPATH/Controllers/Renderimage.php(144): file_get_contents()
 3 SYSTEMPATH/CodeIgniter.php(934): App\Controllers\Renderimage->view_grupos()
 4 SYSTEMPATH/CodeIgniter.php(499): CodeIgniter\CodeIgniter->runController()
 5 SYSTEMPATH/CodeIgniter.php(368): CodeIgniter\CodeIgniter->handleRequest()
 6 FCPATH/index.php(67): CodeIgniter\CodeIgniter->run()
CRITICAL - 2025-09-28 18:53:39 --> file_get_contents(/home/u482227589/domains/dancacarajas.com.br/public_html/bxteste/writable/uploads/instituicoes/nome-da-instituicao/eventos/danca-carajas-festival/grupos/teste-final-valanedo/logomarca_1759090794_a6aed01c8b62fc4838c8.png): Failed to open stream: No such file or directory
in APPPATH/Controllers/Renderimage.php on line 144.
 1 [internal function]: CodeIgniter\Debug\Exceptions->errorHandler()
 2 APPPATH/Controllers/Renderimage.php(144): file_get_contents()
 3 SYSTEMPATH/CodeIgniter.php(934): App\Controllers\Renderimage->view_grupos()
 4 SYSTEMPATH/CodeIgniter.php(499): CodeIgniter\CodeIgniter->runController()
 5 SYSTEMPATH/CodeIgniter.php(368): CodeIgniter\CodeIgniter->handleRequest()
 6 FCPATH/index.php(67): CodeIgniter\CodeIgniter->run()
CRITICAL - 2025-09-28 19:14:12 --> file_get_contents(/home/u482227589/domains/dancacarajas.com.br/public_html/bxteste/writable/uploads/instituicoes/nome-da-instituicao/eventos/danca-carajas-festival/grupos/teste-geral-2-youtube/logomarca_1759091670_95af207394ce86fcf608.png): Failed to open stream: No such file or directory
in APPPATH/Controllers/Renderimage.php on line 144.
 1 [internal function]: CodeIgniter\Debug\Exceptions->errorHandler()
 2 APPPATH/Controllers/Renderimage.php(144): file_get_contents()
 3 SYSTEMPATH/CodeIgniter.php(934): App\Controllers\Renderimage->view_grupos()
 4 SYSTEMPATH/CodeIgniter.php(499): CodeIgniter\CodeIgniter->runController()
 5 SYSTEMPATH/CodeIgniter.php(368): CodeIgniter\CodeIgniter->handleRequest()
 6 FCPATH/index.php(67): CodeIgniter\CodeIgniter->run()
CRITICAL - 2025-09-28 19:15:32 --> file_get_contents(/home/u482227589/domains/dancacarajas.com.br/public_html/bxteste/writable/uploads/instituicoes/nome-da-instituicao/eventos/danca-carajas-festival/grupos/teste-geral-2-youtube/logomarca_1759091670_95af207394ce86fcf608.png): Failed to open stream: No such file or directory
in APPPATH/Controllers/Renderimage.php on line 144.
 1 [internal function]: CodeIgniter\Debug\Exceptions->errorHandler()
 2 APPPATH/Controllers/Renderimage.php(144): file_get_contents()
 3 SYSTEMPATH/CodeIgniter.php(934): App\Controllers\Renderimage->view_grupos()
 4 SYSTEMPATH/CodeIgniter.php(499): CodeIgniter\CodeIgniter->runController()
 5 SYSTEMPATH/CodeIgniter.php(368): CodeIgniter\CodeIgniter->handleRequest()
 6 FCPATH/index.php(67): CodeIgniter\CodeIgniter->run()
CRITICAL - 2025-09-28 19:21:45 --> file_get_contents(/home/u482227589/domains/dancacarajas.com.br/public_html/bxteste/writable/uploads/instituicoes/nome-da-instituicao/eventos/danca-carajas-festival/grupos/teste-geral-2-youtube/logomarca_1759091670_95af207394ce86fcf608.png): Failed to open stream: No such file or directory
in APPPATH/Controllers/Renderimage.php on line 144.
 1 [internal function]: CodeIgniter\Debug\Exceptions->errorHandler()
 2 APPPATH/Controllers/Renderimage.php(144): file_get_contents()
 3 SYSTEMPATH/CodeIgniter.php(934): App\Controllers\Renderimage->view_grupos()
 4 SYSTEMPATH/CodeIgniter.php(499): CodeIgniter\CodeIgniter->runController()
 5 SYSTEMPATH/CodeIgniter.php(368): CodeIgniter\CodeIgniter->handleRequest()
 6 FCPATH/index.php(67): CodeIgniter\CodeIgniter->run()
CRITICAL - 2025-09-28 19:25:38 --> file_get_contents(/home/u482227589/domains/dancacarajas.com.br/public_html/bxteste/writable/uploads/instituicoes/nome-da-instituicao/eventos/danca-carajas-festival/grupos/teste-geral-2-youtube/logomarca_1759091670_95af207394ce86fcf608.png): Failed to open stream: No such file or directory
in APPPATH/Controllers/Renderimage.php on line 144.
 1 [internal function]: CodeIgniter\Debug\Exceptions->errorHandler()
 2 APPPATH/Controllers/Renderimage.php(144): file_get_contents()
 3 SYSTEMPATH/CodeIgniter.php(934): App\Controllers\Renderimage->view_grupos()
 4 SYSTEMPATH/CodeIgniter.php(499): CodeIgniter\CodeIgniter->runController()
 5 SYSTEMPATH/CodeIgniter.php(368): CodeIgniter\CodeIgniter->handleRequest()
 6 FCPATH/index.php(67): CodeIgniter\CodeIgniter->run()
CRITICAL - 2025-09-28 19:25:38 --> file_get_contents(/home/u482227589/domains/dancacarajas.com.br/public_html/bxteste/writable/uploads/instituicoes/nome-da-instituicao/eventos/danca-carajas-festival/grupos/teste-geral-2-youtube/logomarca_1759091670_95af207394ce86fcf608.png): Failed to open stream: No such file or directory
in APPPATH/Controllers/Renderimage.php on line 144.
 1 [internal function]: CodeIgniter\Debug\Exceptions->errorHandler()
 2 APPPATH/Controllers/Renderimage.php(144): file_get_contents()
 3 SYSTEMPATH/CodeIgniter.php(934): App\Controllers\Renderimage->view_grupos()
 4 SYSTEMPATH/CodeIgniter.php(499): CodeIgniter\CodeIgniter->runController()
 5 SYSTEMPATH/CodeIgniter.php(368): CodeIgniter\CodeIgniter->handleRequest()
 6 FCPATH/index.php(67): CodeIgniter\CodeIgniter->run()
CRITICAL - 2025-09-28 19:26:59 --> Undefined variable $participantes_all
in APPPATH/Controllers/Inscricoes.php on line 5964.
 1 APPPATH/Controllers/Inscricoes.php(5964): CodeIgniter\Debug\Exceptions->errorHandler()
 2 SYSTEMPATH/CodeIgniter.php(934): App\Controllers\Inscricoes->ajaxform()
 3 SYSTEMPATH/CodeIgniter.php(499): CodeIgniter\CodeIgniter->runController()
 4 SYSTEMPATH/CodeIgniter.php(368): CodeIgniter\CodeIgniter->handleRequest()
 5 FCPATH/index.php(67): CodeIgniter\CodeIgniter->run()
CRITICAL - 2025-09-28 19:27:05 --> Undefined variable $participantes_all
in APPPATH/Controllers/Inscricoes.php on line 5964.
 1 APPPATH/Controllers/Inscricoes.php(5964): CodeIgniter\Debug\Exceptions->errorHandler()
 2 SYSTEMPATH/CodeIgniter.php(934): App\Controllers\Inscricoes->ajaxform()
 3 SYSTEMPATH/CodeIgniter.php(499): CodeIgniter\CodeIgniter->runController()
 4 SYSTEMPATH/CodeIgniter.php(368): CodeIgniter\CodeIgniter->handleRequest()
 5 FCPATH/index.php(67): CodeIgniter\CodeIgniter->run()
CRITICAL - 2025-09-28 19:55:30 --> file_get_contents(/home/u482227589/domains/dancacarajas.com.br/public_html/bxteste/writable/uploads/instituicoes/nome-da-instituicao/eventos/danca-carajas-festival/grupos/teste-geral-2-youtube/logomarca_1759091670_95af207394ce86fcf608.png): Failed to open stream: No such file or directory
in APPPATH/Controllers/Renderimage.php on line 144.
 1 [internal function]: CodeIgniter\Debug\Exceptions->errorHandler()
 2 APPPATH/Controllers/Renderimage.php(144): file_get_contents()
 3 SYSTEMPATH/CodeIgniter.php(934): App\Controllers\Renderimage->view_grupos()
 4 SYSTEMPATH/CodeIgniter.php(499): CodeIgniter\CodeIgniter->runController()
 5 SYSTEMPATH/CodeIgniter.php(368): CodeIgniter\CodeIgniter->handleRequest()
 6 FCPATH/index.php(67): CodeIgniter\CodeIgniter->run()
CRITICAL - 2025-09-28 20:00:05 --> Undefined variable $participantes_all
in APPPATH/Controllers/Inscricoes.php on line 5964.
 1 APPPATH/Controllers/Inscricoes.php(5964): CodeIgniter\Debug\Exceptions->errorHandler()
 2 SYSTEMPATH/CodeIgniter.php(934): App\Controllers\Inscricoes->ajaxform()
 3 SYSTEMPATH/CodeIgniter.php(499): CodeIgniter\CodeIgniter->runController()
 4 SYSTEMPATH/CodeIgniter.php(368): CodeIgniter\CodeIgniter->handleRequest()
 5 FCPATH/index.php(67): CodeIgniter\CodeIgniter->run()
CRITICAL - 2025-09-28 20:00:48 --> Undefined variable $participantes_all
in APPPATH/Controllers/Inscricoes.php on line 5964.
 1 APPPATH/Controllers/Inscricoes.php(5964): CodeIgniter\Debug\Exceptions->errorHandler()
 2 SYSTEMPATH/CodeIgniter.php(934): App\Controllers\Inscricoes->ajaxform()
 3 SYSTEMPATH/CodeIgniter.php(499): CodeIgniter\CodeIgniter->runController()
 4 SYSTEMPATH/CodeIgniter.php(368): CodeIgniter\CodeIgniter->handleRequest()
 5 FCPATH/index.php(67): CodeIgniter\CodeIgniter->run()
CRITICAL - 2025-09-28 20:01:02 --> Undefined variable $participantes_all
in APPPATH/Controllers/Inscricoes.php on line 5964.
 1 APPPATH/Controllers/Inscricoes.php(5964): CodeIgniter\Debug\Exceptions->errorHandler()
 2 SYSTEMPATH/CodeIgniter.php(934): App\Controllers\Inscricoes->ajaxform()
 3 SYSTEMPATH/CodeIgniter.php(499): CodeIgniter\CodeIgniter->runController()
 4 SYSTEMPATH/CodeIgniter.php(368): CodeIgniter\CodeIgniter->handleRequest()
 5 FCPATH/index.php(67): CodeIgniter\CodeIgniter->run()
CRITICAL - 2025-09-28 20:01:12 --> Undefined variable $participantes_all
in APPPATH/Controllers/Inscricoes.php on line 5964.
 1 APPPATH/Controllers/Inscricoes.php(5964): CodeIgniter\Debug\Exceptions->errorHandler()
 2 SYSTEMPATH/CodeIgniter.php(934): App\Controllers\Inscricoes->ajaxform()
 3 SYSTEMPATH/CodeIgniter.php(499): CodeIgniter\CodeIgniter->runController()
 4 SYSTEMPATH/CodeIgniter.php(368): CodeIgniter\CodeIgniter->handleRequest()
 5 FCPATH/index.php(67): CodeIgniter\CodeIgniter->run()
CRITICAL - 2025-09-28 20:12:58 --> Undefined variable $participantes_all
in APPPATH/Controllers/Inscricoes.php on line 5964.
 1 APPPATH/Controllers/Inscricoes.php(5964): CodeIgniter\Debug\Exceptions->errorHandler()
 2 SYSTEMPATH/CodeIgniter.php(934): App\Controllers\Inscricoes->ajaxform()
 3 SYSTEMPATH/CodeIgniter.php(499): CodeIgniter\CodeIgniter->runController()
 4 SYSTEMPATH/CodeIgniter.php(368): CodeIgniter\CodeIgniter->handleRequest()
 5 FCPATH/index.php(67): CodeIgniter\CodeIgniter->run()
CRITICAL - 2025-09-28 20:13:16 --> Undefined variable $participantes_all
in APPPATH/Controllers/Inscricoes.php on line 5964.
 1 APPPATH/Controllers/Inscricoes.php(5964): CodeIgniter\Debug\Exceptions->errorHandler()
 2 SYSTEMPATH/CodeIgniter.php(934): App\Controllers\Inscricoes->ajaxform()
 3 SYSTEMPATH/CodeIgniter.php(499): CodeIgniter\CodeIgniter->runController()
 4 SYSTEMPATH/CodeIgniter.php(368): CodeIgniter\CodeIgniter->handleRequest()
 5 FCPATH/index.php(67): CodeIgniter\CodeIgniter->run()
CRITICAL - 2025-09-28 20:16:47 --> Undefined variable $participantes_all
in APPPATH/Controllers/Inscricoes.php on line 5964.
 1 APPPATH/Controllers/Inscricoes.php(5964): CodeIgniter\Debug\Exceptions->errorHandler()
 2 SYSTEMPATH/CodeIgniter.php(934): App\Controllers\Inscricoes->ajaxform()
 3 SYSTEMPATH/CodeIgniter.php(499): CodeIgniter\CodeIgniter->runController()
 4 SYSTEMPATH/CodeIgniter.php(368): CodeIgniter\CodeIgniter->handleRequest()
 5 FCPATH/index.php(67): CodeIgniter\CodeIgniter->run()
CRITICAL - 2025-09-28 20:17:07 --> Undefined variable $participantes_all
in APPPATH/Controllers/Inscricoes.php on line 5964.
 1 APPPATH/Controllers/Inscricoes.php(5964): CodeIgniter\Debug\Exceptions->errorHandler()
 2 SYSTEMPATH/CodeIgniter.php(934): App\Controllers\Inscricoes->ajaxform()
 3 SYSTEMPATH/CodeIgniter.php(499): CodeIgniter\CodeIgniter->runController()
 4 SYSTEMPATH/CodeIgniter.php(368): CodeIgniter\CodeIgniter->handleRequest()
 5 FCPATH/index.php(67): CodeIgniter\CodeIgniter->run()
CRITICAL - 2025-09-28 20:17:20 --> Undefined variable $participantes_all
in APPPATH/Controllers/Inscricoes.php on line 5964.
 1 APPPATH/Controllers/Inscricoes.php(5964): CodeIgniter\Debug\Exceptions->errorHandler()
 2 SYSTEMPATH/CodeIgniter.php(934): App\Controllers\Inscricoes->ajaxform()
 3 SYSTEMPATH/CodeIgniter.php(499): CodeIgniter\CodeIgniter->runController()
 4 SYSTEMPATH/CodeIgniter.php(368): CodeIgniter\CodeIgniter->handleRequest()
 5 FCPATH/index.php(67): CodeIgniter\CodeIgniter->run()
CRITICAL - 2025-09-28 20:17:55 --> Undefined variable $participantes_all
in APPPATH/Controllers/Inscricoes.php on line 5964.
 1 APPPATH/Controllers/Inscricoes.php(5964): CodeIgniter\Debug\Exceptions->errorHandler()
 2 SYSTEMPATH/CodeIgniter.php(934): App\Controllers\Inscricoes->ajaxform()
 3 SYSTEMPATH/CodeIgniter.php(499): CodeIgniter\CodeIgniter->runController()
 4 SYSTEMPATH/CodeIgniter.php(368): CodeIgniter\CodeIgniter->handleRequest()
 5 FCPATH/index.php(67): CodeIgniter\CodeIgniter->run()
CRITICAL - 2025-09-28 20:18:21 --> Undefined variable $participantes_all
in APPPATH/Controllers/Inscricoes.php on line 5964.
 1 APPPATH/Controllers/Inscricoes.php(5964): CodeIgniter\Debug\Exceptions->errorHandler()
 2 SYSTEMPATH/CodeIgniter.php(934): App\Controllers\Inscricoes->ajaxform()
 3 SYSTEMPATH/CodeIgniter.php(499): CodeIgniter\CodeIgniter->runController()
 4 SYSTEMPATH/CodeIgniter.php(368): CodeIgniter\CodeIgniter->handleRequest()
 5 FCPATH/index.php(67): CodeIgniter\CodeIgniter->run()
CRITICAL - 2025-09-28 20:18:32 --> Undefined variable $participantes_all
in APPPATH/Controllers/Inscricoes.php on line 5964.
 1 APPPATH/Controllers/Inscricoes.php(5964): CodeIgniter\Debug\Exceptions->errorHandler()
 2 SYSTEMPATH/CodeIgniter.php(934): App\Controllers\Inscricoes->ajaxform()
 3 SYSTEMPATH/CodeIgniter.php(499): CodeIgniter\CodeIgniter->runController()
 4 SYSTEMPATH/CodeIgniter.php(368): CodeIgniter\CodeIgniter->handleRequest()
 5 FCPATH/index.php(67): CodeIgniter\CodeIgniter->run()
CRITICAL - 2025-09-28 20:18:35 --> Undefined variable $participantes_all
in APPPATH/Controllers/Inscricoes.php on line 5964.
 1 APPPATH/Controllers/Inscricoes.php(5964): CodeIgniter\Debug\Exceptions->errorHandler()
 2 SYSTEMPATH/CodeIgniter.php(934): App\Controllers\Inscricoes->ajaxform()
 3 SYSTEMPATH/CodeIgniter.php(499): CodeIgniter\CodeIgniter->runController()
 4 SYSTEMPATH/CodeIgniter.php(368): CodeIgniter\CodeIgniter->handleRequest()
 5 FCPATH/index.php(67): CodeIgniter\CodeIgniter->run()
CRITICAL - 2025-09-28 20:18:53 --> Undefined variable $participantes_all
in APPPATH/Controllers/Inscricoes.php on line 5964.
 1 APPPATH/Controllers/Inscricoes.php(5964): CodeIgniter\Debug\Exceptions->errorHandler()
 2 SYSTEMPATH/CodeIgniter.php(934): App\Controllers\Inscricoes->ajaxform()
 3 SYSTEMPATH/CodeIgniter.php(499): CodeIgniter\CodeIgniter->runController()
 4 SYSTEMPATH/CodeIgniter.php(368): CodeIgniter\CodeIgniter->handleRequest()
 5 FCPATH/index.php(67): CodeIgniter\CodeIgniter->run()
CRITICAL - 2025-09-28 20:19:37 --> Undefined variable $participantes_all
in APPPATH/Controllers/Inscricoes.php on line 5964.
 1 APPPATH/Controllers/Inscricoes.php(5964): CodeIgniter\Debug\Exceptions->errorHandler()
 2 SYSTEMPATH/CodeIgniter.php(934): App\Controllers\Inscricoes->ajaxform()
 3 SYSTEMPATH/CodeIgniter.php(499): CodeIgniter\CodeIgniter->runController()
 4 SYSTEMPATH/CodeIgniter.php(368): CodeIgniter\CodeIgniter->handleRequest()
 5 FCPATH/index.php(67): CodeIgniter\CodeIgniter->run()
CRITICAL - 2025-09-28 20:19:47 --> Undefined variable $participantes_all
in APPPATH/Controllers/Inscricoes.php on line 5964.
 1 APPPATH/Controllers/Inscricoes.php(5964): CodeIgniter\Debug\Exceptions->errorHandler()
 2 SYSTEMPATH/CodeIgniter.php(934): App\Controllers\Inscricoes->ajaxform()
 3 SYSTEMPATH/CodeIgniter.php(499): CodeIgniter\CodeIgniter->runController()
 4 SYSTEMPATH/CodeIgniter.php(368): CodeIgniter\CodeIgniter->handleRequest()
 5 FCPATH/index.php(67): CodeIgniter\CodeIgniter->run()
CRITICAL - 2025-09-28 20:19:55 --> Undefined variable $participantes_all
in APPPATH/Controllers/Inscricoes.php on line 5964.
 1 APPPATH/Controllers/Inscricoes.php(5964): CodeIgniter\Debug\Exceptions->errorHandler()
 2 SYSTEMPATH/CodeIgniter.php(934): App\Controllers\Inscricoes->ajaxform()
 3 SYSTEMPATH/CodeIgniter.php(499): CodeIgniter\CodeIgniter->runController()
 4 SYSTEMPATH/CodeIgniter.php(368): CodeIgniter\CodeIgniter->handleRequest()
 5 FCPATH/index.php(67): CodeIgniter\CodeIgniter->run()
CRITICAL - 2025-09-28 20:20:41 --> Undefined variable $participantes_all
in APPPATH/Controllers/Inscricoes.php on line 5964.
 1 APPPATH/Controllers/Inscricoes.php(5964): CodeIgniter\Debug\Exceptions->errorHandler()
 2 SYSTEMPATH/CodeIgniter.php(934): App\Controllers\Inscricoes->ajaxform()
 3 SYSTEMPATH/CodeIgniter.php(499): CodeIgniter\CodeIgniter->runController()
 4 SYSTEMPATH/CodeIgniter.php(368): CodeIgniter\CodeIgniter->handleRequest()
 5 FCPATH/index.php(67): CodeIgniter\CodeIgniter->run()
CRITICAL - 2025-09-28 20:21:19 --> file_get_contents(/home/u482227589/domains/dancacarajas.com.br/public_html/bxteste/writable/uploads/instituicoes/nome-da-instituicao/eventos/danca-carajas-festival/grupos/teste-geral-2-youtube/logomarca_1759091670_95af207394ce86fcf608.png): Failed to open stream: No such file or directory
in APPPATH/Controllers/Renderimage.php on line 144.
 1 [internal function]: CodeIgniter\Debug\Exceptions->errorHandler()
 2 APPPATH/Controllers/Renderimage.php(144): file_get_contents()
 3 SYSTEMPATH/CodeIgniter.php(934): App\Controllers\Renderimage->view_grupos()
 4 SYSTEMPATH/CodeIgniter.php(499): CodeIgniter\CodeIgniter->runController()
 5 SYSTEMPATH/CodeIgniter.php(368): CodeIgniter\CodeIgniter->handleRequest()
 6 FCPATH/index.php(67): CodeIgniter\CodeIgniter->run()
CRITICAL - 2025-09-28 20:21:52 --> Undefined variable $participantes_all
in APPPATH/Controllers/Inscricoes.php on line 5964.
 1 APPPATH/Controllers/Inscricoes.php(5964): CodeIgniter\Debug\Exceptions->errorHandler()
 2 SYSTEMPATH/CodeIgniter.php(934): App\Controllers\Inscricoes->ajaxform()
 3 SYSTEMPATH/CodeIgniter.php(499): CodeIgniter\CodeIgniter->runController()
 4 SYSTEMPATH/CodeIgniter.php(368): CodeIgniter\CodeIgniter->handleRequest()
 5 FCPATH/index.php(67): CodeIgniter\CodeIgniter->run()
CRITICAL - 2025-09-28 20:21:55 --> Undefined variable $participantes_all
in APPPATH/Controllers/Inscricoes.php on line 5964.
 1 APPPATH/Controllers/Inscricoes.php(5964): CodeIgniter\Debug\Exceptions->errorHandler()
 2 SYSTEMPATH/CodeIgniter.php(934): App\Controllers\Inscricoes->ajaxform()
 3 SYSTEMPATH/CodeIgniter.php(499): CodeIgniter\CodeIgniter->runController()
 4 SYSTEMPATH/CodeIgniter.php(368): CodeIgniter\CodeIgniter->handleRequest()
 5 FCPATH/index.php(67): CodeIgniter\CodeIgniter->run()
CRITICAL - 2025-09-28 20:23:09 --> Undefined variable $participantes_all
in APPPATH/Controllers/Inscricoes.php on line 5964.
 1 APPPATH/Controllers/Inscricoes.php(5964): CodeIgniter\Debug\Exceptions->errorHandler()
 2 SYSTEMPATH/CodeIgniter.php(934): App\Controllers\Inscricoes->ajaxform()
 3 SYSTEMPATH/CodeIgniter.php(499): CodeIgniter\CodeIgniter->runController()
 4 SYSTEMPATH/CodeIgniter.php(368): CodeIgniter\CodeIgniter->handleRequest()
 5 FCPATH/index.php(67): CodeIgniter\CodeIgniter->run()
CRITICAL - 2025-09-28 20:26:13 --> Undefined variable $participantes_all
in APPPATH/Controllers/Inscricoes.php on line 5964.
 1 APPPATH/Controllers/Inscricoes.php(5964): CodeIgniter\Debug\Exceptions->errorHandler()
 2 SYSTEMPATH/CodeIgniter.php(934): App\Controllers\Inscricoes->ajaxform()
 3 SYSTEMPATH/CodeIgniter.php(499): CodeIgniter\CodeIgniter->runController()
 4 SYSTEMPATH/CodeIgniter.php(368): CodeIgniter\CodeIgniter->handleRequest()
 5 FCPATH/index.php(67): CodeIgniter\CodeIgniter->run()
CRITICAL - 2025-09-28 20:26:16 --> Undefined variable $participantes_all
in APPPATH/Controllers/Inscricoes.php on line 5964.
 1 APPPATH/Controllers/Inscricoes.php(5964): CodeIgniter\Debug\Exceptions->errorHandler()
 2 SYSTEMPATH/CodeIgniter.php(934): App\Controllers\Inscricoes->ajaxform()
 3 SYSTEMPATH/CodeIgniter.php(499): CodeIgniter\CodeIgniter->runController()
 4 SYSTEMPATH/CodeIgniter.php(368): CodeIgniter\CodeIgniter->handleRequest()
 5 FCPATH/index.php(67): CodeIgniter\CodeIgniter->run()
CRITICAL - 2025-09-28 20:29:36 --> Undefined variable $participantes_all
in APPPATH/Controllers/Inscricoes.php on line 5964.
 1 APPPATH/Controllers/Inscricoes.php(5964): CodeIgniter\Debug\Exceptions->errorHandler()
 2 SYSTEMPATH/CodeIgniter.php(934): App\Controllers\Inscricoes->ajaxform()
 3 SYSTEMPATH/CodeIgniter.php(499): CodeIgniter\CodeIgniter->runController()
 4 SYSTEMPATH/CodeIgniter.php(368): CodeIgniter\CodeIgniter->handleRequest()
 5 FCPATH/index.php(67): CodeIgniter\CodeIgniter->run()
CRITICAL - 2025-09-28 20:29:40 --> Undefined variable $participantes_all
in APPPATH/Controllers/Inscricoes.php on line 5964.
 1 APPPATH/Controllers/Inscricoes.php(5964): CodeIgniter\Debug\Exceptions->errorHandler()
 2 SYSTEMPATH/CodeIgniter.php(934): App\Controllers\Inscricoes->ajaxform()
 3 SYSTEMPATH/CodeIgniter.php(499): CodeIgniter\CodeIgniter->runController()
 4 SYSTEMPATH/CodeIgniter.php(368): CodeIgniter\CodeIgniter->handleRequest()
 5 FCPATH/index.php(67): CodeIgniter\CodeIgniter->run()
CRITICAL - 2025-09-28 20:30:00 --> Undefined variable $participantes_all
in APPPATH/Controllers/Inscricoes.php on line 5964.
 1 APPPATH/Controllers/Inscricoes.php(5964): CodeIgniter\Debug\Exceptions->errorHandler()
 2 SYSTEMPATH/CodeIgniter.php(934): App\Controllers\Inscricoes->ajaxform()
 3 SYSTEMPATH/CodeIgniter.php(499): CodeIgniter\CodeIgniter->runController()
 4 SYSTEMPATH/CodeIgniter.php(368): CodeIgniter\CodeIgniter->handleRequest()
 5 FCPATH/index.php(67): CodeIgniter\CodeIgniter->run()
CRITICAL - 2025-09-28 20:33:09 --> Undefined variable $participantes_all
in APPPATH/Controllers/Inscricoes.php on line 5964.
 1 APPPATH/Controllers/Inscricoes.php(5964): CodeIgniter\Debug\Exceptions->errorHandler()
 2 SYSTEMPATH/CodeIgniter.php(934): App\Controllers\Inscricoes->ajaxform()
 3 SYSTEMPATH/CodeIgniter.php(499): CodeIgniter\CodeIgniter->runController()
 4 SYSTEMPATH/CodeIgniter.php(368): CodeIgniter\CodeIgniter->handleRequest()
 5 FCPATH/index.php(67): CodeIgniter\CodeIgniter->run()
CRITICAL - 2025-09-28 20:33:32 --> Undefined variable $participantes_all
in APPPATH/Controllers/Inscricoes.php on line 5964.
 1 APPPATH/Controllers/Inscricoes.php(5964): CodeIgniter\Debug\Exceptions->errorHandler()
 2 SYSTEMPATH/CodeIgniter.php(934): App\Controllers\Inscricoes->ajaxform()
 3 SYSTEMPATH/CodeIgniter.php(499): CodeIgniter\CodeIgniter->runController()
 4 SYSTEMPATH/CodeIgniter.php(368): CodeIgniter\CodeIgniter->handleRequest()
 5 FCPATH/index.php(67): CodeIgniter\CodeIgniter->run()
CRITICAL - 2025-09-28 20:33:44 --> Undefined variable $participantes_all
in APPPATH/Controllers/Inscricoes.php on line 5964.
 1 APPPATH/Controllers/Inscricoes.php(5964): CodeIgniter\Debug\Exceptions->errorHandler()
 2 SYSTEMPATH/CodeIgniter.php(934): App\Controllers\Inscricoes->ajaxform()
 3 SYSTEMPATH/CodeIgniter.php(499): CodeIgniter\CodeIgniter->runController()
 4 SYSTEMPATH/CodeIgniter.php(368): CodeIgniter\CodeIgniter->handleRequest()
 5 FCPATH/index.php(67): CodeIgniter\CodeIgniter->run()
CRITICAL - 2025-09-28 20:34:54 --> file_get_contents(/home/u482227589/domains/dancacarajas.com.br/public_html/bxteste/writable/uploads/instituicoes/nome-da-instituicao/eventos/danca-carajas-festival/grupos/teste-geral-2-youtube/logomarca_1759091670_95af207394ce86fcf608.png): Failed to open stream: No such file or directory
in APPPATH/Controllers/Renderimage.php on line 144.
 1 [internal function]: CodeIgniter\Debug\Exceptions->errorHandler()
 2 APPPATH/Controllers/Renderimage.php(144): file_get_contents()
 3 SYSTEMPATH/CodeIgniter.php(934): App\Controllers\Renderimage->view_grupos()
 4 SYSTEMPATH/CodeIgniter.php(499): CodeIgniter\CodeIgniter->runController()
 5 SYSTEMPATH/CodeIgniter.php(368): CodeIgniter\CodeIgniter->handleRequest()
 6 FCPATH/index.php(67): CodeIgniter\CodeIgniter->run()
CRITICAL - 2025-09-28 20:35:13 --> Undefined variable $participantes_all
in APPPATH/Controllers/Inscricoes.php on line 5964.
 1 APPPATH/Controllers/Inscricoes.php(5964): CodeIgniter\Debug\Exceptions->errorHandler()
 2 SYSTEMPATH/CodeIgniter.php(934): App\Controllers\Inscricoes->ajaxform()
 3 SYSTEMPATH/CodeIgniter.php(499): CodeIgniter\CodeIgniter->runController()
 4 SYSTEMPATH/CodeIgniter.php(368): CodeIgniter\CodeIgniter->handleRequest()
 5 FCPATH/index.php(67): CodeIgniter\CodeIgniter->run()
CRITICAL - 2025-09-28 20:35:20 --> Undefined variable $participantes_all
in APPPATH/Controllers/Inscricoes.php on line 5964.
 1 APPPATH/Controllers/Inscricoes.php(5964): CodeIgniter\Debug\Exceptions->errorHandler()
 2 SYSTEMPATH/CodeIgniter.php(934): App\Controllers\Inscricoes->ajaxform()
 3 SYSTEMPATH/CodeIgniter.php(499): CodeIgniter\CodeIgniter->runController()
 4 SYSTEMPATH/CodeIgniter.php(368): CodeIgniter\CodeIgniter->handleRequest()
 5 FCPATH/index.php(67): CodeIgniter\CodeIgniter->run()
CRITICAL - 2025-09-28 20:36:19 --> Undefined variable $participantes_all
in APPPATH/Controllers/Inscricoes.php on line 5964.
 1 APPPATH/Controllers/Inscricoes.php(5964): CodeIgniter\Debug\Exceptions->errorHandler()
 2 SYSTEMPATH/CodeIgniter.php(934): App\Controllers\Inscricoes->ajaxform()
 3 SYSTEMPATH/CodeIgniter.php(499): CodeIgniter\CodeIgniter->runController()
 4 SYSTEMPATH/CodeIgniter.php(368): CodeIgniter\CodeIgniter->handleRequest()
 5 FCPATH/index.php(67): CodeIgniter\CodeIgniter->run()
CRITICAL - 2025-09-28 20:37:59 --> Undefined variable $participantes_all
in APPPATH/Controllers/Inscricoes.php on line 5964.
 1 APPPATH/Controllers/Inscricoes.php(5964): CodeIgniter\Debug\Exceptions->errorHandler()
 2 SYSTEMPATH/CodeIgniter.php(934): App\Controllers\Inscricoes->ajaxform()
 3 SYSTEMPATH/CodeIgniter.php(499): CodeIgniter\CodeIgniter->runController()
 4 SYSTEMPATH/CodeIgniter.php(368): CodeIgniter\CodeIgniter->handleRequest()
 5 FCPATH/index.php(67): CodeIgniter\CodeIgniter->run()
CRITICAL - 2025-09-28 20:38:06 --> Undefined variable $participantes_all
in APPPATH/Controllers/Inscricoes.php on line 5964.
 1 APPPATH/Controllers/Inscricoes.php(5964): CodeIgniter\Debug\Exceptions->errorHandler()
 2 SYSTEMPATH/CodeIgniter.php(934): App\Controllers\Inscricoes->ajaxform()
 3 SYSTEMPATH/CodeIgniter.php(499): CodeIgniter\CodeIgniter->runController()
 4 SYSTEMPATH/CodeIgniter.php(368): CodeIgniter\CodeIgniter->handleRequest()
 5 FCPATH/index.php(67): CodeIgniter\CodeIgniter->run()
CRITICAL - 2025-09-28 20:38:09 --> Undefined variable $participantes_all
in APPPATH/Controllers/Inscricoes.php on line 5964.
 1 APPPATH/Controllers/Inscricoes.php(5964): CodeIgniter\Debug\Exceptions->errorHandler()
 2 SYSTEMPATH/CodeIgniter.php(934): App\Controllers\Inscricoes->ajaxform()
 3 SYSTEMPATH/CodeIgniter.php(499): CodeIgniter\CodeIgniter->runController()
 4 SYSTEMPATH/CodeIgniter.php(368): CodeIgniter\CodeIgniter->handleRequest()
 5 FCPATH/index.php(67): CodeIgniter\CodeIgniter->run()
CRITICAL - 2025-09-28 20:39:39 --> Undefined variable $participantes_all
in APPPATH/Controllers/Inscricoes.php on line 5964.
 1 APPPATH/Controllers/Inscricoes.php(5964): CodeIgniter\Debug\Exceptions->errorHandler()
 2 SYSTEMPATH/CodeIgniter.php(934): App\Controllers\Inscricoes->ajaxform()
 3 SYSTEMPATH/CodeIgniter.php(499): CodeIgniter\CodeIgniter->runController()
 4 SYSTEMPATH/CodeIgniter.php(368): CodeIgniter\CodeIgniter->handleRequest()
 5 FCPATH/index.php(67): CodeIgniter\CodeIgniter->run()
CRITICAL - 2025-09-28 20:39:49 --> Undefined variable $participantes_all
in APPPATH/Controllers/Inscricoes.php on line 5964.
 1 APPPATH/Controllers/Inscricoes.php(5964): CodeIgniter\Debug\Exceptions->errorHandler()
 2 SYSTEMPATH/CodeIgniter.php(934): App\Controllers\Inscricoes->ajaxform()
 3 SYSTEMPATH/CodeIgniter.php(499): CodeIgniter\CodeIgniter->runController()
 4 SYSTEMPATH/CodeIgniter.php(368): CodeIgniter\CodeIgniter->handleRequest()
 5 FCPATH/index.php(67): CodeIgniter\CodeIgniter->run()
CRITICAL - 2025-09-28 20:39:57 --> Undefined variable $participantes_all
in APPPATH/Controllers/Inscricoes.php on line 5964.
 1 APPPATH/Controllers/Inscricoes.php(5964): CodeIgniter\Debug\Exceptions->errorHandler()
 2 SYSTEMPATH/CodeIgniter.php(934): App\Controllers\Inscricoes->ajaxform()
 3 SYSTEMPATH/CodeIgniter.php(499): CodeIgniter\CodeIgniter->runController()
 4 SYSTEMPATH/CodeIgniter.php(368): CodeIgniter\CodeIgniter->handleRequest()
 5 FCPATH/index.php(67): CodeIgniter\CodeIgniter->run()
CRITICAL - 2025-09-28 20:47:55 --> file_get_contents(/home/u482227589/domains/dancacarajas.com.br/public_html/inscricoes/writable/uploads/instituicoes/nome-da-instituicao/eventos/danca-carajas-festival/grupos/000000000000/logomarca_1758722535_32565a7945353d8c2601.png): Failed to open stream: No such file or directory
in APPPATH/Controllers/Renderimage.php on line 144.
 1 [internal function]: CodeIgniter\Debug\Exceptions->errorHandler()
 2 APPPATH/Controllers/Renderimage.php(144): file_get_contents()
 3 SYSTEMPATH/CodeIgniter.php(934): App\Controllers\Renderimage->view_grupos()
 4 SYSTEMPATH/CodeIgniter.php(499): CodeIgniter\CodeIgniter->runController()
 5 SYSTEMPATH/CodeIgniter.php(368): CodeIgniter\CodeIgniter->handleRequest()
 6 FCPATH/index.php(67): CodeIgniter\CodeIgniter->run()
CRITICAL - 2025-09-28 20:48:33 --> Undefined variable $participantes_all
in APPPATH/Controllers/Inscricoes.php on line 5964.
 1 APPPATH/Controllers/Inscricoes.php(5964): CodeIgniter\Debug\Exceptions->errorHandler()
 2 SYSTEMPATH/CodeIgniter.php(934): App\Controllers\Inscricoes->ajaxform()
 3 SYSTEMPATH/CodeIgniter.php(499): CodeIgniter\CodeIgniter->runController()
 4 SYSTEMPATH/CodeIgniter.php(368): CodeIgniter\CodeIgniter->handleRequest()
 5 FCPATH/index.php(67): CodeIgniter\CodeIgniter->run()
CRITICAL - 2025-09-28 20:48:37 --> Undefined variable $participantes_all
in APPPATH/Controllers/Inscricoes.php on line 5964.
 1 APPPATH/Controllers/Inscricoes.php(5964): CodeIgniter\Debug\Exceptions->errorHandler()
 2 SYSTEMPATH/CodeIgniter.php(934): App\Controllers\Inscricoes->ajaxform()
 3 SYSTEMPATH/CodeIgniter.php(499): CodeIgniter\CodeIgniter->runController()
 4 SYSTEMPATH/CodeIgniter.php(368): CodeIgniter\CodeIgniter->handleRequest()
 5 FCPATH/index.php(67): CodeIgniter\CodeIgniter->run()
CRITICAL - 2025-09-28 20:48:40 --> Undefined variable $participantes_all
in APPPATH/Controllers/Inscricoes.php on line 5964.
 1 APPPATH/Controllers/Inscricoes.php(5964): CodeIgniter\Debug\Exceptions->errorHandler()
 2 SYSTEMPATH/CodeIgniter.php(934): App\Controllers\Inscricoes->ajaxform()
 3 SYSTEMPATH/CodeIgniter.php(499): CodeIgniter\CodeIgniter->runController()
 4 SYSTEMPATH/CodeIgniter.php(368): CodeIgniter\CodeIgniter->handleRequest()
 5 FCPATH/index.php(67): CodeIgniter\CodeIgniter->run()
CRITICAL - 2025-09-28 20:49:53 --> Undefined variable $participantes_all
in APPPATH/Controllers/Inscricoes.php on line 5964.
 1 APPPATH/Controllers/Inscricoes.php(5964): CodeIgniter\Debug\Exceptions->errorHandler()
 2 SYSTEMPATH/CodeIgniter.php(934): App\Controllers\Inscricoes->ajaxform()
 3 SYSTEMPATH/CodeIgniter.php(499): CodeIgniter\CodeIgniter->runController()
 4 SYSTEMPATH/CodeIgniter.php(368): CodeIgniter\CodeIgniter->handleRequest()
 5 FCPATH/index.php(67): CodeIgniter\CodeIgniter->run()
CRITICAL - 2025-09-28 20:52:26 --> Undefined variable $participantes_all
in APPPATH/Controllers/Inscricoes.php on line 5964.
 1 APPPATH/Controllers/Inscricoes.php(5964): CodeIgniter\Debug\Exceptions->errorHandler()
 2 SYSTEMPATH/CodeIgniter.php(934): App\Controllers\Inscricoes->ajaxform()
 3 SYSTEMPATH/CodeIgniter.php(499): CodeIgniter\CodeIgniter->runController()
 4 SYSTEMPATH/CodeIgniter.php(368): CodeIgniter\CodeIgniter->handleRequest()
 5 FCPATH/index.php(67): CodeIgniter\CodeIgniter->run()
CRITICAL - 2025-09-28 20:53:07 --> Undefined variable $participantes_all
in APPPATH/Controllers/Inscricoes.php on line 5964.
 1 APPPATH/Controllers/Inscricoes.php(5964): CodeIgniter\Debug\Exceptions->errorHandler()
 2 SYSTEMPATH/CodeIgniter.php(934): App\Controllers\Inscricoes->ajaxform()
 3 SYSTEMPATH/CodeIgniter.php(499): CodeIgniter\CodeIgniter->runController()
 4 SYSTEMPATH/CodeIgniter.php(368): CodeIgniter\CodeIgniter->handleRequest()
 5 FCPATH/index.php(67): CodeIgniter\CodeIgniter->run()
CRITICAL - 2025-09-28 20:53:13 --> Undefined variable $participantes_all
in APPPATH/Controllers/Inscricoes.php on line 5964.
 1 APPPATH/Controllers/Inscricoes.php(5964): CodeIgniter\Debug\Exceptions->errorHandler()
 2 SYSTEMPATH/CodeIgniter.php(934): App\Controllers\Inscricoes->ajaxform()
 3 SYSTEMPATH/CodeIgniter.php(499): CodeIgniter\CodeIgniter->runController()
 4 SYSTEMPATH/CodeIgniter.php(368): CodeIgniter\CodeIgniter->handleRequest()
 5 FCPATH/index.php(67): CodeIgniter\CodeIgniter->run()
CRITICAL - 2025-09-28 20:53:17 --> Undefined variable $participantes_all
in APPPATH/Controllers/Inscricoes.php on line 5964.
 1 APPPATH/Controllers/Inscricoes.php(5964): CodeIgniter\Debug\Exceptions->errorHandler()
 2 SYSTEMPATH/CodeIgniter.php(934): App\Controllers\Inscricoes->ajaxform()
 3 SYSTEMPATH/CodeIgniter.php(499): CodeIgniter\CodeIgniter->runController()
 4 SYSTEMPATH/CodeIgniter.php(368): CodeIgniter\CodeIgniter->handleRequest()
 5 FCPATH/index.php(67): CodeIgniter\CodeIgniter->run()
CRITICAL - 2025-09-28 20:56:16 --> Undefined variable $participantes_all
in APPPATH/Controllers/Inscricoes.php on line 5964.
 1 APPPATH/Controllers/Inscricoes.php(5964): CodeIgniter\Debug\Exceptions->errorHandler()
 2 SYSTEMPATH/CodeIgniter.php(934): App\Controllers\Inscricoes->ajaxform()
 3 SYSTEMPATH/CodeIgniter.php(499): CodeIgniter\CodeIgniter->runController()
 4 SYSTEMPATH/CodeIgniter.php(368): CodeIgniter\CodeIgniter->handleRequest()
 5 FCPATH/index.php(67): CodeIgniter\CodeIgniter->run()
CRITICAL - 2025-09-28 20:56:18 --> Undefined variable $participantes_all
in APPPATH/Controllers/Inscricoes.php on line 5964.
 1 APPPATH/Controllers/Inscricoes.php(5964): CodeIgniter\Debug\Exceptions->errorHandler()
 2 SYSTEMPATH/CodeIgniter.php(934): App\Controllers\Inscricoes->ajaxform()
 3 SYSTEMPATH/CodeIgniter.php(499): CodeIgniter\CodeIgniter->runController()
 4 SYSTEMPATH/CodeIgniter.php(368): CodeIgniter\CodeIgniter->handleRequest()
 5 FCPATH/index.php(67): CodeIgniter\CodeIgniter->run()
CRITICAL - 2025-09-28 21:01:52 --> file_get_contents(/home/u482227589/domains/dancacarajas.com.br/public_html/inscricoes/writable/uploads/instituicoes/nome-da-instituicao/eventos/danca-carajas-festival/grupos/escola-das-artes-sao-lucas/logomarca_1758459517_f9c558b73b68c9012af0.jpg): Failed to open stream: No such file or directory
in APPPATH/Controllers/Renderimage.php on line 144.
 1 [internal function]: CodeIgniter\Debug\Exceptions->errorHandler()
 2 APPPATH/Controllers/Renderimage.php(144): file_get_contents()
 3 SYSTEMPATH/CodeIgniter.php(934): App\Controllers\Renderimage->view_grupos()
 4 SYSTEMPATH/CodeIgniter.php(499): CodeIgniter\CodeIgniter->runController()
 5 SYSTEMPATH/CodeIgniter.php(368): CodeIgniter\CodeIgniter->handleRequest()
 6 FCPATH/index.php(67): CodeIgniter\CodeIgniter->run()
CRITICAL - 2025-09-28 21:01:58 --> file_get_contents(/home/u482227589/domains/dancacarajas.com.br/public_html/inscricoes/writable/uploads/instituicoes/nome-da-instituicao/eventos/danca-carajas-festival/grupos/escola-das-artes-sao-lucas/logomarca_1758459517_f9c558b73b68c9012af0.jpg): Failed to open stream: No such file or directory
in APPPATH/Controllers/Renderimage.php on line 144.
 1 [internal function]: CodeIgniter\Debug\Exceptions->errorHandler()
 2 APPPATH/Controllers/Renderimage.php(144): file_get_contents()
 3 SYSTEMPATH/CodeIgniter.php(934): App\Controllers\Renderimage->view_grupos()
 4 SYSTEMPATH/CodeIgniter.php(499): CodeIgniter\CodeIgniter->runController()
 5 SYSTEMPATH/CodeIgniter.php(368): CodeIgniter\CodeIgniter->handleRequest()
 6 FCPATH/index.php(67): CodeIgniter\CodeIgniter->run()
CRITICAL - 2025-09-28 21:06:24 --> Undefined variable $participantes_all
in APPPATH/Controllers/Inscricoes.php on line 5964.
 1 APPPATH/Controllers/Inscricoes.php(5964): CodeIgniter\Debug\Exceptions->errorHandler()
 2 SYSTEMPATH/CodeIgniter.php(934): App\Controllers\Inscricoes->ajaxform()
 3 SYSTEMPATH/CodeIgniter.php(499): CodeIgniter\CodeIgniter->runController()
 4 SYSTEMPATH/CodeIgniter.php(368): CodeIgniter\CodeIgniter->handleRequest()
 5 FCPATH/index.php(67): CodeIgniter\CodeIgniter->run()
CRITICAL - 2025-09-28 21:06:29 --> Undefined variable $participantes_all
in APPPATH/Controllers/Inscricoes.php on line 5964.
 1 APPPATH/Controllers/Inscricoes.php(5964): CodeIgniter\Debug\Exceptions->errorHandler()
 2 SYSTEMPATH/CodeIgniter.php(934): App\Controllers\Inscricoes->ajaxform()
 3 SYSTEMPATH/CodeIgniter.php(499): CodeIgniter\CodeIgniter->runController()
 4 SYSTEMPATH/CodeIgniter.php(368): CodeIgniter\CodeIgniter->handleRequest()
 5 FCPATH/index.php(67): CodeIgniter\CodeIgniter->run()
CRITICAL - 2025-09-28 21:06:33 --> Undefined variable $participantes_all
in APPPATH/Controllers/Inscricoes.php on line 5964.
 1 APPPATH/Controllers/Inscricoes.php(5964): CodeIgniter\Debug\Exceptions->errorHandler()
 2 SYSTEMPATH/CodeIgniter.php(934): App\Controllers\Inscricoes->ajaxform()
 3 SYSTEMPATH/CodeIgniter.php(499): CodeIgniter\CodeIgniter->runController()
 4 SYSTEMPATH/CodeIgniter.php(368): CodeIgniter\CodeIgniter->handleRequest()
 5 FCPATH/index.php(67): CodeIgniter\CodeIgniter->run()
CRITICAL - 2025-09-28 21:07:42 --> file_get_contents(/home/u482227589/domains/dancacarajas.com.br/public_html/inscricoes/writable/uploads/instituicoes/nome-da-instituicao/eventos/danca-carajas-festival/grupos/escola-das-artes-sao-lucas/logomarca_1758459517_f9c558b73b68c9012af0.jpg): Failed to open stream: No such file or directory
in APPPATH/Controllers/Renderimage.php on line 144.
 1 [internal function]: CodeIgniter\Debug\Exceptions->errorHandler()
 2 APPPATH/Controllers/Renderimage.php(144): file_get_contents()
 3 SYSTEMPATH/CodeIgniter.php(934): App\Controllers\Renderimage->view_grupos()
 4 SYSTEMPATH/CodeIgniter.php(499): CodeIgniter\CodeIgniter->runController()
 5 SYSTEMPATH/CodeIgniter.php(368): CodeIgniter\CodeIgniter->handleRequest()
 6 FCPATH/index.php(67): CodeIgniter\CodeIgniter->run()
CRITICAL - 2025-09-28 21:20:00 --> file_get_contents(/home/u482227589/domains/dancacarajas.com.br/public_html/inscricoes/writable/uploads/instituicoes/nome-da-instituicao/eventos/danca-carajas-festival/grupos/escola-das-artes-sao-lucas/logomarca_1758459517_f9c558b73b68c9012af0.jpg): Failed to open stream: No such file or directory
in APPPATH/Controllers/Renderimage.php on line 144.
 1 [internal function]: CodeIgniter\Debug\Exceptions->errorHandler()
 2 APPPATH/Controllers/Renderimage.php(144): file_get_contents()
 3 SYSTEMPATH/CodeIgniter.php(934): App\Controllers\Renderimage->view_grupos()
 4 SYSTEMPATH/CodeIgniter.php(499): CodeIgniter\CodeIgniter->runController()
 5 SYSTEMPATH/CodeIgniter.php(368): CodeIgniter\CodeIgniter->handleRequest()
 6 FCPATH/index.php(67): CodeIgniter\CodeIgniter->run()
CRITICAL - 2025-09-28 21:27:25 --> file_get_contents(/home/u482227589/domains/dancacarajas.com.br/public_html/inscricoes/writable/uploads/instituicoes/nome-da-instituicao/eventos/danca-carajas-festival/grupos/000000000000/logomarca_1758722535_32565a7945353d8c2601.png): Failed to open stream: No such file or directory
in APPPATH/Controllers/Renderimage.php on line 144.
 1 [internal function]: CodeIgniter\Debug\Exceptions->errorHandler()
 2 APPPATH/Controllers/Renderimage.php(144): file_get_contents()
 3 SYSTEMPATH/CodeIgniter.php(934): App\Controllers\Renderimage->view_grupos()
 4 SYSTEMPATH/CodeIgniter.php(499): CodeIgniter\CodeIgniter->runController()
 5 SYSTEMPATH/CodeIgniter.php(368): CodeIgniter\CodeIgniter->handleRequest()
 6 FCPATH/index.php(67): CodeIgniter\CodeIgniter->run()
CRITICAL - 2025-09-28 21:30:54 --> file_get_contents(/home/u482227589/domains/dancacarajas.com.br/public_html/inscricoes/writable/uploads/instituicoes/nome-da-instituicao/eventos/danca-carajas-festival/grupos/escola-das-artes-sao-lucas/logomarca_1758459517_f9c558b73b68c9012af0.jpg): Failed to open stream: No such file or directory
in APPPATH/Controllers/Renderimage.php on line 144.
 1 [internal function]: CodeIgniter\Debug\Exceptions->errorHandler()
 2 APPPATH/Controllers/Renderimage.php(144): file_get_contents()
 3 SYSTEMPATH/CodeIgniter.php(934): App\Controllers\Renderimage->view_grupos()
 4 SYSTEMPATH/CodeIgniter.php(499): CodeIgniter\CodeIgniter->runController()
 5 SYSTEMPATH/CodeIgniter.php(368): CodeIgniter\CodeIgniter->handleRequest()
 6 FCPATH/index.php(67): CodeIgniter\CodeIgniter->run()
CRITICAL - 2025-09-28 21:31:32 --> file_get_contents(/home/u482227589/domains/dancacarajas.com.br/public_html/inscricoes/writable/uploads/instituicoes/nome-da-instituicao/eventos/danca-carajas-festival/grupos/escola-das-artes-sao-lucas/logomarca_1758459517_f9c558b73b68c9012af0.jpg): Failed to open stream: No such file or directory
in APPPATH/Controllers/Renderimage.php on line 144.
 1 [internal function]: CodeIgniter\Debug\Exceptions->errorHandler()
 2 APPPATH/Controllers/Renderimage.php(144): file_get_contents()
 3 SYSTEMPATH/CodeIgniter.php(934): App\Controllers\Renderimage->view_grupos()
 4 SYSTEMPATH/CodeIgniter.php(499): CodeIgniter\CodeIgniter->runController()
 5 SYSTEMPATH/CodeIgniter.php(368): CodeIgniter\CodeIgniter->handleRequest()
 6 FCPATH/index.php(67): CodeIgniter\CodeIgniter->run()
CRITICAL - 2025-09-28 21:41:34 --> file_get_contents(/home/u482227589/domains/dancacarajas.com.br/public_html/inscricoes/writable/uploads/instituicoes/nome-da-instituicao/eventos/danca-carajas-festival/grupos/escola-das-artes-sao-lucas/logomarca_1758459517_f9c558b73b68c9012af0.jpg): Failed to open stream: No such file or directory
in APPPATH/Controllers/Renderimage.php on line 144.
 1 [internal function]: CodeIgniter\Debug\Exceptions->errorHandler()
 2 APPPATH/Controllers/Renderimage.php(144): file_get_contents()
 3 SYSTEMPATH/CodeIgniter.php(934): App\Controllers\Renderimage->view_grupos()
 4 SYSTEMPATH/CodeIgniter.php(499): CodeIgniter\CodeIgniter->runController()
 5 SYSTEMPATH/CodeIgniter.php(368): CodeIgniter\CodeIgniter->handleRequest()
 6 FCPATH/index.php(67): CodeIgniter\CodeIgniter->run()
CRITICAL - 2025-09-28 21:50:37 --> file_get_contents(/home/u482227589/domains/dancacarajas.com.br/public_html/inscricoes/writable/uploads/instituicoes/nome-da-instituicao/eventos/danca-carajas-festival/grupos/escola-das-artes-sao-lucas/logomarca_1758459517_f9c558b73b68c9012af0.jpg): Failed to open stream: No such file or directory
in APPPATH/Controllers/Renderimage.php on line 144.
 1 [internal function]: CodeIgniter\Debug\Exceptions->errorHandler()
 2 APPPATH/Controllers/Renderimage.php(144): file_get_contents()
 3 SYSTEMPATH/CodeIgniter.php(934): App\Controllers\Renderimage->view_grupos()
 4 SYSTEMPATH/CodeIgniter.php(499): CodeIgniter\CodeIgniter->runController()
 5 SYSTEMPATH/CodeIgniter.php(368): CodeIgniter\CodeIgniter->handleRequest()
 6 FCPATH/index.php(67): CodeIgniter\CodeIgniter->run()
CRITICAL - 2025-09-28 22:05:45 --> file_get_contents(/home/u482227589/domains/dancacarajas.com.br/public_html/inscricoes/writable/uploads/instituicoes/nome-da-instituicao/eventos/danca-carajas-festival/grupos/escola-das-artes-sao-lucas/logomarca_1758459517_f9c558b73b68c9012af0.jpg): Failed to open stream: No such file or directory
in APPPATH/Controllers/Renderimage.php on line 144.
 1 [internal function]: CodeIgniter\Debug\Exceptions->errorHandler()
 2 APPPATH/Controllers/Renderimage.php(144): file_get_contents()
 3 SYSTEMPATH/CodeIgniter.php(934): App\Controllers\Renderimage->view_grupos()
 4 SYSTEMPATH/CodeIgniter.php(499): CodeIgniter\CodeIgniter->runController()
 5 SYSTEMPATH/CodeIgniter.php(368): CodeIgniter\CodeIgniter->handleRequest()
 6 FCPATH/index.php(67): CodeIgniter\CodeIgniter->run()
CRITICAL - 2025-09-28 22:12:46 --> Undefined variable $participantes_all
in APPPATH/Controllers/Inscricoes.php on line 5964.
 1 APPPATH/Controllers/Inscricoes.php(5964): CodeIgniter\Debug\Exceptions->errorHandler()
 2 SYSTEMPATH/CodeIgniter.php(934): App\Controllers\Inscricoes->ajaxform()
 3 SYSTEMPATH/CodeIgniter.php(499): CodeIgniter\CodeIgniter->runController()
 4 SYSTEMPATH/CodeIgniter.php(368): CodeIgniter\CodeIgniter->handleRequest()
 5 FCPATH/index.php(67): CodeIgniter\CodeIgniter->run()
CRITICAL - 2025-09-28 22:12:52 --> Undefined variable $participantes_all
in APPPATH/Controllers/Inscricoes.php on line 5964.
 1 APPPATH/Controllers/Inscricoes.php(5964): CodeIgniter\Debug\Exceptions->errorHandler()
 2 SYSTEMPATH/CodeIgniter.php(934): App\Controllers\Inscricoes->ajaxform()
 3 SYSTEMPATH/CodeIgniter.php(499): CodeIgniter\CodeIgniter->runController()
 4 SYSTEMPATH/CodeIgniter.php(368): CodeIgniter\CodeIgniter->handleRequest()
 5 FCPATH/index.php(67): CodeIgniter\CodeIgniter->run()
