ERROR - 2025-10-03 16:24:47 --> Error connecting to the database: mysqli_sql_exception: Nenhuma conexão pôde ser feita porque a máquina de destino as recusou ativamente in C:\xampp\htdocs\FestOn\system\Database\MySQLi\Connection.php:173
Stack trace:
#0 C:\xampp\htdocs\FestOn\system\Database\MySQLi\Connection.php(173): mysqli->real_connect('localhost', 'root', Object(SensitiveParameterValue), 'code', 3306, '', 0)
#1 C:\xampp\htdocs\FestOn\system\Database\BaseConnection.php(391): CodeIgniter\Database\MySQLi\Connection->connect(false)
#2 C:\xampp\htdocs\FestOn\system\Session\Handlers\DatabaseHandler.php(109): CodeIgniter\Database\BaseConnection->initialize()
#3 [internal function]: CodeIgniter\Session\Handlers\DatabaseHandler->open('ci_sessions', 'ci_session')
#4 C:\xampp\htdocs\FestOn\system\Session\Session.php(928): session_start()
#5 C:\xampp\htdocs\FestOn\system\Session\Session.php(250): CodeIgniter\Session\Session->startSession()
#6 C:\xampp\htdocs\FestOn\system\Config\Services.php(674): CodeIgniter\Session\Session->start()
#7 C:\xampp\htdocs\FestOn\system\Config\BaseService.php(252): CodeIgniter\Config\Services::session(Object(Config\App), false)
#8 C:\xampp\htdocs\FestOn\system\Config\BaseService.php(193): CodeIgniter\Config\BaseService::__callStatic('session', Array)
#9 C:\xampp\htdocs\FestOn\system\Config\Services.php(641): CodeIgniter\Config\BaseService::getSharedInstance('session', NULL)
#10 C:\xampp\htdocs\FestOn\system\Config\BaseService.php(252): CodeIgniter\Config\Services::session()
#11 C:\xampp\htdocs\FestOn\app\Controllers\BaseController.php(75): CodeIgniter\Config\BaseService::__callStatic('session', Array)
#12 C:\xampp\htdocs\FestOn\system\CodeIgniter.php(907): App\Controllers\BaseController->initController(Object(CodeIgniter\HTTP\IncomingRequest), Object(CodeIgniter\HTTP\Response), Object(CodeIgniter\Log\Logger))
#13 C:\xampp\htdocs\FestOn\system\CodeIgniter.php(490): CodeIgniter\CodeIgniter->createController()
#14 C:\xampp\htdocs\FestOn\system\CodeIgniter.php(368): CodeIgniter\CodeIgniter->handleRequest(NULL, Object(Config\Cache), false)
#15 C:\xampp\htdocs\FestOn\public\index.php(67): CodeIgniter\CodeIgniter->run()
#16 C:\xampp\htdocs\FestOn\system\Commands\Server\rewrite.php(47): require_once('C:\\xampp\\htdocs...')
#17 {main}

Next CodeIgniter\Database\Exceptions\DatabaseException: Nenhuma conexão pôde ser feita porque a máquina de destino as recusou ativamente in C:\xampp\htdocs\FestOn\system\Database\MySQLi\Connection.php:218
Stack trace:
#0 C:\xampp\htdocs\FestOn\system\Database\BaseConnection.php(391): CodeIgniter\Database\MySQLi\Connection->connect(false)
#1 C:\xampp\htdocs\FestOn\system\Session\Handlers\DatabaseHandler.php(109): CodeIgniter\Database\BaseConnection->initialize()
#2 [internal function]: CodeIgniter\Session\Handlers\DatabaseHandler->open('ci_sessions', 'ci_session')
#3 C:\xampp\htdocs\FestOn\system\Session\Session.php(928): session_start()
#4 C:\xampp\htdocs\FestOn\system\Session\Session.php(250): CodeIgniter\Session\Session->startSession()
#5 C:\xampp\htdocs\FestOn\system\Config\Services.php(674): CodeIgniter\Session\Session->start()
#6 C:\xampp\htdocs\FestOn\system\Config\BaseService.php(252): CodeIgniter\Config\Services::session(Object(Config\App), false)
#7 C:\xampp\htdocs\FestOn\system\Config\BaseService.php(193): CodeIgniter\Config\BaseService::__callStatic('session', Array)
#8 C:\xampp\htdocs\FestOn\system\Config\Services.php(641): CodeIgniter\Config\BaseService::getSharedInstance('session', NULL)
#9 C:\xampp\htdocs\FestOn\system\Config\BaseService.php(252): CodeIgniter\Config\Services::session()
#10 C:\xampp\htdocs\FestOn\app\Controllers\BaseController.php(75): CodeIgniter\Config\BaseService::__callStatic('session', Array)
#11 C:\xampp\htdocs\FestOn\system\CodeIgniter.php(907): App\Controllers\BaseController->initController(Object(CodeIgniter\HTTP\IncomingRequest), Object(CodeIgniter\HTTP\Response), Object(CodeIgniter\Log\Logger))
#12 C:\xampp\htdocs\FestOn\system\CodeIgniter.php(490): CodeIgniter\CodeIgniter->createController()
#13 C:\xampp\htdocs\FestOn\system\CodeIgniter.php(368): CodeIgniter\CodeIgniter->handleRequest(NULL, Object(Config\Cache), false)
#14 C:\xampp\htdocs\FestOn\public\index.php(67): CodeIgniter\CodeIgniter->run()
#15 C:\xampp\htdocs\FestOn\system\Commands\Server\rewrite.php(47): require_once('C:\\xampp\\htdocs...')
#16 {main}
CRITICAL - 2025-10-03 16:24:47 --> Unable to connect to the database.
Main connection [MySQLi]: Nenhuma conexão pôde ser feita porque a máquina de destino as recusou ativamente
in SYSTEMPATH\Database\BaseConnection.php on line 427.
 1 SYSTEMPATH\Session\Handlers\DatabaseHandler.php(109): CodeIgniter\Database\BaseConnection->initialize()
 2 [internal function]: CodeIgniter\Session\Handlers\DatabaseHandler->open('ci_sessions', 'ci_session')
 3 SYSTEMPATH\Session\Session.php(928): session_start()
 4 SYSTEMPATH\Session\Session.php(250): CodeIgniter\Session\Session->startSession()
 5 SYSTEMPATH\Config\Services.php(674): CodeIgniter\Session\Session->start()
 6 SYSTEMPATH\Config\BaseService.php(252): CodeIgniter\Config\Services::session(Object(Config\App), false)
 7 SYSTEMPATH\Config\BaseService.php(193): CodeIgniter\Config\BaseService::__callStatic('session', [...])
 8 SYSTEMPATH\Config\Services.php(641): CodeIgniter\Config\BaseService::getSharedInstance('session', null)
 9 SYSTEMPATH\Config\BaseService.php(252): CodeIgniter\Config\Services::session()
10 APPPATH\Controllers\BaseController.php(75): CodeIgniter\Config\BaseService::__callStatic('session', [])
11 SYSTEMPATH\CodeIgniter.php(907): App\Controllers\BaseController->initController(Object(CodeIgniter\HTTP\IncomingRequest), Object(CodeIgniter\HTTP\Response), Object(CodeIgniter\Log\Logger))
12 SYSTEMPATH\CodeIgniter.php(490): CodeIgniter\CodeIgniter->createController()
13 SYSTEMPATH\CodeIgniter.php(368): CodeIgniter\CodeIgniter->handleRequest(null, Object(Config\Cache), false)
14 FCPATH\index.php(67): CodeIgniter\CodeIgniter->run()
15 SYSTEMPATH\Commands\Server\rewrite.php(47): require_once('C:\\xampp\\htdocs\\FestOn\\public\\index.php')
CRITICAL - 2025-10-03 13:29:55 --> Undefined variable $event_id
in APPPATH\Controllers\Inscricoes.php on line 2616.
 1 APPPATH\Controllers\Inscricoes.php(2616): CodeIgniter\Debug\Exceptions->errorHandler(2, 'Undefined variable $event_id', 'C:\\xampp\\htdocs\\FestOn\\app\\Controllers\\Inscricoes.php', 2616)
 2 SYSTEMPATH\CodeIgniter.php(934): App\Controllers\Inscricoes->status('a05b6bb1704f3787f69a7b1d8fe406c3')
 3 SYSTEMPATH\CodeIgniter.php(499): CodeIgniter\CodeIgniter->runController(Object(App\Controllers\Inscricoes))
 4 SYSTEMPATH\CodeIgniter.php(368): CodeIgniter\CodeIgniter->handleRequest(null, Object(Config\Cache), false)
 5 FCPATH\index.php(67): CodeIgniter\CodeIgniter->run()
CRITICAL - 2025-10-03 13:29:59 --> Undefined variable $grp_hashkey
in APPPATH\Controllers\Inscricoes.php on line 2260.
 1 APPPATH\Controllers\Inscricoes.php(2260): CodeIgniter\Debug\Exceptions->errorHandler(2, 'Undefined variable $grp_hashkey', 'C:\\xampp\\htdocs\\FestOn\\app\\Controllers\\Inscricoes.php', 2260)
 2 SYSTEMPATH\CodeIgniter.php(934): App\Controllers\Inscricoes->doacoes('a05b6bb1704f3787f69a7b1d8fe406c3')
 3 SYSTEMPATH\CodeIgniter.php(499): CodeIgniter\CodeIgniter->runController(Object(App\Controllers\Inscricoes))
 4 SYSTEMPATH\CodeIgniter.php(368): CodeIgniter\CodeIgniter->handleRequest(null, Object(Config\Cache), false)
 5 FCPATH\index.php(67): CodeIgniter\CodeIgniter->run()
CRITICAL - 2025-10-03 13:30:00 --> Undefined variable $PATH_FOLDER_GRUPO
in APPPATH\Views\inscricoes\coreografias.php on line 1258.
 1 APPPATH\Views\inscricoes\coreografias.php(1258): CodeIgniter\Debug\Exceptions->errorHandler(2, 'Undefined variable $PATH_FOLDER_GRUPO', 'C:\\xampp\\htdocs\\FestOn\\app\\Views\\inscricoes\\coreografias.php', 1258)
 2 SYSTEMPATH\View\View.php(213): include('C:\\xampp\\htdocs\\FestOn\\app\\Views\\inscricoes\\coreografias.php')
 3 SYSTEMPATH\View\View.php(216): CodeIgniter\View\View->CodeIgniter\View\{closure}()
 4 SYSTEMPATH\Common.php(1184): CodeIgniter\View\View->render('inscricoes/coreografias', [], true)
 5 APPPATH\Controllers\Inscricoes.php(1380): view('inscricoes/coreografias', [...])
 6 SYSTEMPATH\CodeIgniter.php(934): App\Controllers\Inscricoes->coreografias('a05b6bb1704f3787f69a7b1d8fe406c3')
 7 SYSTEMPATH\CodeIgniter.php(499): CodeIgniter\CodeIgniter->runController(Object(App\Controllers\Inscricoes))
 8 SYSTEMPATH\CodeIgniter.php(368): CodeIgniter\CodeIgniter->handleRequest(null, Object(Config\Cache), false)
 9 FCPATH\index.php(67): CodeIgniter\CodeIgniter->run()
CRITICAL - 2025-10-03 13:30:03 --> Undefined variable $PATH_FOLDER_GRUPO
in APPPATH\Views\inscricoes\coreografias.php on line 1258.
 1 APPPATH\Views\inscricoes\coreografias.php(1258): CodeIgniter\Debug\Exceptions->errorHandler(2, 'Undefined variable $PATH_FOLDER_GRUPO', 'C:\\xampp\\htdocs\\FestOn\\app\\Views\\inscricoes\\coreografias.php', 1258)
 2 SYSTEMPATH\View\View.php(213): include('C:\\xampp\\htdocs\\FestOn\\app\\Views\\inscricoes\\coreografias.php')
 3 SYSTEMPATH\View\View.php(216): CodeIgniter\View\View->CodeIgniter\View\{closure}()
 4 SYSTEMPATH\Common.php(1184): CodeIgniter\View\View->render('inscricoes/coreografias', [], true)
 5 APPPATH\Controllers\Inscricoes.php(1380): view('inscricoes/coreografias', [...])
 6 SYSTEMPATH\CodeIgniter.php(934): App\Controllers\Inscricoes->coreografias('a05b6bb1704f3787f69a7b1d8fe406c3')
 7 SYSTEMPATH\CodeIgniter.php(499): CodeIgniter\CodeIgniter->runController(Object(App\Controllers\Inscricoes))
 8 SYSTEMPATH\CodeIgniter.php(368): CodeIgniter\CodeIgniter->handleRequest(null, Object(Config\Cache), false)
 9 FCPATH\index.php(67): CodeIgniter\CodeIgniter->run()
CRITICAL - 2025-10-03 13:30:04 --> Undefined variable $grp_hashkey
in APPPATH\Controllers\Inscricoes.php on line 2260.
 1 APPPATH\Controllers\Inscricoes.php(2260): CodeIgniter\Debug\Exceptions->errorHandler(2, 'Undefined variable $grp_hashkey', 'C:\\xampp\\htdocs\\FestOn\\app\\Controllers\\Inscricoes.php', 2260)
 2 SYSTEMPATH\CodeIgniter.php(934): App\Controllers\Inscricoes->doacoes('a05b6bb1704f3787f69a7b1d8fe406c3')
 3 SYSTEMPATH\CodeIgniter.php(499): CodeIgniter\CodeIgniter->runController(Object(App\Controllers\Inscricoes))
 4 SYSTEMPATH\CodeIgniter.php(368): CodeIgniter\CodeIgniter->handleRequest(null, Object(Config\Cache), false)
 5 FCPATH\index.php(67): CodeIgniter\CodeIgniter->run()
CRITICAL - 2025-10-03 13:30:05 --> Undefined variable $event_id
in APPPATH\Controllers\Inscricoes.php on line 2616.
 1 APPPATH\Controllers\Inscricoes.php(2616): CodeIgniter\Debug\Exceptions->errorHandler(2, 'Undefined variable $event_id', 'C:\\xampp\\htdocs\\FestOn\\app\\Controllers\\Inscricoes.php', 2616)
 2 SYSTEMPATH\CodeIgniter.php(934): App\Controllers\Inscricoes->status('a05b6bb1704f3787f69a7b1d8fe406c3')
 3 SYSTEMPATH\CodeIgniter.php(499): CodeIgniter\CodeIgniter->runController(Object(App\Controllers\Inscricoes))
 4 SYSTEMPATH\CodeIgniter.php(368): CodeIgniter\CodeIgniter->handleRequest(null, Object(Config\Cache), false)
 5 FCPATH\index.php(67): CodeIgniter\CodeIgniter->run()
CRITICAL - 2025-10-03 13:30:08 --> Undefined variable $event_id
in APPPATH\Controllers\Inscricoes.php on line 2616.
 1 APPPATH\Controllers\Inscricoes.php(2616): CodeIgniter\Debug\Exceptions->errorHandler(2, 'Undefined variable $event_id', 'C:\\xampp\\htdocs\\FestOn\\app\\Controllers\\Inscricoes.php', 2616)
 2 SYSTEMPATH\CodeIgniter.php(934): App\Controllers\Inscricoes->status('a05b6bb1704f3787f69a7b1d8fe406c3')
 3 SYSTEMPATH\CodeIgniter.php(499): CodeIgniter\CodeIgniter->runController(Object(App\Controllers\Inscricoes))
 4 SYSTEMPATH\CodeIgniter.php(368): CodeIgniter\CodeIgniter->handleRequest(null, Object(Config\Cache), false)
 5 FCPATH\index.php(67): CodeIgniter\CodeIgniter->run()
CRITICAL - 2025-10-03 14:17:34 --> Undefined variable $event_id
in APPPATH\Controllers\Inscricoes.php on line 2616.
 1 APPPATH\Controllers\Inscricoes.php(2616): CodeIgniter\Debug\Exceptions->errorHandler(2, 'Undefined variable $event_id', 'C:\\xampp\\htdocs\\FestOn\\app\\Controllers\\Inscricoes.php', 2616)
 2 SYSTEMPATH\CodeIgniter.php(934): App\Controllers\Inscricoes->status('SEU_HASH')
 3 SYSTEMPATH\CodeIgniter.php(499): CodeIgniter\CodeIgniter->runController(Object(App\Controllers\Inscricoes))
 4 SYSTEMPATH\CodeIgniter.php(368): CodeIgniter\CodeIgniter->handleRequest(null, Object(Config\Cache), false)
 5 FCPATH\index.php(67): CodeIgniter\CodeIgniter->run()
CRITICAL - 2025-10-03 14:17:53 --> Undefined variable $grp_hashkey
in APPPATH\Controllers\Inscricoes.php on line 2260.
 1 APPPATH\Controllers\Inscricoes.php(2260): CodeIgniter\Debug\Exceptions->errorHandler(2, 'Undefined variable $grp_hashkey', 'C:\\xampp\\htdocs\\FestOn\\app\\Controllers\\Inscricoes.php', 2260)
 2 SYSTEMPATH\CodeIgniter.php(934): App\Controllers\Inscricoes->doacoes('a05b6bb1704f3787f69a7b1d8fe406c3')
 3 SYSTEMPATH\CodeIgniter.php(499): CodeIgniter\CodeIgniter->runController(Object(App\Controllers\Inscricoes))
 4 SYSTEMPATH\CodeIgniter.php(368): CodeIgniter\CodeIgniter->handleRequest(null, Object(Config\Cache), false)
 5 FCPATH\index.php(67): CodeIgniter\CodeIgniter->run()
CRITICAL - 2025-10-03 14:17:57 --> Undefined variable $grp_hashkey
in APPPATH\Controllers\Inscricoes.php on line 2260.
 1 APPPATH\Controllers\Inscricoes.php(2260): CodeIgniter\Debug\Exceptions->errorHandler(2, 'Undefined variable $grp_hashkey', 'C:\\xampp\\htdocs\\FestOn\\app\\Controllers\\Inscricoes.php', 2260)
 2 SYSTEMPATH\CodeIgniter.php(934): App\Controllers\Inscricoes->doacoes('a05b6bb1704f3787f69a7b1d8fe406c3')
 3 SYSTEMPATH\CodeIgniter.php(499): CodeIgniter\CodeIgniter->runController(Object(App\Controllers\Inscricoes))
 4 SYSTEMPATH\CodeIgniter.php(368): CodeIgniter\CodeIgniter->handleRequest(null, Object(Config\Cache), false)
 5 FCPATH\index.php(67): CodeIgniter\CodeIgniter->run()
CRITICAL - 2025-10-03 14:18:13 --> Undefined variable $grp_hashkey
in APPPATH\Controllers\Inscricoes.php on line 2260.
 1 APPPATH\Controllers\Inscricoes.php(2260): CodeIgniter\Debug\Exceptions->errorHandler(2, 'Undefined variable $grp_hashkey', 'C:\\xampp\\htdocs\\FestOn\\app\\Controllers\\Inscricoes.php', 2260)
 2 SYSTEMPATH\CodeIgniter.php(934): App\Controllers\Inscricoes->doacoes('a05b6bb1704f3787f69a7b1d8fe406c3')
 3 SYSTEMPATH\CodeIgniter.php(499): CodeIgniter\CodeIgniter->runController(Object(App\Controllers\Inscricoes))
 4 SYSTEMPATH\CodeIgniter.php(368): CodeIgniter\CodeIgniter->handleRequest(null, Object(Config\Cache), false)
 5 FCPATH\index.php(67): CodeIgniter\CodeIgniter->run()
CRITICAL - 2025-10-03 14:18:27 --> Undefined variable $grevt_hashkey
in APPPATH\Views\inscricoes\status.php on line 41.
 1 APPPATH\Views\inscricoes\status.php(41): CodeIgniter\Debug\Exceptions->errorHandler(2, 'Undefined variable $grevt_hashkey', 'C:\\xampp\\htdocs\\FestOn\\app\\Views\\inscricoes\\status.php', 41)
 2 SYSTEMPATH\View\View.php(213): include('C:\\xampp\\htdocs\\FestOn\\app\\Views\\inscricoes\\status.php')
 3 SYSTEMPATH\View\View.php(216): CodeIgniter\View\View->CodeIgniter\View\{closure}()
 4 SYSTEMPATH\Common.php(1184): CodeIgniter\View\View->render('inscricoes/status', [], true)
 5 APPPATH\Controllers\Inscricoes.php(2948): view('inscricoes/status', [...])
 6 SYSTEMPATH\CodeIgniter.php(934): App\Controllers\Inscricoes->status('d1204c4e3efce25fc19df207abf1feee')
 7 SYSTEMPATH\CodeIgniter.php(499): CodeIgniter\CodeIgniter->runController(Object(App\Controllers\Inscricoes))
 8 SYSTEMPATH\CodeIgniter.php(368): CodeIgniter\CodeIgniter->handleRequest(null, Object(Config\Cache), false)
 9 FCPATH\index.php(67): CodeIgniter\CodeIgniter->run()
CRITICAL - 2025-10-03 14:20:06 --> Undefined variable $grevt_hashkey
in APPPATH\Views\inscricoes\status.php on line 418.
 1 APPPATH\Views\inscricoes\status.php(418): CodeIgniter\Debug\Exceptions->errorHandler(2, 'Undefined variable $grevt_hashkey', 'C:\\xampp\\htdocs\\FestOn\\app\\Views\\inscricoes\\status.php', 418)
 2 SYSTEMPATH\View\View.php(213): include('C:\\xampp\\htdocs\\FestOn\\app\\Views\\inscricoes\\status.php')
 3 SYSTEMPATH\View\View.php(216): CodeIgniter\View\View->CodeIgniter\View\{closure}()
 4 SYSTEMPATH\Common.php(1184): CodeIgniter\View\View->render('inscricoes/status', [], true)
 5 APPPATH\Controllers\Inscricoes.php(2947): view('inscricoes/status', [...])
 6 SYSTEMPATH\CodeIgniter.php(934): App\Controllers\Inscricoes->status('d1204c4e3efce25fc19df207abf1feee')
 7 SYSTEMPATH\CodeIgniter.php(499): CodeIgniter\CodeIgniter->runController(Object(App\Controllers\Inscricoes))
 8 SYSTEMPATH\CodeIgniter.php(368): CodeIgniter\CodeIgniter->handleRequest(null, Object(Config\Cache), false)
 9 FCPATH\index.php(67): CodeIgniter\CodeIgniter->run()
CRITICAL - 2025-10-03 14:20:07 --> Undefined variable $grevt_hashkey
in APPPATH\Views\inscricoes\status.php on line 418.
 1 APPPATH\Views\inscricoes\status.php(418): CodeIgniter\Debug\Exceptions->errorHandler(2, 'Undefined variable $grevt_hashkey', 'C:\\xampp\\htdocs\\FestOn\\app\\Views\\inscricoes\\status.php', 418)
 2 SYSTEMPATH\View\View.php(213): include('C:\\xampp\\htdocs\\FestOn\\app\\Views\\inscricoes\\status.php')
 3 SYSTEMPATH\View\View.php(216): CodeIgniter\View\View->CodeIgniter\View\{closure}()
 4 SYSTEMPATH\Common.php(1184): CodeIgniter\View\View->render('inscricoes/status', [], true)
 5 APPPATH\Controllers\Inscricoes.php(2947): view('inscricoes/status', [...])
 6 SYSTEMPATH\CodeIgniter.php(934): App\Controllers\Inscricoes->status('d1204c4e3efce25fc19df207abf1feee')
 7 SYSTEMPATH\CodeIgniter.php(499): CodeIgniter\CodeIgniter->runController(Object(App\Controllers\Inscricoes))
 8 SYSTEMPATH\CodeIgniter.php(368): CodeIgniter\CodeIgniter->handleRequest(null, Object(Config\Cache), false)
 9 FCPATH\index.php(67): CodeIgniter\CodeIgniter->run()
ERROR - 2025-10-03 16:13:31 --> mysqli_sql_exception: Unknown column 'A.crit_id' in 'on clause' in C:\xampp\htdocs\FestOn\system\Database\MySQLi\Connection.php:295
Stack trace:
#0 C:\xampp\htdocs\FestOn\system\Database\MySQLi\Connection.php(295): mysqli->query('SELECT `A`.*, `...', 0)
#1 C:\xampp\htdocs\FestOn\system\Database\BaseConnection.php(692): CodeIgniter\Database\MySQLi\Connection->execute('SELECT `A`.*, `...')
#2 C:\xampp\htdocs\FestOn\system\Database\BaseConnection.php(606): CodeIgniter\Database\BaseConnection->simpleQuery('SELECT `A`.*, `...')
#3 C:\xampp\htdocs\FestOn\system\Database\BaseBuilder.php(1616): CodeIgniter\Database\BaseConnection->query('SELECT `A`.*, `...', Array, false)
#4 C:\xampp\htdocs\FestOn\app\Models\AvaliacoesModel.php(42): CodeIgniter\Database\BaseBuilder->get()
#5 C:\xampp\htdocs\FestOn\app\Controllers\Jurados.php(122): App\Models\AvaliacoesModel->get_avaliacoes_by_jurado_coreografia(1, '2')
#6 C:\xampp\htdocs\FestOn\system\CodeIgniter.php(934): App\Controllers\Jurados->index('6f9e10989c6ccf2...')
#7 C:\xampp\htdocs\FestOn\system\CodeIgniter.php(499): CodeIgniter\CodeIgniter->runController(Object(App\Controllers\Jurados))
#8 C:\xampp\htdocs\FestOn\system\CodeIgniter.php(368): CodeIgniter\CodeIgniter->handleRequest(NULL, Object(Config\Cache), false)
#9 C:\xampp\htdocs\FestOn\public\index.php(67): CodeIgniter\CodeIgniter->run()
#10 {main}
CRITICAL - 2025-10-03 16:13:31 --> Unknown column 'A.crit_id' in 'on clause'
in SYSTEMPATH\Database\MySQLi\Connection.php on line 295.
 1 SYSTEMPATH\Database\MySQLi\Connection.php(295): mysqli->query('SELECT `A`.*, `C`.`crit_titulo`
FROM `tbl_avaliacoes` `A`
LEFT JOIN `tbl_criterios` `C` ON `C`.`crit_id` = `A`.`crit_id`
WHERE `A`.`jurd_id` = 1
AND `A`.`corgf_id` = 2
AND `A`.`aval_ativo` = 1
ORDER BY `C`.`crit_titulo` ASC', 0)
 2 SYSTEMPATH\Database\BaseConnection.php(692): CodeIgniter\Database\MySQLi\Connection->execute('SELECT `A`.*, `C`.`crit_titulo`
FROM `tbl_avaliacoes` `A`
LEFT JOIN `tbl_criterios` `C` ON `C`.`crit_id` = `A`.`crit_id`
WHERE `A`.`jurd_id` = 1
AND `A`.`corgf_id` = 2
AND `A`.`aval_ativo` = 1
ORDER BY `C`.`crit_titulo` ASC')
 3 SYSTEMPATH\Database\BaseConnection.php(606): CodeIgniter\Database\BaseConnection->simpleQuery('SELECT `A`.*, `C`.`crit_titulo`
FROM `tbl_avaliacoes` `A`
LEFT JOIN `tbl_criterios` `C` ON `C`.`crit_id` = `A`.`crit_id`
WHERE `A`.`jurd_id` = 1
AND `A`.`corgf_id` = 2
AND `A`.`aval_ativo` = 1
ORDER BY `C`.`crit_titulo` ASC')
 4 SYSTEMPATH\Database\BaseBuilder.php(1616): CodeIgniter\Database\BaseConnection->query('SELECT `A`.*, `C`.`crit_titulo`
FROM `tbl_avaliacoes` `A`
LEFT JOIN `tbl_criterios` `C` ON `C`.`crit_id` = `A`.`crit_id`
WHERE `A`.`jurd_id` = :A.jurd_id:
AND `A`.`corgf_id` = :A.corgf_id:
AND `A`.`aval_ativo` = :A.aval_ativo:
ORDER BY `C`.`crit_titulo` ASC', [...], false)
 5 APPPATH\Models\AvaliacoesModel.php(42): CodeIgniter\Database\BaseBuilder->get()
 6 APPPATH\Controllers\Jurados.php(122): App\Models\AvaliacoesModel->get_avaliacoes_by_jurado_coreografia(1, '2')
 7 SYSTEMPATH\CodeIgniter.php(934): App\Controllers\Jurados->index('6f9e10989c6ccf2e88b23c5679b2fe5e')
 8 SYSTEMPATH\CodeIgniter.php(499): CodeIgniter\CodeIgniter->runController(Object(App\Controllers\Jurados))
 9 SYSTEMPATH\CodeIgniter.php(368): CodeIgniter\CodeIgniter->handleRequest(null, Object(Config\Cache), false)
10 FCPATH\index.php(67): CodeIgniter\CodeIgniter->run()
